 Downloading crates ...
  Downloaded ciborium v0.2.2
  Downloaded tinytemplate v1.2.1
  Downloaded plotters-backend v0.3.7
  Downloaded oorandom v11.1.5
  Downloaded half v2.7.1
  Downloaded criterion-plot v0.5.0
  Downloaded itertools v0.10.5
  Downloaded plotters v0.3.7
  Downloaded criterion v0.5.1
  Downloaded ciborium-ll v0.2.2
  Downloaded ciborium-io v0.2.2
  Downloaded cast v0.3.0
  Downloaded anes v0.1.6
  Downloaded plotters-svg v0.3.7
  Downloaded is-terminal v0.4.17
   Compiling cfg-if v1.0.4
   Compiling memchr v2.7.6
   Compiling value-bag v1.12.0
   Compiling smallvec v1.15.1
   Compiling once_cell v1.21.3
   Compiling pin-project-lite v0.2.16
   Compiling itoa v1.0.15
   Compiling futures-core v0.3.31
   Compiling libc v0.2.178
   Compiling serde_core v1.0.228
   Compiling bitflags v2.10.0
   Compiling equivalent v1.0.2
   Compiling hashbrown v0.16.1
   Compiling typenum v1.19.0
   Compiling subtle v2.6.1
   Compiling futures-io v0.3.31
   Compiling slab v0.4.11
   Compiling scopeguard v1.2.0
   Compiling log v0.4.29
   Compiling futures-sink v0.3.31
   Compiling tracing-core v0.1.35
   Compiling cpufeatures v0.2.17
   Compiling const-oid v0.9.6
   Compiling lock_api v0.4.14
   Compiling zerofrom v0.1.6
   Compiling stable_deref_trait v1.2.1
   Compiling zeroize v1.8.2
   Compiling linux-raw-sys v0.11.0
   Compiling pin-utils v0.1.0
   Compiling futures-channel v0.3.31
   Compiling zerocopy v0.8.31
   Compiling yoke v0.8.1
   Compiling zerocopy-derive v0.8.31
   Compiling fnv v1.0.7
   Compiling futures-task v0.3.31
   Compiling ryu v1.0.20
   Compiling crossbeam-utils v0.8.21
   Compiling libm v0.2.15
   Compiling tracing v0.1.43
   Compiling zerovec v0.11.5
   Compiling litemap v0.8.1
   Compiling writeable v0.6.2
   Compiling futures-util v0.3.31
   Compiling zerotrie v0.2.3
   Compiling httparse v1.10.1
   Compiling generic-array v0.14.7
   Compiling icu_normalizer_data v2.1.1
   Compiling tower-service v0.3.3
   Compiling icu_properties_data v2.1.2
   Compiling percent-encoding v2.3.2
   Compiling aho-corasick v1.1.4
   Compiling regex-syntax v0.8.8
   Compiling libloading v0.8.9
   Compiling atomic-waker v1.1.2
   Compiling tinystr v0.8.2
   Compiling potential_utf v0.1.4
   Compiling try-lock v0.2.5
   Compiling untrusted v0.9.0
   Compiling thiserror v2.0.17
   Compiling block-buffer v0.10.4
   Compiling getrandom v0.2.16
   Compiling signal-hook-registry v1.4.7
   Compiling parking_lot_core v0.9.12
   Compiling mio v1.1.1
   Compiling socket2 v0.6.1
   Compiling icu_locale_core v2.1.1
   Compiling num-traits v0.2.19
   Compiling icu_collections v2.1.1
   Compiling getrandom v0.3.4
   Compiling rand_core v0.6.4
   Compiling parking_lot v0.12.5
   Compiling rustix v1.1.2
   Compiling serde v1.0.228
   Compiling crypto-common v0.1.7
   Compiling indexmap v2.12.1
   Compiling ring v0.17.14
   Compiling dlib v0.5.2
   Compiling digest v0.10.7
   Compiling want v0.3.1
   Compiling httpdate v1.0.3
   Compiling utf8_iter v1.0.4
   Compiling wayland-sys v0.31.7
   Compiling form_urlencoded v1.2.2
   Compiling scoped-tls v1.0.1
   Compiling icu_provider v2.1.1
   Compiling downcast-rs v1.2.1
   Compiling bytes v1.11.0
   Compiling block-padding v0.3.3
   Compiling concurrent-queue v2.5.0
   Compiling quick-xml v0.37.5
   Compiling parking v2.2.1
   Compiling spin v0.9.8
   Compiling serde_json v1.0.145
   Compiling regex-automata v0.4.13
   Compiling fastrand v2.3.0
   Compiling icu_properties v2.1.2
   Compiling inout v0.1.4
   Compiling mime v0.3.17
   Compiling base64 v0.22.1
   Compiling cipher v0.4.4
   Compiling icu_normalizer v2.1.1
   Compiling tokio v1.48.0
   Compiling http v1.4.0
   Compiling strsim v0.11.1
   Compiling ipnet v2.11.0
   Compiling wayland-scanner v0.31.7
   Compiling foreign-types-shared v0.1.1
   Compiling ucd-trie v0.1.7
   Compiling ppv-lite86 v0.2.21
   Compiling foreign-types v0.3.2
   Compiling pest v2.8.4
   Compiling crc32fast v1.5.0
   Compiling openssl-sys v0.9.111
   Compiling sha2 v0.10.9
   Compiling sha1 v0.10.6
   Compiling idna_adapter v1.2.1
   Compiling tower-layer v0.3.3
   Compiling http-body v1.0.1
   Compiling idna v1.1.0
   Compiling http v0.2.12
   Compiling event-listener v5.4.1
   Compiling lazy_static v1.5.0
   Compiling serde_urlencoded v0.7.1
   Compiling rand_core v0.9.3
   Compiling openssl-probe v0.1.6
   Compiling num-conv v0.1.0
   Compiling data-encoding v2.9.0
   Compiling powerfmt v0.2.0
   Compiling base64ct v1.8.1
   Compiling time-core v0.1.6
   Compiling rand_chacha v0.9.0
   Compiling event-listener-strategy v0.5.4
   Compiling regex v1.12.2
   Compiling deranged v0.5.5
   Compiling url v2.5.7
   Compiling time-macros v0.2.24
   Compiling http-body-util v0.1.3
   Compiling rand_chacha v0.3.1
   Compiling wayland-backend v0.3.11
   Compiling polling v3.11.0
   Compiling openssl v0.10.75
   Compiling futures-lite v2.6.1
   Compiling sync_wrapper v1.0.2
   Compiling encoding_rs v0.8.35
   Compiling same-file v1.0.6
   Compiling utf-8 v0.7.6
   Compiling byteorder v1.5.0
   Compiling utf8parse v0.2.2
   Compiling iana-time-zone v0.1.64
   Compiling either v1.15.0
   Compiling anstyle-parse v0.2.7
   Compiling walkdir v2.5.0
   Compiling chrono v0.4.42
   Compiling thiserror v1.0.69
   Compiling rand v0.8.5
   Compiling http-body v0.4.6
   Compiling rand v0.9.2
   Compiling wayland-client v0.31.11
   Compiling sct v0.7.1
   Compiling rustls-webpki v0.101.7
   Compiling num-integer v0.1.46
   Compiling socket2 v0.5.10
   Compiling rustls-pki-types v1.13.1
   Compiling time v0.3.44
   Compiling anstyle v1.0.13
   Compiling is_terminal_polyfill v1.70.2
   Compiling anstyle-query v1.1.5
   Compiling minimal-lexical v0.2.1
   Compiling base64 v0.21.7
   Compiling async-task v4.7.1
   Compiling colorchoice v1.0.4
   Compiling rustls v0.21.12
   Compiling darling_core v0.20.11
   Compiling anstream v0.6.21
   Compiling nom v7.1.3
   Compiling calloop v0.14.3
   Compiling pest_meta v2.8.4
   Compiling pem-rfc7468 v0.7.0
   Compiling async-channel v2.5.0
   Compiling piper v0.2.4
   Compiling wayland-protocols v0.32.9
   Compiling hmac v0.12.1
   Compiling tokio-util v0.7.17
   Compiling tower v0.5.2
   Compiling universal-hash v0.5.1
   Compiling uuid v1.19.0
   Compiling crossbeam-epoch v0.9.18
   Compiling native-tls v0.2.14
   Compiling xcursor v0.3.10
   Compiling opaque-debug v0.3.1
   Compiling constant_time_eq v0.3.1
   Compiling h2 v0.4.12
   Compiling h2 v0.3.27
   Compiling cursor-icon v1.2.0
   Compiling tokio-native-tls v0.3.1
   Compiling zopfli v0.8.3
   Compiling wayland-cursor v0.31.11
   Compiling toml_edit v0.23.9
   Compiling rusticata-macros v4.1.0
   Compiling wayland-csd-frame v0.3.0
   Compiling crossbeam-deque v0.8.6
   Compiling async-graphql-value v7.0.17
   Compiling pest_generator v2.8.4
   Compiling tokio-rustls v0.24.1
   Compiling calloop-wayland-source v0.4.1
   Compiling blocking v1.6.2
   Compiling der v0.7.10
   Compiling async-executor v1.13.3
   Compiling async-io v2.6.0
   Compiling flate2 v1.1.5
   Compiling rustls-webpki v0.103.8
   Compiling darling_macro v0.20.11
   Compiling tungstenite v0.28.0
   Compiling gethostname v1.1.0
   Compiling async-lock v3.4.1
   Compiling memmap2 v0.9.9
   Compiling thread_local v1.1.9
   Compiling clap_lex v0.7.6
   Compiling xkeysym v0.2.1
   Compiling event-listener v2.5.3
   Compiling adler2 v2.0.1
   Compiling arrayvec v0.7.6
   Compiling xml-rs v0.8.28
   Compiling unicase v2.8.1
   Compiling hex v0.4.3
   Compiling x11rb-protocol v0.13.2
   Compiling arrayref v0.3.9
   Compiling simd-adler32 v0.3.8
   Compiling Inflector v0.11.4
   Compiling blake2b_simd v1.0.3
   Compiling mime_guess v2.0.5
   Compiling miniz_oxide v0.8.9
   Compiling tokio-tungstenite v0.28.0
   Compiling async-global-executor v2.4.1
   Compiling darling v0.20.11
   Compiling async-channel v1.9.0
   Compiling clap_builder v4.5.53
   Compiling spki v0.7.3
   Compiling rustls v0.23.35
   Compiling asn1-rs v0.7.1
   Compiling async-stream v0.3.6
   Compiling zip v3.0.0
   Compiling pest_derive v2.8.4
   Compiling rust-embed-utils v8.9.0
   Compiling nix v0.30.1
   Compiling proc-macro-crate v3.4.0
   Compiling async-graphql-parser v7.0.17
   Compiling rustls-pemfile v1.0.4
   Compiling axum-core v0.5.5
   Compiling hyper v1.8.1
   Compiling hyper v0.14.32
   Compiling aes v0.8.4
   Compiling chacha20 v0.9.1
   Compiling wayland-protocols-experimental v20250721.0.1
   Compiling wayland-protocols-wlr v0.3.9
   Compiling wayland-protocols-misc v0.3.9
   Compiling signature v2.2.0
   Compiling serde_path_to_error v0.1.20
   Compiling kv-log-macro v1.0.7
   Compiling sync_wrapper v0.1.2
   Compiling webpki-roots v0.25.4
   Compiling urlencoding v2.1.3
   Compiling crc-catalog v2.4.0
   Compiling tap v1.0.1
   Compiling hyper-util v0.1.19
   Compiling matchit v0.8.4
   Compiling unicode-width v0.2.2
   Compiling hashbrown v0.14.5
   Compiling ascii_utils v0.9.3
   Compiling wyz v0.5.1
   Compiling crc v3.4.0
   Compiling async-std v1.13.2
   Compiling smithay-client-toolkit v0.20.0
   Compiling console v0.16.1
   Compiling fast_chemail v0.9.6
   Compiling utoipa-gen v5.4.0
   Compiling clap v4.5.53
   Compiling dashmap v5.5.3
   Compiling utoipa-swagger-ui v9.0.2
   Compiling handlebars v5.1.2
   Compiling os_info v3.13.0
   Compiling tokio-rustls v0.26.4
   Compiling x11rb v0.13.2
   Compiling async-graphql-derive v7.0.17
   Compiling rust-embed-impl v8.9.0
   Compiling pkcs8 v0.10.2
   Compiling smithay-clipboard v0.7.3
   Compiling axum v0.8.7
   Compiling rust-argon2 v2.1.0
   Compiling multer v3.1.0
   Compiling hyper-tls v0.5.0
   Compiling hyper-rustls v0.24.2
   Compiling x11-clipboard v0.9.3
   Compiling signal-hook v0.3.18
   Compiling reqwest v0.11.27
   Compiling xmltree v0.10.3
   Compiling radium v0.7.0
   Compiling rayon-core v1.13.0
   Compiling fuzzy-matcher v0.3.7
   Compiling tokio-stream v0.1.17
   Compiling polyval v0.6.2
   Compiling webpki-roots v1.0.4
   Compiling num-iter v0.1.45
   Compiling num-bigint v0.4.6
   Compiling itertools v0.14.0
   Compiling env_filter v0.1.4
   Compiling tempfile v3.23.0
   Compiling cbc v0.1.2
   Compiling twofish v0.7.1
   Compiling salsa20 v0.10.2
   Compiling multimap v0.9.1
   Compiling aead v0.5.2
   Compiling secstr v0.5.1
   Compiling base32 v0.5.1
   Compiling funty v2.0.0
   Compiling tinyvec_macros v0.1.1
   Compiling static_assertions_next v1.1.2
   Compiling fastrand v1.9.0
   Compiling termcolor v1.4.1
   Compiling block-modes v0.9.1
   Compiling jiff v0.2.16
   Compiling arrayvec v0.5.2
   Compiling futures-timer v3.0.3
   Compiling hex-literal v1.1.0
   Compiling md5 v0.7.0
   Compiling iri-string v0.7.9
   Compiling bitvec v1.0.1
   Compiling der-parser v10.0.0
   Compiling keepass v0.7.33
   Compiling utf8-chars v0.1.4
   Compiling minio v0.1.0
   Compiling random-string v1.1.0
   Compiling tinyvec v1.10.0
   Compiling totp-rs v5.7.0
   Compiling curve25519-dalek v4.1.3
   Compiling rust-embed v8.9.0
   Compiling hyper-rustls v0.27.7
   Compiling demand v1.8.0
   Compiling num-bigint-dig v0.8.6
   Compiling rayon v1.11.0
   Compiling ghash v0.5.1
   Compiling copypasta v0.10.2
   Compiling rmp v0.8.14
   Compiling tower-http v0.6.8
   Compiling pkcs1 v0.7.5
   Compiling utoipa v5.4.0
   Compiling hyper-tls v0.6.0
   Compiling paste v0.1.18
   Compiling ahash v0.8.12
   Compiling oid-registry v0.8.1
   Compiling anyhow v1.0.100
   Compiling ed25519 v2.2.3
   Compiling poly1305 v0.8.0
   Compiling tungstenite v0.21.0
   Compiling password-hash v0.5.0
   Compiling sharded-slab v0.1.7
   Compiling colored v2.2.0
   Compiling ctr v0.9.2
   Compiling futures-executor v0.3.31
   Compiling blake2 v0.10.6
   Compiling serde_bytes v0.11.19
   Compiling crossbeam-channel v0.5.15
   Compiling crossbeam-queue v0.3.12
   Compiling tracing-log v0.2.0
   Compiling home v0.5.12
   Compiling nu-ansi-term v0.50.3
   Compiling argon2 v0.5.3
   Compiling env_logger v0.11.8
   Compiling bson v2.15.0
   Compiling tokio-tungstenite v0.21.0
   Compiling async-graphql v7.0.17
   Compiling futures v0.3.31
   Compiling aes-gcm v0.10.3
   Compiling chacha20poly1305 v0.10.1
   Compiling crossbeam v0.8.4
   Compiling tracing-subscriber v0.3.22
   Compiling x509-parser v0.18.0
   Compiling ed25519-dalek v2.2.0
   Compiling reqwest v0.12.25
   Compiling handlers v0.10.0
   Compiling rsa v0.9.9
   Compiling rmp-serde v1.3.0
   Compiling unicode-normalization v0.1.25
   Compiling sys-info v0.9.1
   Compiling context v3.0.0
   Compiling source v0.2.1
   Compiling tokio-test v0.4.4
   Compiling tower v0.4.13
   Compiling logs v0.7.1
   Compiling hkdf v0.12.4
   Compiling tower-http v0.5.2
   Compiling now v0.1.3
   Compiling generic-array v1.3.5
   Compiling half v2.7.1
   Compiling bincode v1.3.3
   Compiling num_cpus v1.17.0
   Compiling sqlparser v0.42.0
   Compiling check v1.0.0
   Compiling ciborium-io v0.2.2
   Compiling plotters-backend v0.3.7
   Compiling result v1.0.0
   Compiling state v0.6.0
   Compiling size v0.5.0
   Compiling stats v0.0.1
   Compiling plotters-svg v0.3.7
   Compiling ciborium-ll v0.2.2
   Compiling itertools v0.10.5
   Compiling key v1.2.6
   Compiling cast v0.3.0
   Compiling tinytemplate v1.2.1
   Compiling is-terminal v0.4.17
   Compiling ciborium v0.2.2
   Compiling plotters v0.3.7
   Compiling oorandom v11.1.5
   Compiling anes v0.1.6
   Compiling criterion-plot v0.5.0
   Compiling criterion v0.5.1
   Compiling async-graphql-axum v7.0.17
   Compiling rusty-db v0.1.0 (/home/user/rusty-db)
error: the `#[test]` attribute may only be used on a non-associated function
   --> src/transaction/types.rs:531:5
    |
531 |     #[test]
    |     ^^^^^^^ the `#[test]` macro causes a function to be run as a test and has no effect on non-functions
532 | use crate::transaction::types::{IsolationLevel, TransactionState};
    | ------------------------------------------------------------------ expected a non-associated function, found a `use` import
    |
help: replace with conditional compilation to make the item only exist when tests are being run
    |
531 -     #[test]
531 +     #[cfg(test)]
    |

error[E0252]: the name `TransactionState` is defined multiple times
   --> src/transaction/types.rs:532:49
    |
502 |     use crate::network::distributed::TransactionState;
    |         --------------------------------------------- previous import of the type `TransactionState` here
...
532 | use crate::transaction::types::{IsolationLevel, TransactionState};
    |                                                 ^^^^^^^^^^^^^^^^ `TransactionState` reimported here
    |
    = note: `TransactionState` must be defined only once in the type namespace of this module
help: you can use `as` to change the binding name of the import
    |
532 | use crate::transaction::types::{IsolationLevel, TransactionState as OtherTransactionState};
    |                                                                  ++++++++++++++++++++++++

error[E0252]: the name `IsolationLevel` is defined multiple times
   --> src/transaction/types.rs:532:33
    |
501 |     use crate::IsolationLevel;
    |         --------------------- previous import of the type `IsolationLevel` here
...
532 | use crate::transaction::types::{IsolationLevel, TransactionState};
    |                                 ^^^^^^^^^^^^^^ `IsolationLevel` reimported here
    |
    = note: `IsolationLevel` must be defined only once in the type namespace of this module
help: you can use `as` to change the binding name of the import
    |
532 | use crate::transaction::types::{IsolationLevel as OtherIsolationLevel, TransactionState};
    |                                                ++++++++++++++++++++++

error[E0252]: the name `Transaction` is defined multiple times
   --> src/transaction/types.rs:533:13
    |
503 |     use crate::transaction::{Transaction, Version};
    |                              ----------- previous import of the type `Transaction` here
...
533 |         use crate::transaction::Transaction;
    |             ^^^^^^^^^^^^^^^^^^^^^^^^^^^^^^^ `Transaction` reimported here
    |
    = note: `Transaction` must be defined only once in the type namespace of this module

error[E0432]: unresolved import `crate::network::connection_management`
  --> src/network/advanced_protocol/errors.rs:89:29
   |
89 |         use crate::network::connection_management::ConnectionState;
   |                             ^^^^^^^^^^^^^^^^^^^^^ could not find `connection_management` in `network`

error[E0432]: unresolved import `crate::catalog::ColumnType`
   --> src/analytics/view_management.rs:192:42
    |
192 |     use crate::catalog::{Schema, Column, ColumnType};
    |                                          ^^^^^^^^^^ no `ColumnType` in `catalog`
    |
    = help: consider importing one of these items instead:
            crate::api::ColumnType
            crate::storage::ColumnType
note: enum `crate::procedures::builtins::ColumnType` exists but is inaccessible
   --> src/procedures/builtins.rs:194:1
    |
194 | enum ColumnType {
    | ^^^^^^^^^^^^^^^ not accessible

warning: unused import: `Query`
 --> src/api/rest/handlers/encryption_handlers.rs:7:28
  |
7 |     extract::{State, Path, Query},
  |                            ^^^^^
  |
  = note: `#[warn(unused_imports)]` (part of `#[warn(unused)]`) on by default

warning: unused imports: `EncryptionAlgorithm` and `TdeConfig`
  --> src/api/rest/handlers/encryption_handlers.rs:14:51
   |
14 | use crate::security_vault::{SecurityVaultManager, EncryptionAlgorithm, TdeConfig};
   |                                                   ^^^^^^^^^^^^^^^^^^^  ^^^^^^^^^

error[E0433]: failed to resolve: use of undeclared type `ConnectionState`
   --> src/networking/transport/pool.rs:361:24
    |
361 |         conn.set_state(ConnectionState::Active).await.unwrap();
    |                        ^^^^^^^^^^^^^^^ use of undeclared type `ConnectionState`
    |
note: enum `crate::rac::interconnect::ConnectionState` exists but is inaccessible
   --> src/rac/interconnect.rs:360:1
    |
360 | enum ConnectionState {
    | ^^^^^^^^^^^^^^^^^^^^ not accessible
help: a struct with a similar name exists
    |
361 -         conn.set_state(ConnectionState::Active).await.unwrap();
361 +         conn.set_state(Connection::Active).await.unwrap();
    |
help: consider importing one of these enums
    |
315 +     use crate::network::ConnectionState;
    |
315 +     use crate::networking::ConnectionState;
    |
315 +     use crate::networking::pool::ConnectionState;
    |
315 +     use crate::pool::connection_pool::core::ConnectionState;
    |

error[E0433]: failed to resolve: use of undeclared type `Duration`
   --> src/networking/discovery/static_list.rs:319:30
    |
319 |             reload_interval: Duration::from_secs(60),
    |                              ^^^^^^^^ use of undeclared type `Duration`
    |
help: consider importing one of these items
    |
311 +     use crate::networking::discovery::Duration;
    |
311 +     use std::time::Duration;
    |
311 +     use chrono::Duration;
    |
311 +     use tokio::time::Duration;
    |

error[E0433]: failed to resolve: use of undeclared type `Duration`
   --> src/networking/discovery/static_list.rs:352:30
    |
352 |             reload_interval: Duration::from_secs(60),
    |                              ^^^^^^^^ use of undeclared type `Duration`
    |
help: consider importing one of these items
    |
311 +     use crate::networking::discovery::Duration;
    |
311 +     use std::time::Duration;
    |
311 +     use chrono::Duration;
    |
311 +     use tokio::time::Duration;
    |

error[E0433]: failed to resolve: use of undeclared type `HashMap`
   --> src/networking/discovery/cloud/mod.rs:411:26
    |
411 |             tag_filters: HashMap::new(),
    |                          ^^^^^^^ use of undeclared type `HashMap`
    |
help: consider importing one of these structs
    |
404 +     use crate::networking::discovery::HashMap;
    |
404 +     use std::collections::HashMap;
    |

error[E0433]: failed to resolve: use of undeclared type `HashMap`
   --> src/networking/discovery/cloud/mod.rs:426:26
    |
426 |             tag_filters: HashMap::new(),
    |                          ^^^^^^^ use of undeclared type `HashMap`
    |
help: consider importing one of these structs
    |
404 +     use crate::networking::discovery::HashMap;
    |
404 +     use std::collections::HashMap;
    |

error[E0433]: failed to resolve: use of undeclared type `NodeInfo`
   --> src/networking/api.rs:515:26
    |
515 |         let local_node = NodeInfo::new(
    |                          ^^^^^^^^ use of undeclared type `NodeInfo`
    |
note: struct `crate::networking::discovery::etcd::NodeInfo` exists but is inaccessible
   --> src/networking/discovery/etcd.rs:516:1
    |
516 | struct NodeInfo {
    | ^^^^^^^^^^^^^^^ not accessible
help: consider importing one of these structs
    |
507 +     use crate::clustering::NodeInfo;
    |
507 +     use crate::network::NodeInfo;
    |
507 +     use crate::networking::NodeInfo;
    |
507 +     use crate::networking::autodiscovery::NodeInfo;
    |

error[E0433]: failed to resolve: use of undeclared type `NodeInfo`
   --> src/networking/graphql.rs:538:26
    |
538 |         let local_node = NodeInfo::new(
    |                          ^^^^^^^^ use of undeclared type `NodeInfo`
    |
note: struct `crate::networking::discovery::etcd::NodeInfo` exists but is inaccessible
   --> src/networking/discovery/etcd.rs:516:1
    |
516 | struct NodeInfo {
    | ^^^^^^^^^^^^^^^ not accessible
help: consider importing one of these structs
    |
530 +     use crate::clustering::NodeInfo;
    |
530 +     use crate::network::NodeInfo;
    |
530 +     use crate::networking::NodeInfo;
    |
530 +     use crate::networking::autodiscovery::NodeInfo;
    |

error[E0433]: failed to resolve: use of unresolved module or unlinked crate `mem`
   --> src/security/secure_gc.rs:953:9
    |
953 |         mem::forget(data);
    |         ^^^ use of unresolved module or unlinked crate `mem`
    |
    = help: if you wanted to use a crate named `mem`, use `cargo add mem` to add it to your `Cargo.toml`
    = note: module `crate::concurrent::work_stealing::tests::mem` exists but is inaccessible
help: consider importing this module
    |
877 +     use std::mem;
    |

error[E0433]: failed to resolve: use of undeclared type `HashSet`
   --> src/security/mod.rs:544:38
    |
544 |             authorized_compartments: HashSet::from(["SECRET".to_string()]),
    |                                      ^^^^^^^ use of undeclared type `HashSet`
    |
    = note: struct `crate::pool::session::state::tests::HashSet` exists but is inaccessible
help: consider importing this struct
    |
440 +     use std::collections::HashSet;
    |

error[E0433]: failed to resolve: use of undeclared type `HashSet`
   --> src/security/mod.rs:545:32
    |
545 |             authorized_groups: HashSet::new(),
    |                                ^^^^^^^ use of undeclared type `HashSet`
    |
    = note: struct `crate::pool::session::state::tests::HashSet` exists but is inaccessible
help: consider importing this struct
    |
440 +     use std::collections::HashSet;
    |

error[E0433]: failed to resolve: use of undeclared type `Duration`
   --> src/backup/backup_encryption.rs:630:46
    |
630 |         key.created_at = SystemTime::now() - Duration::from_secs(86400);
    |                                              ^^^^^^^^ use of undeclared type `Duration`
    |
help: consider importing one of these items
    |
598 +     use crate::memory::allocator::common::Duration;
    |
598 +     use std::time::Duration;
    |
598 +     use chrono::Duration;
    |
598 +     use tokio::time::Duration;
    |

error[E0425]: cannot find function `current_timestamp` in this scope
    --> src/flashback/transaction.rs:592:24
     |
 592 |             timestamp: current_timestamp(),
     |                        ^^^^^^^^^^^^^^^^^ not found in this scope
     |
note: these functions exist but are inaccessible
    --> src/networking/protocol/handshake.rs:367:1
     |
 367 | fn current_timestamp() -> u64 {
     | ^^^^^^^^^^^^^^^^^^^^^^^^^^^^^ `crate::networking::protocol::handshake::current_timestamp`: not accessible
     |
    ::: src/inmemory/population.rs:559:1
     |
 559 | fn current_timestamp() -> u64 {
     | ^^^^^^^^^^^^^^^^^^^^^^^^^^^^^ `crate::inmemory::population::current_timestamp`: not accessible
     |
    ::: src/inmemory/column_store.rs:724:1
     |
 724 | fn current_timestamp() -> u64 {
     | ^^^^^^^^^^^^^^^^^^^^^^^^^^^^^ `crate::inmemory::column_store::current_timestamp`: not accessible
     |
    ::: src/security/audit.rs:756:1
     |
 756 | fn current_timestamp() -> i64 {
     | ^^^^^^^^^^^^^^^^^^^^^^^^^^^^^ `crate::security::audit::current_timestamp`: not accessible
     |
    ::: src/security/authentication.rs:877:1
     |
 877 | fn current_timestamp() -> i64 {
     | ^^^^^^^^^^^^^^^^^^^^^^^^^^^^^ `crate::security::authentication::current_timestamp`: not accessible
     |
    ::: src/security/encryption.rs:712:1
     |
 712 | fn current_timestamp() -> i64 {
     | ^^^^^^^^^^^^^^^^^^^^^^^^^^^^^ `crate::security::encryption::current_timestamp`: not accessible
     |
    ::: src/security/encryption_engine.rs:1093:1
     |
1093 | fn current_timestamp() -> u64 {
     | ^^^^^^^^^^^^^^^^^^^^^^^^^^^^^ `crate::security::encryption_engine::current_timestamp`: not accessible
     |
    ::: src/security/insider_threat.rs:1356:1
     |
1356 | fn current_timestamp() -> i64 {
     | ^^^^^^^^^^^^^^^^^^^^^^^^^^^^^ `crate::security::insider_threat::current_timestamp`: not accessible
     |
    ::: src/security/labels.rs:618:1
     |
 618 | fn current_timestamp() -> i64 {
     | ^^^^^^^^^^^^^^^^^^^^^^^^^^^^^ `crate::security::labels::current_timestamp`: not accessible
     |
    ::: src/security/privileges.rs:797:1
     |
 797 | fn current_timestamp() -> i64 {
     | ^^^^^^^^^^^^^^^^^^^^^^^^^^^^^ `crate::security::privileges::current_timestamp`: not accessible
     |
    ::: src/security/rbac.rs:764:1
     |
 764 | fn current_timestamp() -> i64 {
     | ^^^^^^^^^^^^^^^^^^^^^^^^^^^^^ `crate::security::rbac::current_timestamp`: not accessible
help: consider importing one of these functions
     |
 579 +     use crate::flashback::current_timestamp;
     |
 579 +     use crate::security::security_core::common::current_timestamp;
     |

error[E0425]: cannot find function `current_timestamp` in this scope
    --> src/flashback/transaction.rs:613:24
     |
 613 |             timestamp: current_timestamp(),
     |                        ^^^^^^^^^^^^^^^^^ not found in this scope
     |
note: these functions exist but are inaccessible
    --> src/networking/protocol/handshake.rs:367:1
     |
 367 | fn current_timestamp() -> u64 {
     | ^^^^^^^^^^^^^^^^^^^^^^^^^^^^^ `crate::networking::protocol::handshake::current_timestamp`: not accessible
     |
    ::: src/inmemory/population.rs:559:1
     |
 559 | fn current_timestamp() -> u64 {
     | ^^^^^^^^^^^^^^^^^^^^^^^^^^^^^ `crate::inmemory::population::current_timestamp`: not accessible
     |
    ::: src/inmemory/column_store.rs:724:1
     |
 724 | fn current_timestamp() -> u64 {
     | ^^^^^^^^^^^^^^^^^^^^^^^^^^^^^ `crate::inmemory::column_store::current_timestamp`: not accessible
     |
    ::: src/security/audit.rs:756:1
     |
 756 | fn current_timestamp() -> i64 {
     | ^^^^^^^^^^^^^^^^^^^^^^^^^^^^^ `crate::security::audit::current_timestamp`: not accessible
     |
    ::: src/security/authentication.rs:877:1
     |
 877 | fn current_timestamp() -> i64 {
     | ^^^^^^^^^^^^^^^^^^^^^^^^^^^^^ `crate::security::authentication::current_timestamp`: not accessible
     |
    ::: src/security/encryption.rs:712:1
     |
 712 | fn current_timestamp() -> i64 {
     | ^^^^^^^^^^^^^^^^^^^^^^^^^^^^^ `crate::security::encryption::current_timestamp`: not accessible
     |
    ::: src/security/encryption_engine.rs:1093:1
     |
1093 | fn current_timestamp() -> u64 {
     | ^^^^^^^^^^^^^^^^^^^^^^^^^^^^^ `crate::security::encryption_engine::current_timestamp`: not accessible
     |
    ::: src/security/insider_threat.rs:1356:1
     |
1356 | fn current_timestamp() -> i64 {
     | ^^^^^^^^^^^^^^^^^^^^^^^^^^^^^ `crate::security::insider_threat::current_timestamp`: not accessible
     |
    ::: src/security/labels.rs:618:1
     |
 618 | fn current_timestamp() -> i64 {
     | ^^^^^^^^^^^^^^^^^^^^^^^^^^^^^ `crate::security::labels::current_timestamp`: not accessible
     |
    ::: src/security/privileges.rs:797:1
     |
 797 | fn current_timestamp() -> i64 {
     | ^^^^^^^^^^^^^^^^^^^^^^^^^^^^^ `crate::security::privileges::current_timestamp`: not accessible
     |
    ::: src/security/rbac.rs:764:1
     |
 764 | fn current_timestamp() -> i64 {
     | ^^^^^^^^^^^^^^^^^^^^^^^^^^^^^ `crate::security::rbac::current_timestamp`: not accessible
help: consider importing one of these functions
     |
 579 +     use crate::flashback::current_timestamp;
     |
 579 +     use crate::security::security_core::common::current_timestamp;
     |

error[E0425]: cannot find function `current_timestamp` in this scope
    --> src/flashback/transaction.rs:623:24
     |
 623 |             timestamp: current_timestamp(),
     |                        ^^^^^^^^^^^^^^^^^ not found in this scope
     |
note: these functions exist but are inaccessible
    --> src/networking/protocol/handshake.rs:367:1
     |
 367 | fn current_timestamp() -> u64 {
     | ^^^^^^^^^^^^^^^^^^^^^^^^^^^^^ `crate::networking::protocol::handshake::current_timestamp`: not accessible
     |
    ::: src/inmemory/population.rs:559:1
     |
 559 | fn current_timestamp() -> u64 {
     | ^^^^^^^^^^^^^^^^^^^^^^^^^^^^^ `crate::inmemory::population::current_timestamp`: not accessible
     |
    ::: src/inmemory/column_store.rs:724:1
     |
 724 | fn current_timestamp() -> u64 {
     | ^^^^^^^^^^^^^^^^^^^^^^^^^^^^^ `crate::inmemory::column_store::current_timestamp`: not accessible
     |
    ::: src/security/audit.rs:756:1
     |
 756 | fn current_timestamp() -> i64 {
     | ^^^^^^^^^^^^^^^^^^^^^^^^^^^^^ `crate::security::audit::current_timestamp`: not accessible
     |
    ::: src/security/authentication.rs:877:1
     |
 877 | fn current_timestamp() -> i64 {
     | ^^^^^^^^^^^^^^^^^^^^^^^^^^^^^ `crate::security::authentication::current_timestamp`: not accessible
     |
    ::: src/security/encryption.rs:712:1
     |
 712 | fn current_timestamp() -> i64 {
     | ^^^^^^^^^^^^^^^^^^^^^^^^^^^^^ `crate::security::encryption::current_timestamp`: not accessible
     |
    ::: src/security/encryption_engine.rs:1093:1
     |
1093 | fn current_timestamp() -> u64 {
     | ^^^^^^^^^^^^^^^^^^^^^^^^^^^^^ `crate::security::encryption_engine::current_timestamp`: not accessible
     |
    ::: src/security/insider_threat.rs:1356:1
     |
1356 | fn current_timestamp() -> i64 {
     | ^^^^^^^^^^^^^^^^^^^^^^^^^^^^^ `crate::security::insider_threat::current_timestamp`: not accessible
     |
    ::: src/security/labels.rs:618:1
     |
 618 | fn current_timestamp() -> i64 {
     | ^^^^^^^^^^^^^^^^^^^^^^^^^^^^^ `crate::security::labels::current_timestamp`: not accessible
     |
    ::: src/security/privileges.rs:797:1
     |
 797 | fn current_timestamp() -> i64 {
     | ^^^^^^^^^^^^^^^^^^^^^^^^^^^^^ `crate::security::privileges::current_timestamp`: not accessible
     |
    ::: src/security/rbac.rs:764:1
     |
 764 | fn current_timestamp() -> i64 {
     | ^^^^^^^^^^^^^^^^^^^^^^^^^^^^^ `crate::security::rbac::current_timestamp`: not accessible
help: consider importing one of these functions
     |
 579 +     use crate::flashback::current_timestamp;
     |
 579 +     use crate::security::security_core::common::current_timestamp;
     |

error[E0425]: cannot find function `current_timestamp` in this scope
    --> src/flashback/transaction.rs:645:24
     |
 645 |             timestamp: current_timestamp(),
     |                        ^^^^^^^^^^^^^^^^^ not found in this scope
     |
note: these functions exist but are inaccessible
    --> src/networking/protocol/handshake.rs:367:1
     |
 367 | fn current_timestamp() -> u64 {
     | ^^^^^^^^^^^^^^^^^^^^^^^^^^^^^ `crate::networking::protocol::handshake::current_timestamp`: not accessible
     |
    ::: src/inmemory/population.rs:559:1
     |
 559 | fn current_timestamp() -> u64 {
     | ^^^^^^^^^^^^^^^^^^^^^^^^^^^^^ `crate::inmemory::population::current_timestamp`: not accessible
     |
    ::: src/inmemory/column_store.rs:724:1
     |
 724 | fn current_timestamp() -> u64 {
     | ^^^^^^^^^^^^^^^^^^^^^^^^^^^^^ `crate::inmemory::column_store::current_timestamp`: not accessible
     |
    ::: src/security/audit.rs:756:1
     |
 756 | fn current_timestamp() -> i64 {
     | ^^^^^^^^^^^^^^^^^^^^^^^^^^^^^ `crate::security::audit::current_timestamp`: not accessible
     |
    ::: src/security/authentication.rs:877:1
     |
 877 | fn current_timestamp() -> i64 {
     | ^^^^^^^^^^^^^^^^^^^^^^^^^^^^^ `crate::security::authentication::current_timestamp`: not accessible
     |
    ::: src/security/encryption.rs:712:1
     |
 712 | fn current_timestamp() -> i64 {
     | ^^^^^^^^^^^^^^^^^^^^^^^^^^^^^ `crate::security::encryption::current_timestamp`: not accessible
     |
    ::: src/security/encryption_engine.rs:1093:1
     |
1093 | fn current_timestamp() -> u64 {
     | ^^^^^^^^^^^^^^^^^^^^^^^^^^^^^ `crate::security::encryption_engine::current_timestamp`: not accessible
     |
    ::: src/security/insider_threat.rs:1356:1
     |
1356 | fn current_timestamp() -> i64 {
     | ^^^^^^^^^^^^^^^^^^^^^^^^^^^^^ `crate::security::insider_threat::current_timestamp`: not accessible
     |
    ::: src/security/labels.rs:618:1
     |
 618 | fn current_timestamp() -> i64 {
     | ^^^^^^^^^^^^^^^^^^^^^^^^^^^^^ `crate::security::labels::current_timestamp`: not accessible
     |
    ::: src/security/privileges.rs:797:1
     |
 797 | fn current_timestamp() -> i64 {
     | ^^^^^^^^^^^^^^^^^^^^^^^^^^^^^ `crate::security::privileges::current_timestamp`: not accessible
     |
    ::: src/security/rbac.rs:764:1
     |
 764 | fn current_timestamp() -> i64 {
     | ^^^^^^^^^^^^^^^^^^^^^^^^^^^^^ `crate::security::rbac::current_timestamp`: not accessible
help: consider importing one of these functions
     |
 579 +     use crate::flashback::current_timestamp;
     |
 579 +     use crate::security::security_core::common::current_timestamp;
     |

error[E0433]: failed to resolve: use of undeclared type `ViewManager`
   --> src/analytics/mod_new.rs:215:23
    |
215 |         let manager = ViewManager::new();
    |                       ^^^^^^^^^^^ use of undeclared type `ViewManager`
    |
help: consider importing this struct
    |
211 +     use crate::analytics::view_management::ViewManager;
    |

error[E0433]: failed to resolve: use of undeclared type `QueryCache`
   --> src/analytics/mod_new.rs:222:21
    |
222 |         let cache = QueryCache::new(100);
    |                     ^^^^^^^^^^ use of undeclared type `QueryCache`
    |
help: consider importing one of these structs
    |
211 +     use crate::analytics::QueryCache;
    |
211 +     use crate::analytics::query_cache_impl::QueryCache;
    |
211 +     use crate::api::QueryCache;
    |

error[E0425]: cannot find function `sleep` in this scope
   --> src/multitenancy/container.rs:958:9
    |
958 |         sleep(Duration::from_millis(200)).await;
    |         ^^^^^ not found in this scope
    |
    = note: function `crate::autonomous::self_healing::tests::sleep` exists but is inaccessible
help: consider importing one of these functions
    |
922 +     use std::thread::sleep;
    |
922 +     use libc::sleep;
    |
922 +     use tokio::time::sleep;
    |

error[E0425]: cannot find function `sleep` in this scope
   --> src/multitenancy/provisioning.rs:829:9
    |
829 |         sleep(Duration::from_secs(2)).await;
    |         ^^^^^ not found in this scope
    |
    = note: function `crate::autonomous::self_healing::tests::sleep` exists but is inaccessible
help: consider importing one of these functions
    |
786 +     use std::thread::sleep;
    |
786 +     use libc::sleep;
    |
786 +     use tokio::time::sleep;
    |

error[E0425]: cannot find function `sleep` in this scope
   --> src/multitenant/relocation.rs:625:9
    |
625 |         sleep(Duration::from_secs(1)).await;
    |         ^^^^^ not found in this scope
    |
    = note: function `crate::autonomous::self_healing::tests::sleep` exists but is inaccessible
help: consider importing one of these functions
    |
612 +     use std::thread::sleep;
    |
612 +     use libc::sleep;
    |
612 +     use tokio::time::sleep;
    |

error[E0425]: cannot find function `sleep` in this scope
   --> src/orchestration/circuit_breaker.rs:582:9
    |
582 |         sleep(Duration::from_millis(150)).await;
    |         ^^^^^ not found in this scope
    |
    = note: function `crate::autonomous::self_healing::tests::sleep` exists but is inaccessible
help: consider importing one of these functions
    |
510 +     use std::thread::sleep;
    |
510 +     use libc::sleep;
    |
510 +     use tokio::time::sleep;
    |

error[E0425]: cannot find function `fromsecs` in crate `check`
   --> src/orchestration/health.rs:659:49
    |
659 |         let checker = HealthChecker::new(check::fromsecs(1), Default::default());
    |                                                 ^^^^^^^^ not found in `check`

error[E0433]: failed to resolve: use of undeclared type `LedgerRow`
   --> src/blockchain/verification.rs:783:19
    |
783 |         let row = LedgerRow::new(
    |                   ^^^^^^^^^ use of undeclared type `LedgerRow`
    |
help: consider importing this struct through its public re-export
    |
775 +     use crate::blockchain::LedgerRow;
    |

error[E0412]: cannot find type `HashSet` in this scope
   --> src/simd/hash.rs:410:52
    |
410 |         let unique_count = hashes.iter().collect::<HashSet<_>>().len();
    |                                                    ^^^^^^^ not found in this scope
    |
    = note: struct `crate::pool::session::state::tests::HashSet` exists but is inaccessible
help: consider importing this struct
    |
348 +     use std::collections::HashSet;
    |

error[E0412]: cannot find type `HashSet` in this scope
   --> src/simd/hash.rs:451:46
    |
451 |         let unique = hashes.iter().collect::<HashSet<_>>();
    |                                              ^^^^^^^ not found in this scope
    |
    = note: struct `crate::pool::session::state::tests::HashSet` exists but is inaccessible
help: consider importing this struct
    |
348 +     use std::collections::HashSet;
    |

error[E0433]: failed to resolve: use of undeclared type `AlertSeverity`
   --> src/api/monitoring/dashboard_api.rs:358:13
    |
358 |             AlertSeverity::Warning,
    |             ^^^^^^^^^^^^^ use of undeclared type `AlertSeverity`
    |
help: consider importing one of these enums
    |
276 +     use crate::advanced_replication::AlertSeverity;
    |
276 +     use crate::api::AlertSeverity;
    |
276 +     use crate::api::graphql::AlertSeverity;
    |
276 +     use crate::autonomous::AlertSeverity;
    |
    = and 4 other candidates

warning: unused import: `std::collections::HashMap`
   --> src/index/partial.rs:589:5
    |
589 | use std::collections::HashMap;
    |     ^^^^^^^^^^^^^^^^^^^^^^^^^
    |
    = note: `#[warn(unused_imports)]` (part of `#[warn(unused)]`) on by default

warning: unused import: `std::collections::HashMap`
   --> src/index/mod.rs:363:5
    |
363 | use std::collections::HashMap;
    |     ^^^^^^^^^^^^^^^^^^^^^^^^^

warning: unused imports: `CompressionLevel` and `Compressor`
  --> src/compression/algorithms/mod.rs:28:30
   |
28 |     use crate::compression::{Compressor, CompressionLevel};
   |                              ^^^^^^^^^^  ^^^^^^^^^^^^^^^^

warning: unused import: `crate::IsolationLevel`
   --> src/transaction/types.rs:501:9
    |
501 |     use crate::IsolationLevel;
    |         ^^^^^^^^^^^^^^^^^^^^^

warning: unused import: `TransactionState`
   --> src/transaction/types.rs:532:49
    |
532 | use crate::transaction::types::{IsolationLevel, TransactionState};
    |                                                 ^^^^^^^^^^^^^^^^

warning: unused import: `crate::transaction::Transaction`
   --> src/transaction/types.rs:533:13
    |
533 |         use crate::transaction::Transaction;
    |             ^^^^^^^^^^^^^^^^^^^^^^^^^^^^^^^

warning: unused import: `std::time::Duration`
   --> src/transaction/error.rs:357:5
    |
357 | use std::time::Duration;
    |     ^^^^^^^^^^^^^^^^^^^

warning: unused import: `std::time::UNIX_EPOCH`
   --> src/transaction/version_store.rs:334:5
    |
334 | use std::time::UNIX_EPOCH;
    |     ^^^^^^^^^^^^^^^^^^^^^

warning: unused import: `std::time::UNIX_EPOCH`
   --> src/transaction/deadlock.rs:399:5
    |
399 | use std::time::UNIX_EPOCH;
    |     ^^^^^^^^^^^^^^^^^^^^^

warning: unused import: `std::time::UNIX_EPOCH`
   --> src/transaction/mvcc.rs:735:5
    |
735 | use std::time::UNIX_EPOCH;
    |     ^^^^^^^^^^^^^^^^^^^^^

warning: unused import: `std::time::Instant`
   --> src/transaction/recovery.rs:746:5
    |
746 | use std::time::Instant;
    |     ^^^^^^^^^^^^^^^^^^

warning: unused import: `std::collections::HashMap`
   --> src/execution/subquery.rs:503:5
    |
503 | use std::collections::HashMap;
    |     ^^^^^^^^^^^^^^^^^^^^^^^^^

warning: unused import: `crate::networking::protocol::handshake::HandshakeRequest`
   --> src/networking/protocol/codec.rs:259:9
    |
259 |     use crate::networking::protocol::handshake::HandshakeRequest;
    |         ^^^^^^^^^^^^^^^^^^^^^^^^^^^^^^^^^^^^^^^^^^^^^^^^^^^^^^^^

warning: unused import: `crate::networking::types::NodeAddress`
   --> src/networking/routing/router.rs:360:9
    |
360 |     use crate::networking::types::NodeAddress;
    |         ^^^^^^^^^^^^^^^^^^^^^^^^^^^^^^^^^^^^^

warning: unused import: `std::time::UNIX_EPOCH`
    --> src/security/memory_hardening.rs:1093:5
     |
1093 | use std::time::UNIX_EPOCH;
     |     ^^^^^^^^^^^^^^^^^^^^^

warning: unused import: `std::thread::sleep`
    --> src/security/circuit_breaker.rs:1459:9
     |
1459 |     use std::thread::sleep;
     |         ^^^^^^^^^^^^^^^^^^

warning: unused import: `std::time::UNIX_EPOCH`
   --> src/backup/manager.rs:698:5
    |
698 | use std::time::UNIX_EPOCH;
    |     ^^^^^^^^^^^^^^^^^^^^^

warning: unused import: `std::time::UNIX_EPOCH`
   --> src/backup/snapshots.rs:602:9
    |
602 |     use std::time::UNIX_EPOCH;
    |         ^^^^^^^^^^^^^^^^^^^^^

warning: unused import: `std::collections::HashMap`
   --> src/backup/mod.rs:290:5
    |
290 | use std::collections::HashMap;
    |     ^^^^^^^^^^^^^^^^^^^^^^^^^

warning: unused import: `crate::flashback::system_time_to_timestamp`
   --> src/analytics/manager.rs:478:9
    |
478 |     use crate::flashback::system_time_to_timestamp;
    |         ^^^^^^^^^^^^^^^^^^^^^^^^^^^^^^^^^^^^^^^^^^

warning: unused import: `std::time::UNIX_EPOCH`
   --> src/analytics/query_rewriter.rs:560:5
    |
560 | use std::time::UNIX_EPOCH;
    |     ^^^^^^^^^^^^^^^^^^^^^

warning: unused import: `std::time::Instant`
   --> src/analytics/query_rewriter.rs:561:5
    |
561 | use std::time::Instant;
    |     ^^^^^^^^^^^^^^^^^^

warning: unused import: `std::time::SystemTime`
   --> src/analytics/query_rewriter.rs:562:5
    |
562 | use std::time::SystemTime;
    |     ^^^^^^^^^^^^^^^^^^^^^

warning: unused import: `std::time::Instant`
   --> src/analytics/quality.rs:694:5
    |
694 | use std::time::Instant;
    |     ^^^^^^^^^^^^^^^^^^

warning: unused import: `std::time::Instant`
   --> src/analytics/sampling.rs:521:5
    |
521 | use std::time::Instant;
    |     ^^^^^^^^^^^^^^^^^^

warning: unused import: `std::time::Instant`
   --> src/analytics/query_statistics.rs:602:5
    |
602 | use std::time::Instant;
    |     ^^^^^^^^^^^^^^^^^^

warning: unused import: `std::time::Instant`
   --> src/analytics/compression.rs:666:5
    |
666 | use std::time::Instant;
    |     ^^^^^^^^^^^^^^^^^^

warning: unused import: `std::time::SystemTime`
   --> src/analytics/cube.rs:617:5
    |
617 | use std::time::SystemTime;
    |     ^^^^^^^^^^^^^^^^^^^^^

warning: unused import: `std::time::Duration`
   --> src/analytics/warehouse.rs:656:5
    |
656 | use std::time::Duration;
    |     ^^^^^^^^^^^^^^^^^^^

warning: unused import: `std::time::UNIX_EPOCH`
   --> src/inmemory/column_store.rs:734:5
    |
734 | use std::time::UNIX_EPOCH;
    |     ^^^^^^^^^^^^^^^^^^^^^

warning: unused import: `std::time::Instant`
   --> src/inmemory/compression.rs:781:5
    |
781 | use std::time::Instant;
    |     ^^^^^^^^^^^^^^^^^^

warning: unused import: `std::time::Instant`
   --> src/inmemory/join_engine.rs:532:5
    |
532 | use std::time::Instant;
    |     ^^^^^^^^^^^^^^^^^^

warning: unused import: `std::time::UNIX_EPOCH`
   --> src/multitenancy/container.rs:923:5
    |
923 | use std::time::UNIX_EPOCH;
    |     ^^^^^^^^^^^^^^^^^^^^^

warning: unused import: `std::time::UNIX_EPOCH`
   --> src/multitenancy/tenant.rs:900:5
    |
900 | use std::time::UNIX_EPOCH;
    |     ^^^^^^^^^^^^^^^^^^^^^

warning: unused import: `std::time::UNIX_EPOCH`
   --> src/multitenant/pdb.rs:821:5
    |
821 | use std::time::UNIX_EPOCH;
    |     ^^^^^^^^^^^^^^^^^^^^^

warning: unused import: `std::time::UNIX_EPOCH`
   --> src/multitenant/tenant.rs:729:5
    |
729 | use std::time::UNIX_EPOCH;
    |     ^^^^^^^^^^^^^^^^^^^^^

warning: unused import: `std::time::UNIX_EPOCH`
   --> src/multitenant/shared.rs:597:5
    |
597 | use std::time::UNIX_EPOCH;
    |     ^^^^^^^^^^^^^^^^^^^^^

warning: unused import: `std::time::UNIX_EPOCH`
    --> src/graph/property_graph.rs:1162:5
     |
1162 | use std::time::UNIX_EPOCH;
     |     ^^^^^^^^^^^^^^^^^^^^^

warning: unused import: `std::time::SystemTime`
    --> src/graph/property_graph.rs:1163:5
     |
1163 | use std::time::SystemTime;
     |     ^^^^^^^^^^^^^^^^^^^^^

warning: unused import: `std::time::Instant`
    --> src/graph/query_engine.rs:1137:5
     |
1137 | use std::time::Instant;
     |     ^^^^^^^^^^^^^^^^^^

warning: unused import: `std::time::UNIX_EPOCH`
   --> src/advanced_replication/gds.rs:676:5
    |
676 | use std::time::UNIX_EPOCH;
    |     ^^^^^^^^^^^^^^^^^^^^^

warning: unused import: `std::time::UNIX_EPOCH`
   --> src/advanced_replication/conflicts.rs:834:5
    |
834 | use std::time::UNIX_EPOCH;
    |     ^^^^^^^^^^^^^^^^^^^^^

warning: unused import: `std::time::UNIX_EPOCH`
   --> src/advanced_replication/monitoring.rs:650:5
    |
650 | use std::time::UNIX_EPOCH;
    |     ^^^^^^^^^^^^^^^^^^^^^

warning: unused import: `std::time::Instant`
   --> src/clustering/failover.rs:252:5
    |
252 | use std::time::Instant;
    |     ^^^^^^^^^^^^^^^^^^

warning: unused import: `std::time::UNIX_EPOCH`
   --> src/rac/mod.rs:739:5
    |
739 | use std::time::UNIX_EPOCH;
    |     ^^^^^^^^^^^^^^^^^^^^^

warning: unused import: `std::collections::HashMap`
   --> src/orchestration/circuit_breaker.rs:511:5
    |
511 | use std::collections::HashMap;
    |     ^^^^^^^^^^^^^^^^^^^^^^^^^

warning: unused import: `std::time::Instant`
   --> src/orchestration/plugin.rs:639:5
    |
639 | use std::time::Instant;
    |     ^^^^^^^^^^^^^^^^^^

warning: unused import: `std::time::UNIX_EPOCH`
   --> src/event_processing/sourcing.rs:711:5
    |
711 | use std::time::UNIX_EPOCH;
    |     ^^^^^^^^^^^^^^^^^^^^^

warning: unused import: `std::time::UNIX_EPOCH`
    --> src/event_processing/windows.rs:1004:5
     |
1004 | use std::time::UNIX_EPOCH;
     |     ^^^^^^^^^^^^^^^^^^^^^

warning: unused import: `std::time::UNIX_EPOCH`
   --> src/ml_engine/model_store.rs:646:5
    |
646 | use std::time::UNIX_EPOCH;
    |     ^^^^^^^^^^^^^^^^^^^^^

warning: unused import: `std::time::Instant`
   --> src/ml_engine/scoring.rs:603:5
    |
603 | use std::time::Instant;
    |     ^^^^^^^^^^^^^^^^^^

warning: unused import: `std::time::Instant`
   --> src/ml_engine/automl.rs:673:5
    |
673 | use std::time::Instant;
    |     ^^^^^^^^^^^^^^^^^^

warning: unused import: `std::collections::HashMap`
   --> src/ml_engine/timeseries.rs:716:5
    |
716 | use std::collections::HashMap;
    |     ^^^^^^^^^^^^^^^^^^^^^^^^^

warning: unused import: `std::time::UNIX_EPOCH`
   --> src/autonomous/self_tuning.rs:882:5
    |
882 | use std::time::UNIX_EPOCH;
    |     ^^^^^^^^^^^^^^^^^^^^^

warning: unused import: `std::time::Duration`
   --> src/autonomous/mod.rs:254:5
    |
254 | use std::time::Duration;
    |     ^^^^^^^^^^^^^^^^^^^

warning: unused import: `std::time::SystemTime`
   --> src/autonomous/mod.rs:255:5
    |
255 | use std::time::SystemTime;
    |     ^^^^^^^^^^^^^^^^^^^^^

warning: unused import: `std::time::UNIX_EPOCH`
   --> src/document_store/document.rs:621:5
    |
621 | use std::time::UNIX_EPOCH;
    |     ^^^^^^^^^^^^^^^^^^^^^

warning: unused import: `std::time::UNIX_EPOCH`
   --> src/document_store/indexing.rs:776:5
    |
776 | use std::time::UNIX_EPOCH;
    |     ^^^^^^^^^^^^^^^^^^^^^

warning: unused import: `std::time::UNIX_EPOCH`
   --> src/document_store/changes.rs:695:5
    |
695 | use std::time::UNIX_EPOCH;
    |     ^^^^^^^^^^^^^^^^^^^^^

warning: unused import: `std::time::SystemTime`
   --> src/optimizer_pro/transformations.rs:759:5
    |
759 | use std::time::SystemTime;
    |     ^^^^^^^^^^^^^^^^^^^^^

warning: unused import: `std::time::SystemTime`
   --> src/optimizer_pro/hints.rs:737:5
    |
737 | use std::time::SystemTime;
    |     ^^^^^^^^^^^^^^^^^^^^^

warning: unused import: `std::collections::VecDeque`
   --> src/resource_manager/io_scheduler.rs:793:5
    |
793 | use std::collections::VecDeque;
    |     ^^^^^^^^^^^^^^^^^^^^^^^^^^

warning: unused import: `std::time::Duration`
   --> src/pool/session/state.rs:430:5
    |
430 | use std::time::Duration;
    |     ^^^^^^^^^^^^^^^^^^^

warning: unused import: `std::time::SystemTime`
   --> src/io/file_manager.rs:738:5
    |
738 | use std::time::SystemTime;
    |     ^^^^^^^^^^^^^^^^^^^^^

warning: unused import: `Query`
 --> src/api/rest/handlers/encryption_handlers.rs:7:28
  |
7 |     extract::{State, Path, Query},
  |                            ^^^^^

warning: unused import: `axum::body::Body`
   --> src/api/rest/middleware.rs:544:9
    |
544 |     use axum::body::Body;
    |         ^^^^^^^^^^^^^^^^

warning: unused import: `std::time::Duration`
   --> src/api/rest/middleware.rs:545:5
    |
545 | use std::time::Duration;
    |     ^^^^^^^^^^^^^^^^^^^

warning: unused import: `std::time::UNIX_EPOCH`
   --> src/api/rest/middleware.rs:546:5
    |
546 | use std::time::UNIX_EPOCH;
    |     ^^^^^^^^^^^^^^^^^^^^^

warning: unused import: `std::collections::HashMap`
   --> src/api/rest/middleware.rs:547:5
    |
547 | use std::collections::HashMap;
    |     ^^^^^^^^^^^^^^^^^^^^^^^^^

warning: unused import: `std::time::UNIX_EPOCH`
   --> src/api/gateway/audit.rs:222:5
    |
222 | use std::time::UNIX_EPOCH;
    |     ^^^^^^^^^^^^^^^^^^^^^

warning: unused import: `IpFilterMode`
   --> src/api/gateway/audit.rs:223:41
    |
223 |     use crate::api::gateway::{IpFilter, IpFilterMode, RbacManager, Role, SlidingWindow, ThreatDetector, TokenBucket};
    |                                         ^^^^^^^^^^^^

error[E0599]: no method named `is_terminal` found for enum `network::distributed::TransactionState` in the current scope
   --> src/transaction/types.rs:512:45
    |
512 |         assert!(TransactionState::Committed.is_terminal());
    |                                             ^^^^^^^^^^^ method not found in `network::distributed::TransactionState`
    |
   ::: src/network/distributed.rs:559:1
    |
559 | pub enum TransactionState {
    | ------------------------- method `is_terminal` not found for this enum
    |
    = help: items from traits can only be used if the trait is implemented and in scope
    = note: the following traits define an item `is_terminal`, perhaps you need to implement one of them:
            candidate #1: `IsTerminal`
            candidate #2: `anstream::stream::IsTerminal`
            candidate #3: `is_terminal::IsTerminal`
            candidate #4: `is_terminal_polyfill::IsTerminal`

error[E0599]: no method named `is_terminal` found for enum `network::distributed::TransactionState` in the current scope
   --> src/transaction/types.rs:513:43
    |
513 |         assert!(TransactionState::Aborted.is_terminal());
    |                                           ^^^^^^^^^^^ method not found in `network::distributed::TransactionState`
    |
   ::: src/network/distributed.rs:559:1
    |
559 | pub enum TransactionState {
    | ------------------------- method `is_terminal` not found for this enum
    |
    = help: items from traits can only be used if the trait is implemented and in scope
    = note: the following traits define an item `is_terminal`, perhaps you need to implement one of them:
            candidate #1: `IsTerminal`
            candidate #2: `anstream::stream::IsTerminal`
            candidate #3: `is_terminal::IsTerminal`
            candidate #4: `is_terminal_polyfill::IsTerminal`

error[E0599]: no method named `is_terminal` found for enum `network::distributed::TransactionState` in the current scope
   --> src/transaction/types.rs:514:43
    |
514 |         assert!(!TransactionState::Active.is_terminal());
    |                                           ^^^^^^^^^^^ method not found in `network::distributed::TransactionState`
    |
   ::: src/network/distributed.rs:559:1
    |
559 | pub enum TransactionState {
    | ------------------------- method `is_terminal` not found for this enum
    |
    = help: items from traits can only be used if the trait is implemented and in scope
    = note: the following traits define an item `is_terminal`, perhaps you need to implement one of them:
            candidate #1: `IsTerminal`
            candidate #2: `anstream::stream::IsTerminal`
            candidate #3: `is_terminal::IsTerminal`
            candidate #4: `is_terminal_polyfill::IsTerminal`

error[E0308]: mismatched types
   --> src/transaction/types.rs:538:35
    |
538 |             assert_eq!(txn.state, TransactionState::Active);
    |                                   ^^^^^^^^^^^^^^^^^^^^^^^^ expected `transaction::types::TransactionState`, found `network::distributed::TransactionState`
    |
    = note: `network::distributed::TransactionState` and `transaction::types::TransactionState` have similar names, but are actually distinct types
note: `network::distributed::TransactionState` is defined in module `crate::network::distributed` of the current crate
   --> src/network/distributed.rs:559:1
    |
559 | pub enum TransactionState {
    | ^^^^^^^^^^^^^^^^^^^^^^^^^
note: `transaction::types::TransactionState` is defined in module `crate::transaction::types` of the current crate
   --> src/transaction/types.rs:82:1
    |
 82 | pub enum TransactionState {
    | ^^^^^^^^^^^^^^^^^^^^^^^^^

error[E0027]: pattern does not mention field `or_replace`
   --> src/parser/mod.rs:557:13
    |
557 |             SqlStatement::CreateView { name, query } => {
    |             ^^^^^^^^^^^^^^^^^^^^^^^^^^^^^^^^^^^^^^^^ missing field `or_replace`
    |
help: include the missing field in the pattern
    |
557 |             SqlStatement::CreateView { name, query, or_replace } => {
    |                                                   ++++++++++++
help: if you don't care about this missing field, you can explicitly ignore it
    |
557 |             SqlStatement::CreateView { name, query, or_replace: _ } => {
    |                                                   +++++++++++++++
help: or always ignore missing fields here
    |
557 |             SqlStatement::CreateView { name, query, .. } => {
    |                                                   ++++

error[E0063]: missing fields `distinct` and `offset` in initializer of `parser::SqlStatement`
   --> src/execution/planner.rs:222:20
    |
222 |         let stmt = SqlStatement::Select {
    |                    ^^^^^^^^^^^^^^^^^^^^ missing `distinct` and `offset`

error[E0599]: no associated item named `V1_0_0` found for struct `advanced_protocol::ProtocolVersion` in the current scope
  --> src/network/advanced_protocol/errors.rs:93:41
   |
93 |             let v1_0 = ProtocolVersion::V1_0_0;
   |                                         ^^^^^^ associated item not found in `advanced_protocol::ProtocolVersion`
   |
  ::: src/network/advanced_protocol/mod.rs:29:1
   |
29 | pub struct ProtocolVersion {
   | -------------------------- associated item `V1_0_0` not found for this struct

error[E0599]: no associated item named `V1_1_0` found for struct `advanced_protocol::ProtocolVersion` in the current scope
  --> src/network/advanced_protocol/errors.rs:94:41
   |
94 |             let v1_1 = ProtocolVersion::V1_1_0;
   |                                         ^^^^^^ associated item not found in `advanced_protocol::ProtocolVersion`
   |
  ::: src/network/advanced_protocol/mod.rs:29:1
   |
29 | pub struct ProtocolVersion {
   | -------------------------- associated item `V1_1_0` not found for this struct

error[E0599]: no associated item named `V2_0_0` found for struct `advanced_protocol::ProtocolVersion` in the current scope
  --> src/network/advanced_protocol/errors.rs:95:41
   |
95 |             let v2_0 = ProtocolVersion::V2_0_0;
   |                                         ^^^^^^ associated item not found in `advanced_protocol::ProtocolVersion`
   |
  ::: src/network/advanced_protocol/mod.rs:29:1
   |
29 | pub struct ProtocolVersion {
   | -------------------------- associated item `V2_0_0` not found for this struct

error[E0308]: mismatched types
   --> src/network/advanced_protocol/errors.rs:106:60
    |
106 |             let packet = Packet::new(&&MessageType::Query, payload);
    |                          -----------                       ^^^^^^^ expected `Vec<u8>`, found `Bytes`
    |                          |
    |                          arguments to this function are incorrect
    |
    = note: expected struct `Vec<u8>`
               found struct `bytes::Bytes`
note: associated function defined here
   --> src/network/advanced_protocol/mod.rs:67:23
    |
 67 |         pub(crate) fn new(_p0: &&MessageType, _p1: Vec<u8>) -> &'a &'a Packet {
    |                       ^^^                     ------------
help: try using a conversion method
    |
106 |             let packet = Packet::new(&&MessageType::Query, payload.to_vec());
    |                                                                   +++++++++

error[E0599]: no method named `verify_checksum` found for reference `&&Packet` in the current scope
   --> src/network/advanced_protocol/errors.rs:107:28
    |
107 |             assert!(packet.verify_checksum());
    |                            ^^^^^^^^^^^^^^^ method not found in `&&Packet`

error[E0277]: `()` is not a future
    --> src/security/circuit_breaker.rs:1503:70
     |
1503 |                 tokio::time::sleep(Duration::from_millis(100)).await.await;
     |                                                                      ^^^^^ `()` is not a future
     |
     = help: the trait `futures::Future` is not implemented for `()`
     = note: () must be a future or must implement `IntoFuture` to be awaited
     = note: required for `()` to implement `std::future::IntoFuture`
help: remove the `.await`
     |
1503 -                 tokio::time::sleep(Duration::from_millis(100)).await.await;
1503 +                 tokio::time::sleep(Duration::from_millis(100)).await;
     |

error[E0277]: `()` is not a future
    --> src/security/circuit_breaker.rs:1510:70
     |
1510 |                 tokio::time::sleep(Duration::from_millis(100)).await.await;
     |                                                                      ^^^^^ `()` is not a future
     |
     = help: the trait `futures::Future` is not implemented for `()`
     = note: () must be a future or must implement `IntoFuture` to be awaited
     = note: required for `()` to implement `std::future::IntoFuture`
help: remove the `.await`
     |
1510 -                 tokio::time::sleep(Duration::from_millis(100)).await.await;
1510 +                 tokio::time::sleep(Duration::from_millis(100)).await;
     |

error[E0277]: `()` is not a future
    --> src/security/circuit_breaker.rs:1516:61
     |
1516 |         tokio::time::sleep(Duration::from_millis(10)).await.await;
     |                                                             ^^^^^ `()` is not a future
     |
     = help: the trait `futures::Future` is not implemented for `()`
     = note: () must be a future or must implement `IntoFuture` to be awaited
     = note: required for `()` to implement `std::future::IntoFuture`
help: remove the `.await`
     |
1516 -         tokio::time::sleep(Duration::from_millis(10)).await.await;
1516 +         tokio::time::sleep(Duration::from_millis(10)).await;
     |

error[E0063]: missing field `num_values` in initializer of `analytics::statistics::ColumnStatistics`
   --> src/analytics/statistics.rs:485:21
    |
485 |         let stats = ColumnStatistics {
    |                     ^^^^^^^^^^^^^^^^ missing `num_values`

error[E0560]: struct `catalog::Column` has no field named `default_value`
   --> src/analytics/view_management.rs:205:27
    |
205 |                           default_value: None,
    |                           ^^^^^^^^^^^^^ `catalog::Column` does not have this field
    |
    = note: all struct fields are already assigned

error[E0609]: no field `max_workers` on type `parallel_query::WorkerPool`
    --> src/rac/parallel_query.rs:1021:25
     |
1021 |         assert_eq!(pool.max_workers, 4);
     |                         ^^^^^^^^^^^ unknown field
     |
help: a field with a similar name exists
     |
1021 |         assert_eq!(pool._max_workers, 4);
     |                         +

error[E0308]: mismatched types
    --> src/performance/mod.rs:1813:25
     |
1813 |             created_at: (),
     |                         ^^ expected `SystemTime`, found `()`

error[E0308]: mismatched types
    --> src/performance/mod.rs:1802:54
     |
1802 |           governor.create_group("default".to_string(), ResourceGroup {
     |  __________________------------________________________^
     | |                  |
     | |                  arguments to this method are incorrect
1803 | |             name: "".to_string(),
1804 | |             priority: 0,
1805 | |             limits: Default::default(),
...    |
1813 | |             created_at: (),
1814 | |         }).unwrap();
     | |_________^ expected `performance::ResourceGroup`, found `ResourceGroup`
     |
     = note: `ResourceGroup` and `performance::ResourceGroup` have similar names, but are actually distinct types
note: `ResourceGroup` is defined in module `crate::monitoring::resource_manager` of the current crate
    --> src/monitoring/resource_manager.rs:102:1
     |
 102 | pub struct ResourceGroup {
     | ^^^^^^^^^^^^^^^^^^^^^^^^
note: `performance::ResourceGroup` is defined in module `crate::performance` of the current crate
    --> src/performance/mod.rs:1633:1
     |
1633 | pub struct ResourceGroup {
     | ^^^^^^^^^^^^^^^^^^^^^^^^
note: method defined here
    --> src/performance/mod.rs:1596:12
     |
1596 |     pub fn create_group(&self, name: String, limits: ResourceGroup) -> Result<()> {
     |            ^^^^^^^^^^^^                      ---------------------

error[E0277]: `()` is not a future
   --> src/orchestration/actor.rs:690:42
    |
690 |         sleep(Duration::from_millis(50)).await;
    |         -------------------------------- ^^^^^ `()` is not a future
    |         |
    |         this call returns `()`
    |
    = help: the trait `futures::Future` is not implemented for `()`
    = note: () must be a future or must implement `IntoFuture` to be awaited
    = note: required for `()` to implement `std::future::IntoFuture`
help: remove the `.await`
    |
690 -         sleep(Duration::from_millis(50)).await;
690 +         sleep(Duration::from_millis(50));
    |

error[E0277]: `()` is not a future
   --> src/orchestration/actor.rs:732:42
    |
732 |         sleep(Duration::from_millis(50)).await;
    |         -------------------------------- ^^^^^ `()` is not a future
    |         |
    |         this call returns `()`
    |
    = help: the trait `futures::Future` is not implemented for `()`
    = note: () must be a future or must implement `IntoFuture` to be awaited
    = note: required for `()` to implement `std::future::IntoFuture`
help: remove the `.await`
    |
732 -         sleep(Duration::from_millis(50)).await;
732 +         sleep(Duration::from_millis(50));
    |

error[E0433]: failed to resolve: use of unresolved module or unlinked crate `check1`
   --> src/orchestration/health.rs:678:52
    |
678 |         let checker1 = Arc::new(HealthChecker::new(check1::from_secs(1), Default::default()));
    |                                                    ^^^^^^ use of unresolved module or unlinked crate `check1`
    |
help: there is a crate or module with a similar name
    |
678 -         let checker1 = Arc::new(HealthChecker::new(check1::from_secs(1), Default::default()));
678 +         let checker1 = Arc::new(HealthChecker::new(check::from_secs(1), Default::default()));
    |

error[E0433]: failed to resolve: use of unresolved module or unlinked crate `check2`
   --> src/orchestration/health.rs:679:52
    |
679 |         let checker2 = Arc::new(HealthChecker::new(check2::from_secs(1), Default::default()));
    |                                                    ^^^^^^ use of unresolved module or unlinked crate `check2`
    |
help: there is a crate or module with a similar name
    |
679 -         let checker2 = Arc::new(HealthChecker::new(check2::from_secs(1), Default::default()));
679 +         let checker2 = Arc::new(HealthChecker::new(check::from_secs(1), Default::default()));
    |

