==========================================
Security Vault Module Test Suite
==========================================

VAULT-001: Running TDE Engine Tests...
    Blocking waiting for file lock on build directory

VAULT-002: Running Data Masking Tests...
   Compiling rusty-db v0.1.0 (/home/user/rusty-db)
error: the `#[test]` attribute may only be used on a non-associated function
   --> src/transaction/types.rs:531:5
    |
531 |     #[test]
    |     ^^^^^^^ the `#[test]` macro causes a function to be run as a test and has no effect on non-functions
532 | use crate::transaction::types::{IsolationLevel, TransactionState};
    | ------------------------------------------------------------------ expected a non-associated function, found a `use` import
    |
help: replace with conditional compilation to make the item only exist when tests are being run
    |
531 -     #[test]
531 +     #[cfg(test)]
    |

error[E0252]: the name `TransactionState` is defined multiple times
   --> src/transaction/types.rs:532:49
    |
502 |     use crate::network::distributed::TransactionState;
    |         --------------------------------------------- previous import of the type `TransactionState` here
...
532 | use crate::transaction::types::{IsolationLevel, TransactionState};
    |                                                 ^^^^^^^^^^^^^^^^ `TransactionState` reimported here
    |
    = note: `TransactionState` must be defined only once in the type namespace of this module
help: you can use `as` to change the binding name of the import
    |
532 | use crate::transaction::types::{IsolationLevel, TransactionState as OtherTransactionState};
    |                                                                  ++++++++++++++++++++++++

error[E0252]: the name `IsolationLevel` is defined multiple times
   --> src/transaction/types.rs:532:33
    |
501 |     use crate::IsolationLevel;
    |         --------------------- previous import of the type `IsolationLevel` here
...
532 | use crate::transaction::types::{IsolationLevel, TransactionState};
    |                                 ^^^^^^^^^^^^^^ `IsolationLevel` reimported here
    |
    = note: `IsolationLevel` must be defined only once in the type namespace of this module
help: you can use `as` to change the binding name of the import
    |
532 | use crate::transaction::types::{IsolationLevel as OtherIsolationLevel, TransactionState};
    |                                                ++++++++++++++++++++++

error[E0252]: the name `Transaction` is defined multiple times
   --> src/transaction/types.rs:533:13
    |
503 |     use crate::transaction::{Transaction, Version};
    |                              ----------- previous import of the type `Transaction` here
...
533 |         use crate::transaction::Transaction;
    |             ^^^^^^^^^^^^^^^^^^^^^^^^^^^^^^^ `Transaction` reimported here
    |
    = note: `Transaction` must be defined only once in the type namespace of this module

error[E0432]: unresolved import `crate::network::connection_management`
  --> src/network/advanced_protocol/errors.rs:89:29
   |
89 |         use crate::network::connection_management::ConnectionState;
   |                             ^^^^^^^^^^^^^^^^^^^^^ could not find `connection_management` in `network`

error[E0432]: unresolved import `crate::catalog::ColumnType`
   --> src/analytics/view_management.rs:192:42
    |
192 |     use crate::catalog::{Schema, Column, ColumnType};
    |                                          ^^^^^^^^^^ no `ColumnType` in `catalog`
    |
    = help: consider importing one of these items instead:
            crate::api::ColumnType
            crate::storage::ColumnType
note: enum `crate::procedures::builtins::ColumnType` exists but is inaccessible
   --> src/procedures/builtins.rs:194:1
    |
194 | enum ColumnType {
    | ^^^^^^^^^^^^^^^ not accessible

error[E0433]: failed to resolve: use of undeclared type `ConnectionState`
   --> src/networking/transport/pool.rs:361:24
    |
361 |         conn.set_state(ConnectionState::Active).await.unwrap();
    |                        ^^^^^^^^^^^^^^^ use of undeclared type `ConnectionState`
    |
note: enum `crate::rac::interconnect::ConnectionState` exists but is inaccessible
   --> src/rac/interconnect.rs:360:1
    |
360 | enum ConnectionState {
    | ^^^^^^^^^^^^^^^^^^^^ not accessible
help: a struct with a similar name exists
    |
361 -         conn.set_state(ConnectionState::Active).await.unwrap();
361 +         conn.set_state(Connection::Active).await.unwrap();
    |
help: consider importing one of these enums
    |
315 +     use crate::network::ConnectionState;
    |
315 +     use crate::networking::ConnectionState;
    |
315 +     use crate::networking::pool::ConnectionState;
    |
315 +     use crate::pool::connection_pool::core::ConnectionState;
    |

error[E0433]: failed to resolve: use of undeclared type `Duration`
   --> src/networking/discovery/static_list.rs:319:30
    |
319 |             reload_interval: Duration::from_secs(60),
    |                              ^^^^^^^^ use of undeclared type `Duration`
    |
help: consider importing one of these items
    |
311 +     use crate::networking::discovery::Duration;
    |
311 +     use std::time::Duration;
    |
311 +     use chrono::Duration;
    |
311 +     use tokio::time::Duration;
    |

error[E0433]: failed to resolve: use of undeclared type `Duration`
   --> src/networking/discovery/static_list.rs:352:30
    |
352 |             reload_interval: Duration::from_secs(60),
    |                              ^^^^^^^^ use of undeclared type `Duration`
    |
help: consider importing one of these items
    |
311 +     use crate::networking::discovery::Duration;
    |
311 +     use std::time::Duration;
    |
311 +     use chrono::Duration;
    |
311 +     use tokio::time::Duration;
    |

error[E0433]: failed to resolve: use of undeclared type `HashMap`
   --> src/networking/discovery/cloud/mod.rs:411:26
    |
411 |             tag_filters: HashMap::new(),
    |                          ^^^^^^^ use of undeclared type `HashMap`
    |
help: consider importing one of these structs
    |
404 +     use crate::networking::discovery::HashMap;
    |
404 +     use std::collections::HashMap;
    |

error[E0433]: failed to resolve: use of undeclared type `HashMap`
   --> src/networking/discovery/cloud/mod.rs:426:26
    |
426 |             tag_filters: HashMap::new(),
    |                          ^^^^^^^ use of undeclared type `HashMap`
    |
help: consider importing one of these structs
    |
404 +     use crate::networking::discovery::HashMap;
    |
404 +     use std::collections::HashMap;
    |

error[E0412]: cannot find type `MembershipEvent` in this scope
   --> src/networking/manager.rs:628:64
    |
628 |         async fn watch_changes(&self) -> Result<mpsc::Receiver<MembershipEvent>> {
    |                                                                ^^^^^^^^^^^^^^^ not found in this scope
    |
help: consider importing one of these enums
    |
570 +     use crate::network::MembershipEvent;
    |
570 +     use crate::networking::MembershipEvent;
    |

error[E0412]: cannot find type `MembershipEvent` in this scope
   --> src/networking/manager.rs:724:79
    |
724 |         async fn subscribe_membership_changes(&self) -> Result<mpsc::Receiver<MembershipEvent>> {
    |                                                                               ^^^^^^^^^^^^^^^ not found in this scope
    |
help: consider importing one of these enums
    |
570 +     use crate::network::MembershipEvent;
    |
570 +     use crate::networking::MembershipEvent;
    |

error[E0433]: failed to resolve: use of undeclared type `NodeInfo`
   --> src/networking/api.rs:515:26
    |
515 |         let local_node = NodeInfo::new(
    |                          ^^^^^^^^ use of undeclared type `NodeInfo`
    |
note: struct `crate::networking::discovery::etcd::NodeInfo` exists but is inaccessible
   --> src/networking/discovery/etcd.rs:516:1
    |
516 | struct NodeInfo {
    | ^^^^^^^^^^^^^^^ not accessible
help: consider importing one of these structs
    |
507 +     use crate::clustering::NodeInfo;
    |
507 +     use crate::network::NodeInfo;
    |
507 +     use crate::networking::NodeInfo;
    |
507 +     use crate::networking::autodiscovery::NodeInfo;
    |

error[E0433]: failed to resolve: use of undeclared type `NodeInfo`
   --> src/networking/graphql.rs:538:26
    |
538 |         let local_node = NodeInfo::new(
    |                          ^^^^^^^^ use of undeclared type `NodeInfo`
    |
note: struct `crate::networking::discovery::etcd::NodeInfo` exists but is inaccessible
   --> src/networking/discovery/etcd.rs:516:1
    |
516 | struct NodeInfo {
    | ^^^^^^^^^^^^^^^ not accessible
help: consider importing one of these structs
    |
530 +     use crate::clustering::NodeInfo;
    |
530 +     use crate::network::NodeInfo;
    |
530 +     use crate::networking::NodeInfo;
    |
530 +     use crate::networking::autodiscovery::NodeInfo;
    |

error[E0433]: failed to resolve: use of unresolved module or unlinked crate `mem`
   --> src/security/secure_gc.rs:953:9
    |
953 |         mem::forget(data);
    |         ^^^ use of unresolved module or unlinked crate `mem`
    |
    = help: if you wanted to use a crate named `mem`, use `cargo add mem` to add it to your `Cargo.toml`
    = note: module `crate::concurrent::work_stealing::tests::mem` exists but is inaccessible
help: consider importing this module
    |
877 +     use std::mem;
    |

error[E0433]: failed to resolve: use of undeclared type `HashSet`
   --> src/security/mod.rs:544:38
    |
544 |             authorized_compartments: HashSet::from(["SECRET".to_string()]),
    |                                      ^^^^^^^ use of undeclared type `HashSet`
    |
    = note: struct `crate::pool::session::state::tests::HashSet` exists but is inaccessible
help: consider importing this struct
    |
440 +     use std::collections::HashSet;
    |

error[E0433]: failed to resolve: use of undeclared type `HashSet`
   --> src/security/mod.rs:545:32
    |
545 |             authorized_groups: HashSet::new(),
    |                                ^^^^^^^ use of undeclared type `HashSet`
    |
    = note: struct `crate::pool::session::state::tests::HashSet` exists but is inaccessible
help: consider importing this struct
    |
440 +     use std::collections::HashSet;
    |

error[E0433]: failed to resolve: use of undeclared type `Duration`
   --> src/backup/backup_encryption.rs:630:46
    |
630 |         key.created_at = SystemTime::now() - Duration::from_secs(86400);
    |                                              ^^^^^^^^ use of undeclared type `Duration`
    |
help: consider importing one of these items
    |
598 +     use crate::memory::allocator::common::Duration;
    |
598 +     use std::time::Duration;
    |
598 +     use chrono::Duration;
    |
598 +     use tokio::time::Duration;
    |

error[E0425]: cannot find function `current_timestamp` in this scope
    --> src/flashback/transaction.rs:592:24
     |
 592 |             timestamp: current_timestamp(),
     |                        ^^^^^^^^^^^^^^^^^ not found in this scope
     |
note: these functions exist but are inaccessible
    --> src/networking/protocol/handshake.rs:367:1
     |
 367 | fn current_timestamp() -> u64 {
     | ^^^^^^^^^^^^^^^^^^^^^^^^^^^^^ `crate::networking::protocol::handshake::current_timestamp`: not accessible
     |
    ::: src/inmemory/population.rs:559:1
     |
 559 | fn current_timestamp() -> u64 {
     | ^^^^^^^^^^^^^^^^^^^^^^^^^^^^^ `crate::inmemory::population::current_timestamp`: not accessible
     |
    ::: src/inmemory/column_store.rs:724:1
     |
 724 | fn current_timestamp() -> u64 {
     | ^^^^^^^^^^^^^^^^^^^^^^^^^^^^^ `crate::inmemory::column_store::current_timestamp`: not accessible
     |
    ::: src/security/audit.rs:756:1
     |
 756 | fn current_timestamp() -> i64 {
     | ^^^^^^^^^^^^^^^^^^^^^^^^^^^^^ `crate::security::audit::current_timestamp`: not accessible
     |
    ::: src/security/authentication.rs:877:1
     |
 877 | fn current_timestamp() -> i64 {
     | ^^^^^^^^^^^^^^^^^^^^^^^^^^^^^ `crate::security::authentication::current_timestamp`: not accessible
     |
    ::: src/security/encryption.rs:712:1
     |
 712 | fn current_timestamp() -> i64 {
     | ^^^^^^^^^^^^^^^^^^^^^^^^^^^^^ `crate::security::encryption::current_timestamp`: not accessible
     |
    ::: src/security/encryption_engine.rs:1093:1
     |
1093 | fn current_timestamp() -> u64 {
     | ^^^^^^^^^^^^^^^^^^^^^^^^^^^^^ `crate::security::encryption_engine::current_timestamp`: not accessible
     |
    ::: src/security/insider_threat.rs:1356:1
     |
1356 | fn current_timestamp() -> i64 {
     | ^^^^^^^^^^^^^^^^^^^^^^^^^^^^^ `crate::security::insider_threat::current_timestamp`: not accessible
     |
    ::: src/security/labels.rs:618:1
     |
 618 | fn current_timestamp() -> i64 {
     | ^^^^^^^^^^^^^^^^^^^^^^^^^^^^^ `crate::security::labels::current_timestamp`: not accessible
     |
    ::: src/security/privileges.rs:797:1
     |
 797 | fn current_timestamp() -> i64 {
     | ^^^^^^^^^^^^^^^^^^^^^^^^^^^^^ `crate::security::privileges::current_timestamp`: not accessible
     |
    ::: src/security/rbac.rs:764:1
     |
 764 | fn current_timestamp() -> i64 {
     | ^^^^^^^^^^^^^^^^^^^^^^^^^^^^^ `crate::security::rbac::current_timestamp`: not accessible
help: consider importing one of these functions
     |
 579 +     use crate::flashback::current_timestamp;
     |
 579 +     use crate::security::security_core::common::current_timestamp;
     |

error[E0425]: cannot find function `current_timestamp` in this scope
    --> src/flashback/transaction.rs:613:24
     |
 613 |             timestamp: current_timestamp(),
     |                        ^^^^^^^^^^^^^^^^^ not found in this scope
     |
note: these functions exist but are inaccessible
    --> src/networking/protocol/handshake.rs:367:1
     |
 367 | fn current_timestamp() -> u64 {
     | ^^^^^^^^^^^^^^^^^^^^^^^^^^^^^ `crate::networking::protocol::handshake::current_timestamp`: not accessible
     |
    ::: src/inmemory/population.rs:559:1
     |
 559 | fn current_timestamp() -> u64 {
     | ^^^^^^^^^^^^^^^^^^^^^^^^^^^^^ `crate::inmemory::population::current_timestamp`: not accessible
     |
    ::: src/inmemory/column_store.rs:724:1
     |
 724 | fn current_timestamp() -> u64 {
     | ^^^^^^^^^^^^^^^^^^^^^^^^^^^^^ `crate::inmemory::column_store::current_timestamp`: not accessible
     |
    ::: src/security/audit.rs:756:1
     |
 756 | fn current_timestamp() -> i64 {
     | ^^^^^^^^^^^^^^^^^^^^^^^^^^^^^ `crate::security::audit::current_timestamp`: not accessible
     |
    ::: src/security/authentication.rs:877:1
     |
 877 | fn current_timestamp() -> i64 {
     | ^^^^^^^^^^^^^^^^^^^^^^^^^^^^^ `crate::security::authentication::current_timestamp`: not accessible
     |
    ::: src/security/encryption.rs:712:1
     |
 712 | fn current_timestamp() -> i64 {
     | ^^^^^^^^^^^^^^^^^^^^^^^^^^^^^ `crate::security::encryption::current_timestamp`: not accessible
     |
    ::: src/security/encryption_engine.rs:1093:1
     |
1093 | fn current_timestamp() -> u64 {
     | ^^^^^^^^^^^^^^^^^^^^^^^^^^^^^ `crate::security::encryption_engine::current_timestamp`: not accessible
     |
    ::: src/security/insider_threat.rs:1356:1
     |
1356 | fn current_timestamp() -> i64 {
     | ^^^^^^^^^^^^^^^^^^^^^^^^^^^^^ `crate::security::insider_threat::current_timestamp`: not accessible
     |
    ::: src/security/labels.rs:618:1
     |
 618 | fn current_timestamp() -> i64 {
     | ^^^^^^^^^^^^^^^^^^^^^^^^^^^^^ `crate::security::labels::current_timestamp`: not accessible
     |
    ::: src/security/privileges.rs:797:1
     |
 797 | fn current_timestamp() -> i64 {
     | ^^^^^^^^^^^^^^^^^^^^^^^^^^^^^ `crate::security::privileges::current_timestamp`: not accessible
     |
    ::: src/security/rbac.rs:764:1
     |
 764 | fn current_timestamp() -> i64 {
     | ^^^^^^^^^^^^^^^^^^^^^^^^^^^^^ `crate::security::rbac::current_timestamp`: not accessible
help: consider importing one of these functions
     |
 579 +     use crate::flashback::current_timestamp;
     |
 579 +     use crate::security::security_core::common::current_timestamp;
     |

error[E0425]: cannot find function `current_timestamp` in this scope
    --> src/flashback/transaction.rs:623:24
     |
 623 |             timestamp: current_timestamp(),
     |                        ^^^^^^^^^^^^^^^^^ not found in this scope
     |
note: these functions exist but are inaccessible
    --> src/networking/protocol/handshake.rs:367:1
     |
 367 | fn current_timestamp() -> u64 {
     | ^^^^^^^^^^^^^^^^^^^^^^^^^^^^^ `crate::networking::protocol::handshake::current_timestamp`: not accessible
     |
    ::: src/inmemory/population.rs:559:1
     |
 559 | fn current_timestamp() -> u64 {
     | ^^^^^^^^^^^^^^^^^^^^^^^^^^^^^ `crate::inmemory::population::current_timestamp`: not accessible
     |
    ::: src/inmemory/column_store.rs:724:1
     |
 724 | fn current_timestamp() -> u64 {
     | ^^^^^^^^^^^^^^^^^^^^^^^^^^^^^ `crate::inmemory::column_store::current_timestamp`: not accessible
     |
    ::: src/security/audit.rs:756:1
     |
 756 | fn current_timestamp() -> i64 {
     | ^^^^^^^^^^^^^^^^^^^^^^^^^^^^^ `crate::security::audit::current_timestamp`: not accessible
     |
    ::: src/security/authentication.rs:877:1
     |
 877 | fn current_timestamp() -> i64 {
     | ^^^^^^^^^^^^^^^^^^^^^^^^^^^^^ `crate::security::authentication::current_timestamp`: not accessible
     |
    ::: src/security/encryption.rs:712:1
     |
 712 | fn current_timestamp() -> i64 {
     | ^^^^^^^^^^^^^^^^^^^^^^^^^^^^^ `crate::security::encryption::current_timestamp`: not accessible
     |
    ::: src/security/encryption_engine.rs:1093:1
     |
1093 | fn current_timestamp() -> u64 {
     | ^^^^^^^^^^^^^^^^^^^^^^^^^^^^^ `crate::security::encryption_engine::current_timestamp`: not accessible
     |
    ::: src/security/insider_threat.rs:1356:1
     |
1356 | fn current_timestamp() -> i64 {
     | ^^^^^^^^^^^^^^^^^^^^^^^^^^^^^ `crate::security::insider_threat::current_timestamp`: not accessible
     |
    ::: src/security/labels.rs:618:1
     |
 618 | fn current_timestamp() -> i64 {
     | ^^^^^^^^^^^^^^^^^^^^^^^^^^^^^ `crate::security::labels::current_timestamp`: not accessible
     |
    ::: src/security/privileges.rs:797:1
     |
 797 | fn current_timestamp() -> i64 {
     | ^^^^^^^^^^^^^^^^^^^^^^^^^^^^^ `crate::security::privileges::current_timestamp`: not accessible
     |
    ::: src/security/rbac.rs:764:1
     |
 764 | fn current_timestamp() -> i64 {
     | ^^^^^^^^^^^^^^^^^^^^^^^^^^^^^ `crate::security::rbac::current_timestamp`: not accessible
help: consider importing one of these functions
     |
 579 +     use crate::flashback::current_timestamp;
     |
 579 +     use crate::security::security_core::common::current_timestamp;
     |

error[E0425]: cannot find function `current_timestamp` in this scope
    --> src/flashback/transaction.rs:645:24
     |
 645 |             timestamp: current_timestamp(),
     |                        ^^^^^^^^^^^^^^^^^ not found in this scope
     |
note: these functions exist but are inaccessible
    --> src/networking/protocol/handshake.rs:367:1
     |
 367 | fn current_timestamp() -> u64 {
     | ^^^^^^^^^^^^^^^^^^^^^^^^^^^^^ `crate::networking::protocol::handshake::current_timestamp`: not accessible
     |
    ::: src/inmemory/population.rs:559:1
     |
 559 | fn current_timestamp() -> u64 {
     | ^^^^^^^^^^^^^^^^^^^^^^^^^^^^^ `crate::inmemory::population::current_timestamp`: not accessible
     |
    ::: src/inmemory/column_store.rs:724:1
     |
 724 | fn current_timestamp() -> u64 {
     | ^^^^^^^^^^^^^^^^^^^^^^^^^^^^^ `crate::inmemory::column_store::current_timestamp`: not accessible
     |
    ::: src/security/audit.rs:756:1
     |
 756 | fn current_timestamp() -> i64 {
     | ^^^^^^^^^^^^^^^^^^^^^^^^^^^^^ `crate::security::audit::current_timestamp`: not accessible
     |
    ::: src/security/authentication.rs:877:1
     |
 877 | fn current_timestamp() -> i64 {
     | ^^^^^^^^^^^^^^^^^^^^^^^^^^^^^ `crate::security::authentication::current_timestamp`: not accessible
     |
    ::: src/security/encryption.rs:712:1
     |
 712 | fn current_timestamp() -> i64 {
     | ^^^^^^^^^^^^^^^^^^^^^^^^^^^^^ `crate::security::encryption::current_timestamp`: not accessible
     |
    ::: src/security/encryption_engine.rs:1093:1
     |
1093 | fn current_timestamp() -> u64 {
     | ^^^^^^^^^^^^^^^^^^^^^^^^^^^^^ `crate::security::encryption_engine::current_timestamp`: not accessible
     |
    ::: src/security/insider_threat.rs:1356:1
     |
1356 | fn current_timestamp() -> i64 {
     | ^^^^^^^^^^^^^^^^^^^^^^^^^^^^^ `crate::security::insider_threat::current_timestamp`: not accessible
     |
    ::: src/security/labels.rs:618:1
     |
 618 | fn current_timestamp() -> i64 {
     | ^^^^^^^^^^^^^^^^^^^^^^^^^^^^^ `crate::security::labels::current_timestamp`: not accessible
     |
    ::: src/security/privileges.rs:797:1
     |
 797 | fn current_timestamp() -> i64 {
     | ^^^^^^^^^^^^^^^^^^^^^^^^^^^^^ `crate::security::privileges::current_timestamp`: not accessible
     |
    ::: src/security/rbac.rs:764:1
     |
 764 | fn current_timestamp() -> i64 {
     | ^^^^^^^^^^^^^^^^^^^^^^^^^^^^^ `crate::security::rbac::current_timestamp`: not accessible
help: consider importing one of these functions
     |
 579 +     use crate::flashback::current_timestamp;
     |
 579 +     use crate::security::security_core::common::current_timestamp;
     |

error[E0433]: failed to resolve: use of undeclared type `ViewManager`
   --> src/analytics/mod_new.rs:215:23
    |
215 |         let manager = ViewManager::new();
    |                       ^^^^^^^^^^^ use of undeclared type `ViewManager`
    |
help: consider importing this struct
    |
211 +     use crate::analytics::view_management::ViewManager;
    |

error[E0433]: failed to resolve: use of undeclared type `QueryCache`
   --> src/analytics/mod_new.rs:222:21
    |
222 |         let cache = QueryCache::new(100);
    |                     ^^^^^^^^^^ use of undeclared type `QueryCache`
    |
help: consider importing one of these structs
    |
211 +     use crate::analytics::QueryCache;
    |
211 +     use crate::analytics::query_cache_impl::QueryCache;
    |
211 +     use crate::api::QueryCache;
    |

error[E0425]: cannot find function `sleep` in this scope
   --> src/multitenancy/container.rs:958:9
    |
958 |         sleep(Duration::from_millis(200)).await;
    |         ^^^^^ not found in this scope
    |
    = note: function `crate::autonomous::self_healing::tests::sleep` exists but is inaccessible
help: consider importing one of these functions
    |
922 +     use std::thread::sleep;
    |
922 +     use libc::sleep;
    |
922 +     use tokio::time::sleep;
    |

error[E0425]: cannot find function `sleep` in this scope
   --> src/multitenancy/provisioning.rs:829:9
    |
829 |         sleep(Duration::from_secs(2)).await;
    |         ^^^^^ not found in this scope
    |
    = note: function `crate::autonomous::self_healing::tests::sleep` exists but is inaccessible
help: consider importing one of these functions
    |
786 +     use std::thread::sleep;
    |
786 +     use libc::sleep;
    |
786 +     use tokio::time::sleep;
    |

error[E0425]: cannot find function `sleep` in this scope
   --> src/multitenant/relocation.rs:625:9
    |
625 |         sleep(Duration::from_secs(1)).await;
    |         ^^^^^ not found in this scope
    |
    = note: function `crate::autonomous::self_healing::tests::sleep` exists but is inaccessible
help: consider importing one of these functions
    |
612 +     use std::thread::sleep;
    |
612 +     use libc::sleep;
    |
612 +     use tokio::time::sleep;
    |

error[E0425]: cannot find function `sleep` in this scope
   --> src/orchestration/circuit_breaker.rs:582:9
    |
582 |         sleep(Duration::from_millis(150)).await;
    |         ^^^^^ not found in this scope
    |
    = note: function `crate::autonomous::self_healing::tests::sleep` exists but is inaccessible
help: consider importing one of these functions
    |
510 +     use std::thread::sleep;
    |
510 +     use libc::sleep;
    |
510 +     use tokio::time::sleep;
    |

error[E0425]: cannot find function `fromsecs` in crate `check`
   --> src/orchestration/health.rs:659:49
    |
659 |         let checker = HealthChecker::new(check::fromsecs(1), Default::default());
    |                                                 ^^^^^^^^ not found in `check`

error[E0433]: failed to resolve: use of undeclared type `LedgerRow`
   --> src/blockchain/verification.rs:783:19
    |
783 |         let row = LedgerRow::new(
    |                   ^^^^^^^^^ use of undeclared type `LedgerRow`
    |
help: consider importing this struct through its public re-export
    |
775 +     use crate::blockchain::LedgerRow;
    |

error[E0412]: cannot find type `HashSet` in this scope
   --> src/simd/hash.rs:410:52
    |
410 |         let unique_count = hashes.iter().collect::<HashSet<_>>().len();
    |                                                    ^^^^^^^ not found in this scope
    |
    = note: struct `crate::pool::session::state::tests::HashSet` exists but is inaccessible
help: consider importing this struct
    |
348 +     use std::collections::HashSet;
    |

error[E0412]: cannot find type `HashSet` in this scope
   --> src/simd/hash.rs:451:46
    |
451 |         let unique = hashes.iter().collect::<HashSet<_>>();
    |                                              ^^^^^^^ not found in this scope
    |
    = note: struct `crate::pool::session::state::tests::HashSet` exists but is inaccessible
help: consider importing this struct
    |
348 +     use std::collections::HashSet;
    |

error[E0433]: failed to resolve: use of undeclared type `AlertSeverity`
   --> src/api/monitoring/dashboard_api.rs:358:13
    |
358 |             AlertSeverity::Warning,
    |             ^^^^^^^^^^^^^ use of undeclared type `AlertSeverity`
    |
help: consider importing one of these enums
    |
276 +     use crate::advanced_replication::AlertSeverity;
    |
276 +     use crate::api::AlertSeverity;
    |
276 +     use crate::autonomous::AlertSeverity;
    |
276 +     use crate::event_processing::analytics::AlertSeverity;
    |
    = and 3 other candidates

warning: unused import: `std::collections::HashMap`
   --> src/index/partial.rs:589:5
    |
589 | use std::collections::HashMap;
    |     ^^^^^^^^^^^^^^^^^^^^^^^^^
    |
    = note: `#[warn(unused_imports)]` (part of `#[warn(unused)]`) on by default

warning: unused import: `std::collections::HashMap`
   --> src/index/mod.rs:363:5
    |
363 | use std::collections::HashMap;
    |     ^^^^^^^^^^^^^^^^^^^^^^^^^

warning: unused imports: `CompressionLevel` and `Compressor`
  --> src/compression/algorithms/mod.rs:28:30
   |
28 |     use crate::compression::{Compressor, CompressionLevel};
   |                              ^^^^^^^^^^  ^^^^^^^^^^^^^^^^

warning: unused import: `crate::IsolationLevel`
   --> src/transaction/types.rs:501:9
    |
501 |     use crate::IsolationLevel;
    |         ^^^^^^^^^^^^^^^^^^^^^

warning: unused import: `TransactionState`
   --> src/transaction/types.rs:532:49
    |
532 | use crate::transaction::types::{IsolationLevel, TransactionState};
    |                                                 ^^^^^^^^^^^^^^^^

warning: unused import: `crate::transaction::Transaction`
   --> src/transaction/types.rs:533:13
    |
533 |         use crate::transaction::Transaction;
    |             ^^^^^^^^^^^^^^^^^^^^^^^^^^^^^^^

warning: unused import: `std::time::Duration`
   --> src/transaction/error.rs:357:5
    |
357 | use std::time::Duration;
    |     ^^^^^^^^^^^^^^^^^^^

warning: unused import: `std::time::UNIX_EPOCH`
   --> src/transaction/version_store.rs:334:5
    |
334 | use std::time::UNIX_EPOCH;
    |     ^^^^^^^^^^^^^^^^^^^^^

warning: unused import: `std::time::UNIX_EPOCH`
   --> src/transaction/deadlock.rs:399:5
    |
399 | use std::time::UNIX_EPOCH;
    |     ^^^^^^^^^^^^^^^^^^^^^

warning: unused import: `std::time::UNIX_EPOCH`
   --> src/transaction/mvcc.rs:735:5
    |
735 | use std::time::UNIX_EPOCH;
    |     ^^^^^^^^^^^^^^^^^^^^^

warning: unused import: `std::time::Instant`
   --> src/transaction/recovery.rs:746:5
    |
746 | use std::time::Instant;
    |     ^^^^^^^^^^^^^^^^^^

warning: unused import: `std::collections::HashMap`
   --> src/execution/subquery.rs:503:5
    |
503 | use std::collections::HashMap;
    |     ^^^^^^^^^^^^^^^^^^^^^^^^^

warning: unused import: `crate::networking::protocol::handshake::HandshakeRequest`
   --> src/networking/protocol/codec.rs:259:9
    |
259 |     use crate::networking::protocol::handshake::HandshakeRequest;
    |         ^^^^^^^^^^^^^^^^^^^^^^^^^^^^^^^^^^^^^^^^^^^^^^^^^^^^^^^^

warning: unused import: `crate::networking::types::NodeAddress`
   --> src/networking/routing/router.rs:360:9
    |
360 |     use crate::networking::types::NodeAddress;
    |         ^^^^^^^^^^^^^^^^^^^^^^^^^^^^^^^^^^^^^

warning: unused import: `std::time::UNIX_EPOCH`
    --> src/security/memory_hardening.rs:1093:5
     |
1093 | use std::time::UNIX_EPOCH;
     |     ^^^^^^^^^^^^^^^^^^^^^

warning: unused import: `std::thread::sleep`
    --> src/security/circuit_breaker.rs:1459:9
     |
1459 |     use std::thread::sleep;
     |         ^^^^^^^^^^^^^^^^^^

warning: unused import: `std::time::UNIX_EPOCH`
   --> src/backup/manager.rs:698:5
    |
698 | use std::time::UNIX_EPOCH;
    |     ^^^^^^^^^^^^^^^^^^^^^

warning: unused import: `std::time::UNIX_EPOCH`
   --> src/backup/snapshots.rs:602:9
    |
602 |     use std::time::UNIX_EPOCH;
    |         ^^^^^^^^^^^^^^^^^^^^^

warning: unused import: `std::collections::HashMap`
   --> src/backup/mod.rs:290:5
    |
290 | use std::collections::HashMap;
    |     ^^^^^^^^^^^^^^^^^^^^^^^^^

warning: unused import: `crate::flashback::system_time_to_timestamp`
   --> src/analytics/manager.rs:478:9
    |
478 |     use crate::flashback::system_time_to_timestamp;
    |         ^^^^^^^^^^^^^^^^^^^^^^^^^^^^^^^^^^^^^^^^^^

warning: unused import: `std::time::UNIX_EPOCH`
   --> src/analytics/query_rewriter.rs:560:5
    |
560 | use std::time::UNIX_EPOCH;
    |     ^^^^^^^^^^^^^^^^^^^^^

warning: unused import: `std::time::Instant`
   --> src/analytics/query_rewriter.rs:561:5
    |
561 | use std::time::Instant;
    |     ^^^^^^^^^^^^^^^^^^

warning: unused import: `std::time::SystemTime`
   --> src/analytics/query_rewriter.rs:562:5
    |
562 | use std::time::SystemTime;
    |     ^^^^^^^^^^^^^^^^^^^^^

warning: unused import: `std::time::Instant`
   --> src/analytics/quality.rs:694:5
    |
694 | use std::time::Instant;
    |     ^^^^^^^^^^^^^^^^^^

warning: unused import: `std::time::Instant`
   --> src/analytics/sampling.rs:521:5
    |
521 | use std::time::Instant;
    |     ^^^^^^^^^^^^^^^^^^

warning: unused import: `std::time::Instant`
   --> src/analytics/query_statistics.rs:602:5
    |
602 | use std::time::Instant;
    |     ^^^^^^^^^^^^^^^^^^

warning: unused import: `std::time::Instant`
   --> src/analytics/compression.rs:666:5
    |
666 | use std::time::Instant;
    |     ^^^^^^^^^^^^^^^^^^

warning: unused import: `std::time::SystemTime`
   --> src/analytics/cube.rs:617:5
    |
617 | use std::time::SystemTime;
    |     ^^^^^^^^^^^^^^^^^^^^^

warning: unused import: `std::time::Duration`
   --> src/analytics/warehouse.rs:656:5
    |
656 | use std::time::Duration;
    |     ^^^^^^^^^^^^^^^^^^^

warning: unused import: `std::time::UNIX_EPOCH`
   --> src/inmemory/column_store.rs:734:5
    |
734 | use std::time::UNIX_EPOCH;
    |     ^^^^^^^^^^^^^^^^^^^^^

warning: unused import: `std::time::Instant`
   --> src/inmemory/compression.rs:781:5
    |
781 | use std::time::Instant;
    |     ^^^^^^^^^^^^^^^^^^

warning: unused import: `std::time::Instant`
   --> src/inmemory/join_engine.rs:532:5
    |
532 | use std::time::Instant;
    |     ^^^^^^^^^^^^^^^^^^

warning: unused import: `std::time::UNIX_EPOCH`
   --> src/multitenancy/container.rs:923:5
    |
923 | use std::time::UNIX_EPOCH;
    |     ^^^^^^^^^^^^^^^^^^^^^

warning: unused import: `std::time::UNIX_EPOCH`
   --> src/multitenancy/tenant.rs:900:5
    |
900 | use std::time::UNIX_EPOCH;
    |     ^^^^^^^^^^^^^^^^^^^^^

warning: unused import: `std::time::UNIX_EPOCH`
   --> src/multitenant/pdb.rs:821:5
    |
821 | use std::time::UNIX_EPOCH;
    |     ^^^^^^^^^^^^^^^^^^^^^

warning: unused import: `std::time::UNIX_EPOCH`
   --> src/multitenant/tenant.rs:729:5
    |
729 | use std::time::UNIX_EPOCH;
    |     ^^^^^^^^^^^^^^^^^^^^^

warning: unused import: `std::time::UNIX_EPOCH`
   --> src/multitenant/shared.rs:597:5
    |
597 | use std::time::UNIX_EPOCH;
    |     ^^^^^^^^^^^^^^^^^^^^^

warning: unused import: `std::time::UNIX_EPOCH`
    --> src/graph/property_graph.rs:1162:5
     |
1162 | use std::time::UNIX_EPOCH;
     |     ^^^^^^^^^^^^^^^^^^^^^

warning: unused import: `std::time::SystemTime`
    --> src/graph/property_graph.rs:1163:5
     |
1163 | use std::time::SystemTime;
     |     ^^^^^^^^^^^^^^^^^^^^^

warning: unused import: `std::time::Instant`
    --> src/graph/query_engine.rs:1137:5
     |
1137 | use std::time::Instant;
     |     ^^^^^^^^^^^^^^^^^^

warning: unused import: `std::time::UNIX_EPOCH`
   --> src/advanced_replication/gds.rs:676:5
    |
676 | use std::time::UNIX_EPOCH;
    |     ^^^^^^^^^^^^^^^^^^^^^

warning: unused import: `std::time::UNIX_EPOCH`
   --> src/advanced_replication/conflicts.rs:834:5
    |
834 | use std::time::UNIX_EPOCH;
    |     ^^^^^^^^^^^^^^^^^^^^^

warning: unused import: `std::time::UNIX_EPOCH`
   --> src/advanced_replication/monitoring.rs:650:5
    |
650 | use std::time::UNIX_EPOCH;
    |     ^^^^^^^^^^^^^^^^^^^^^

warning: unused import: `std::time::Instant`
   --> src/clustering/failover.rs:252:5
    |
252 | use std::time::Instant;
    |     ^^^^^^^^^^^^^^^^^^

warning: unused import: `std::time::UNIX_EPOCH`
   --> src/rac/mod.rs:739:5
    |
739 | use std::time::UNIX_EPOCH;
    |     ^^^^^^^^^^^^^^^^^^^^^

warning: unused import: `std::collections::HashMap`
   --> src/orchestration/circuit_breaker.rs:511:5
    |
511 | use std::collections::HashMap;
    |     ^^^^^^^^^^^^^^^^^^^^^^^^^

warning: unused import: `std::time::Instant`
   --> src/orchestration/plugin.rs:639:5
    |
639 | use std::time::Instant;
    |     ^^^^^^^^^^^^^^^^^^

warning: unused import: `std::time::UNIX_EPOCH`
   --> src/event_processing/sourcing.rs:711:5
    |
711 | use std::time::UNIX_EPOCH;
    |     ^^^^^^^^^^^^^^^^^^^^^

warning: unused import: `std::time::UNIX_EPOCH`
    --> src/event_processing/windows.rs:1004:5
     |
1004 | use std::time::UNIX_EPOCH;
     |     ^^^^^^^^^^^^^^^^^^^^^

warning: unused import: `std::time::UNIX_EPOCH`
   --> src/ml_engine/model_store.rs:646:5
    |
646 | use std::time::UNIX_EPOCH;
    |     ^^^^^^^^^^^^^^^^^^^^^

warning: unused import: `std::time::Instant`
   --> src/ml_engine/scoring.rs:603:5
    |
603 | use std::time::Instant;
    |     ^^^^^^^^^^^^^^^^^^

warning: unused import: `std::time::Instant`
   --> src/ml_engine/automl.rs:673:5
    |
673 | use std::time::Instant;
    |     ^^^^^^^^^^^^^^^^^^

warning: unused import: `std::collections::HashMap`
   --> src/ml_engine/timeseries.rs:716:5
    |
716 | use std::collections::HashMap;
    |     ^^^^^^^^^^^^^^^^^^^^^^^^^

warning: unused import: `std::time::UNIX_EPOCH`
   --> src/autonomous/self_tuning.rs:882:5
    |
882 | use std::time::UNIX_EPOCH;
    |     ^^^^^^^^^^^^^^^^^^^^^

warning: unused import: `std::time::Duration`
   --> src/autonomous/mod.rs:254:5
    |
254 | use std::time::Duration;
    |     ^^^^^^^^^^^^^^^^^^^

warning: unused import: `std::time::SystemTime`
   --> src/autonomous/mod.rs:255:5
    |
255 | use std::time::SystemTime;
    |     ^^^^^^^^^^^^^^^^^^^^^

warning: unused import: `std::time::UNIX_EPOCH`
   --> src/document_store/document.rs:621:5
    |
621 | use std::time::UNIX_EPOCH;
    |     ^^^^^^^^^^^^^^^^^^^^^

warning: unused import: `std::time::UNIX_EPOCH`
   --> src/document_store/indexing.rs:776:5
    |
776 | use std::time::UNIX_EPOCH;
    |     ^^^^^^^^^^^^^^^^^^^^^

warning: unused import: `std::time::UNIX_EPOCH`
   --> src/document_store/changes.rs:695:5
    |
695 | use std::time::UNIX_EPOCH;
    |     ^^^^^^^^^^^^^^^^^^^^^

warning: unused import: `std::time::SystemTime`
   --> src/optimizer_pro/transformations.rs:759:5
    |
759 | use std::time::SystemTime;
    |     ^^^^^^^^^^^^^^^^^^^^^

warning: unused import: `std::time::SystemTime`
   --> src/optimizer_pro/hints.rs:737:5
    |
737 | use std::time::SystemTime;
    |     ^^^^^^^^^^^^^^^^^^^^^

warning: unused import: `std::collections::VecDeque`
   --> src/resource_manager/io_scheduler.rs:793:5
    |
793 | use std::collections::VecDeque;
    |     ^^^^^^^^^^^^^^^^^^^^^^^^^^

warning: unused import: `std::time::Duration`
   --> src/pool/session/state.rs:430:5
    |
430 | use std::time::Duration;
    |     ^^^^^^^^^^^^^^^^^^^

warning: unused import: `std::time::SystemTime`
   --> src/io/file_manager.rs:740:5
    |
740 | use std::time::SystemTime;
    |     ^^^^^^^^^^^^^^^^^^^^^

warning: unused import: `axum::body::Body`
   --> src/api/rest/middleware.rs:428:9
    |
428 |     use axum::body::Body;
    |         ^^^^^^^^^^^^^^^^

warning: unused import: `std::time::Duration`
   --> src/api/rest/middleware.rs:429:5
    |
429 | use std::time::Duration;
    |     ^^^^^^^^^^^^^^^^^^^

warning: unused import: `std::time::UNIX_EPOCH`
   --> src/api/rest/middleware.rs:430:5
    |
430 | use std::time::UNIX_EPOCH;
    |     ^^^^^^^^^^^^^^^^^^^^^

warning: unused import: `std::collections::HashMap`
   --> src/api/rest/middleware.rs:431:5
    |
431 | use std::collections::HashMap;
    |     ^^^^^^^^^^^^^^^^^^^^^^^^^

warning: unused import: `std::time::UNIX_EPOCH`
   --> src/api/gateway/audit.rs:222:5
    |
222 | use std::time::UNIX_EPOCH;
    |     ^^^^^^^^^^^^^^^^^^^^^

warning: unused import: `IpFilterMode`
   --> src/api/gateway/audit.rs:223:41
    |
223 |     use crate::api::gateway::{IpFilter, IpFilterMode, RbacManager, Role, SlidingWindow, ThreatDetector, TokenBucket};
    |                                         ^^^^^^^^^^^^

error[E0599]: no method named `is_terminal` found for enum `network::distributed::TransactionState` in the current scope
   --> src/transaction/types.rs:512:45
    |
512 |         assert!(TransactionState::Committed.is_terminal());
    |                                             ^^^^^^^^^^^ method not found in `network::distributed::TransactionState`
    |
   ::: src/network/distributed.rs:559:1
    |
559 | pub enum TransactionState {
    | ------------------------- method `is_terminal` not found for this enum
    |
    = help: items from traits can only be used if the trait is implemented and in scope
    = note: the following traits define an item `is_terminal`, perhaps you need to implement one of them:
            candidate #1: `IsTerminal`
            candidate #2: `anstream::stream::IsTerminal`
            candidate #3: `is_terminal::IsTerminal`
            candidate #4: `is_terminal_polyfill::IsTerminal`

error[E0599]: no method named `is_terminal` found for enum `network::distributed::TransactionState` in the current scope
   --> src/transaction/types.rs:513:43
    |
513 |         assert!(TransactionState::Aborted.is_terminal());
    |                                           ^^^^^^^^^^^ method not found in `network::distributed::TransactionState`
    |
   ::: src/network/distributed.rs:559:1
    |
559 | pub enum TransactionState {
    | ------------------------- method `is_terminal` not found for this enum
    |
    = help: items from traits can only be used if the trait is implemented and in scope
    = note: the following traits define an item `is_terminal`, perhaps you need to implement one of them:
            candidate #1: `IsTerminal`
            candidate #2: `anstream::stream::IsTerminal`
            candidate #3: `is_terminal::IsTerminal`
            candidate #4: `is_terminal_polyfill::IsTerminal`

error[E0599]: no method named `is_terminal` found for enum `network::distributed::TransactionState` in the current scope
   --> src/transaction/types.rs:514:43
    |
514 |         assert!(!TransactionState::Active.is_terminal());
    |                                           ^^^^^^^^^^^ method not found in `network::distributed::TransactionState`
    |
   ::: src/network/distributed.rs:559:1
    |
559 | pub enum TransactionState {
    | ------------------------- method `is_terminal` not found for this enum
    |
    = help: items from traits can only be used if the trait is implemented and in scope
    = note: the following traits define an item `is_terminal`, perhaps you need to implement one of them:
            candidate #1: `IsTerminal`
            candidate #2: `anstream::stream::IsTerminal`
            candidate #3: `is_terminal::IsTerminal`
            candidate #4: `is_terminal_polyfill::IsTerminal`

error[E0308]: mismatched types
   --> src/transaction/types.rs:538:35
    |
538 |             assert_eq!(txn.state, TransactionState::Active);
    |                                   ^^^^^^^^^^^^^^^^^^^^^^^^ expected `transaction::types::TransactionState`, found `network::distributed::TransactionState`
    |
    = note: `network::distributed::TransactionState` and `transaction::types::TransactionState` have similar names, but are actually distinct types
note: `network::distributed::TransactionState` is defined in module `crate::network::distributed` of the current crate
   --> src/network/distributed.rs:559:1
    |
559 | pub enum TransactionState {
    | ^^^^^^^^^^^^^^^^^^^^^^^^^
note: `transaction::types::TransactionState` is defined in module `crate::transaction::types` of the current crate
   --> src/transaction/types.rs:82:1
    |
 82 | pub enum TransactionState {
    | ^^^^^^^^^^^^^^^^^^^^^^^^^

error[E0027]: pattern does not mention field `or_replace`
   --> src/parser/mod.rs:557:13
    |
557 |             SqlStatement::CreateView { name, query } => {
    |             ^^^^^^^^^^^^^^^^^^^^^^^^^^^^^^^^^^^^^^^^ missing field `or_replace`
    |
help: include the missing field in the pattern
    |
557 |             SqlStatement::CreateView { name, query, or_replace } => {
    |                                                   ++++++++++++
help: if you don't care about this missing field, you can explicitly ignore it
    |
557 |             SqlStatement::CreateView { name, query, or_replace: _ } => {
    |                                                   +++++++++++++++
help: or always ignore missing fields here
    |
557 |             SqlStatement::CreateView { name, query, .. } => {
    |                                                   ++++

error[E0063]: missing fields `distinct` and `offset` in initializer of `parser::SqlStatement`
   --> src/execution/planner.rs:222:20
    |
222 |         let stmt = SqlStatement::Select {
    |                    ^^^^^^^^^^^^^^^^^^^^ missing `distinct` and `offset`

error[E0599]: no associated item named `V1_0_0` found for struct `advanced_protocol::ProtocolVersion` in the current scope
  --> src/network/advanced_protocol/errors.rs:93:41
   |
93 |             let v1_0 = ProtocolVersion::V1_0_0;
   |                                         ^^^^^^ associated item not found in `advanced_protocol::ProtocolVersion`
   |
  ::: src/network/advanced_protocol/mod.rs:29:1
   |
29 | pub struct ProtocolVersion {
   | -------------------------- associated item `V1_0_0` not found for this struct

error[E0599]: no associated item named `V1_1_0` found for struct `advanced_protocol::ProtocolVersion` in the current scope
  --> src/network/advanced_protocol/errors.rs:94:41
   |
94 |             let v1_1 = ProtocolVersion::V1_1_0;
   |                                         ^^^^^^ associated item not found in `advanced_protocol::ProtocolVersion`
   |
  ::: src/network/advanced_protocol/mod.rs:29:1
   |
29 | pub struct ProtocolVersion {
   | -------------------------- associated item `V1_1_0` not found for this struct

error[E0599]: no associated item named `V2_0_0` found for struct `advanced_protocol::ProtocolVersion` in the current scope
  --> src/network/advanced_protocol/errors.rs:95:41
   |
95 |             let v2_0 = ProtocolVersion::V2_0_0;
   |                                         ^^^^^^ associated item not found in `advanced_protocol::ProtocolVersion`
   |
  ::: src/network/advanced_protocol/mod.rs:29:1
   |
29 | pub struct ProtocolVersion {
   | -------------------------- associated item `V2_0_0` not found for this struct

error[E0308]: mismatched types
   --> src/network/advanced_protocol/errors.rs:106:60
    |
106 |             let packet = Packet::new(&&MessageType::Query, payload);
    |                          -----------                       ^^^^^^^ expected `Vec<u8>`, found `Bytes`
    |                          |
    |                          arguments to this function are incorrect
    |
    = note: expected struct `Vec<u8>`
               found struct `bytes::Bytes`
note: associated function defined here
   --> src/network/advanced_protocol/mod.rs:67:23
    |
 67 |         pub(crate) fn new(_p0: &&MessageType, _p1: Vec<u8>) -> &'a &'a Packet {
    |                       ^^^                     ------------
help: try using a conversion method
    |
106 |             let packet = Packet::new(&&MessageType::Query, payload.to_vec());
    |                                                                   +++++++++

error[E0599]: no method named `verify_checksum` found for reference `&&Packet` in the current scope
   --> src/network/advanced_protocol/errors.rs:107:28
    |
107 |             assert!(packet.verify_checksum());
    |                            ^^^^^^^^^^^^^^^ method not found in `&&Packet`

error[E0277]: `()` is not a future
    --> src/security/circuit_breaker.rs:1503:70
     |
1503 |                 tokio::time::sleep(Duration::from_millis(100)).await.await;
     |                                                                      ^^^^^ `()` is not a future
     |
     = help: the trait `futures::Future` is not implemented for `()`
     = note: () must be a future or must implement `IntoFuture` to be awaited
     = note: required for `()` to implement `std::future::IntoFuture`
help: remove the `.await`
     |
1503 -                 tokio::time::sleep(Duration::from_millis(100)).await.await;
1503 +                 tokio::time::sleep(Duration::from_millis(100)).await;
     |

error[E0277]: `()` is not a future
    --> src/security/circuit_breaker.rs:1510:70
     |
1510 |                 tokio::time::sleep(Duration::from_millis(100)).await.await;
     |                                                                      ^^^^^ `()` is not a future
     |
     = help: the trait `futures::Future` is not implemented for `()`
     = note: () must be a future or must implement `IntoFuture` to be awaited
     = note: required for `()` to implement `std::future::IntoFuture`
help: remove the `.await`
     |
1510 -                 tokio::time::sleep(Duration::from_millis(100)).await.await;
1510 +                 tokio::time::sleep(Duration::from_millis(100)).await;
     |

error[E0277]: `()` is not a future
    --> src/security/circuit_breaker.rs:1516:61
     |
1516 |         tokio::time::sleep(Duration::from_millis(10)).await.await;
     |                                                             ^^^^^ `()` is not a future
     |
     = help: the trait `futures::Future` is not implemented for `()`
     = note: () must be a future or must implement `IntoFuture` to be awaited
     = note: required for `()` to implement `std::future::IntoFuture`
help: remove the `.await`
     |
1516 -         tokio::time::sleep(Duration::from_millis(10)).await.await;
1516 +         tokio::time::sleep(Duration::from_millis(10)).await;
     |

error[E0063]: missing field `num_values` in initializer of `analytics::statistics::ColumnStatistics`
   --> src/analytics/statistics.rs:485:21
    |
485 |         let stats = ColumnStatistics {
    |                     ^^^^^^^^^^^^^^^^ missing `num_values`

error[E0560]: struct `catalog::Column` has no field named `default_value`
   --> src/analytics/view_management.rs:205:27
    |
205 |                           default_value: None,
    |                           ^^^^^^^^^^^^^ `catalog::Column` does not have this field
    |
    = note: all struct fields are already assigned

error[E0609]: no field `max_workers` on type `parallel_query::WorkerPool`
    --> src/rac/parallel_query.rs:1021:25
     |
1021 |         assert_eq!(pool.max_workers, 4);
     |                         ^^^^^^^^^^^ unknown field
     |
help: a field with a similar name exists
     |
1021 |         assert_eq!(pool._max_workers, 4);
     |                         +

error[E0308]: mismatched types
    --> src/performance/mod.rs:1813:25
     |
1813 |             created_at: (),
     |                         ^^ expected `SystemTime`, found `()`

error[E0308]: mismatched types
    --> src/performance/mod.rs:1802:54
     |
1802 |           governor.create_group("default".to_string(), ResourceGroup {
     |  __________________------------________________________^
     | |                  |
     | |                  arguments to this method are incorrect
1803 | |             name: "".to_string(),
1804 | |             priority: 0,
1805 | |             limits: Default::default(),
...    |
1813 | |             created_at: (),
1814 | |         }).unwrap();
     | |_________^ expected `performance::ResourceGroup`, found `ResourceGroup`
     |
     = note: `ResourceGroup` and `performance::ResourceGroup` have similar names, but are actually distinct types
note: `ResourceGroup` is defined in module `crate::monitoring::resource_manager` of the current crate
    --> src/monitoring/resource_manager.rs:102:1
     |
 102 | pub struct ResourceGroup {
     | ^^^^^^^^^^^^^^^^^^^^^^^^
note: `performance::ResourceGroup` is defined in module `crate::performance` of the current crate
    --> src/performance/mod.rs:1633:1
     |
1633 | pub struct ResourceGroup {
     | ^^^^^^^^^^^^^^^^^^^^^^^^
note: method defined here
    --> src/performance/mod.rs:1596:12
     |
1596 |     pub fn create_group(&self, name: String, limits: ResourceGroup) -> Result<()> {
     |            ^^^^^^^^^^^^                      ---------------------

error[E0277]: `()` is not a future
   --> src/orchestration/actor.rs:690:42
    |
690 |         sleep(Duration::from_millis(50)).await;
    |         -------------------------------- ^^^^^ `()` is not a future
    |         |
    |         this call returns `()`
    |
    = help: the trait `futures::Future` is not implemented for `()`
    = note: () must be a future or must implement `IntoFuture` to be awaited
    = note: required for `()` to implement `std::future::IntoFuture`
help: remove the `.await`
    |
690 -         sleep(Duration::from_millis(50)).await;
690 +         sleep(Duration::from_millis(50));
    |

error[E0277]: `()` is not a future
   --> src/orchestration/actor.rs:732:42
    |
732 |         sleep(Duration::from_millis(50)).await;
    |         -------------------------------- ^^^^^ `()` is not a future
    |         |
    |         this call returns `()`
    |
    = help: the trait `futures::Future` is not implemented for `()`
    = note: () must be a future or must implement `IntoFuture` to be awaited
    = note: required for `()` to implement `std::future::IntoFuture`
help: remove the `.await`
    |
732 -         sleep(Duration::from_millis(50)).await;
732 +         sleep(Duration::from_millis(50));
    |

error[E0433]: failed to resolve: use of unresolved module or unlinked crate `check1`
   --> src/orchestration/health.rs:678:52
    |
678 |         let checker1 = Arc::new(HealthChecker::new(check1::from_secs(1), Default::default()));
    |                                                    ^^^^^^ use of unresolved module or unlinked crate `check1`
    |
help: there is a crate or module with a similar name
    |
678 -         let checker1 = Arc::new(HealthChecker::new(check1::from_secs(1), Default::default()));
678 +         let checker1 = Arc::new(HealthChecker::new(check::from_secs(1), Default::default()));
    |

error[E0433]: failed to resolve: use of unresolved module or unlinked crate `check2`
   --> src/orchestration/health.rs:679:52
    |
679 |         let checker2 = Arc::new(HealthChecker::new(check2::from_secs(1), Default::default()));
    |                                                    ^^^^^^ use of unresolved module or unlinked crate `check2`
    |
help: there is a crate or module with a similar name
    |
679 -         let checker2 = Arc::new(HealthChecker::new(check2::from_secs(1), Default::default()));
679 +         let checker2 = Arc::new(HealthChecker::new(check::from_secs(1), Default::default()));
    |

error[E0624]: associated function `new` is private
   --> src/api/gateway/audit.rs:227:39
    |
227 |         let mut bucket = TokenBucket::new();
    |                                       ^^^ private associated function
    |
   ::: src/api/gateway/ratelimit.rs:204:5
    |
204 |     fn new(capacity: u64, refill_rate: f64) -> Self {
    |     ----------------------------------------------- private associated function defined here

error[E0061]: this function takes 2 arguments but 0 arguments were supplied
   --> src/api/gateway/audit.rs:227:26
    |
227 |         let mut bucket = TokenBucket::new();
    |                          ^^^^^^^^^^^^^^^^-- two arguments of type `u64` and `f64` are missing
    |
note: associated function defined here
   --> src/api/gateway/ratelimit.rs:204:8
    |
204 |     fn new(capacity: u64, refill_rate: f64) -> Self {
    |        ^^^ -------------  ----------------
help: provide the arguments
    |
227 |         let mut bucket = TokenBucket::new(/* u64 */, /* f64 */);
    |                                           ++++++++++++++++++++

error[E0624]: associated function `new` is private
   --> src/api/gateway/audit.rs:240:41
    |
240 |         let mut window = SlidingWindow::new();
    |                                         ^^^ private associated function
    |
   ::: src/api/gateway/ratelimit.rs:238:5
    |
238 |     fn new(window_size: u64, max_requests: u64) -> Self {
    |     --------------------------------------------------- private associated function defined here

error[E0061]: this function takes 2 arguments but 0 arguments were supplied
   --> src/api/gateway/audit.rs:240:26
    |
240 |         let mut window = SlidingWindow::new();
    |                          ^^^^^^^^^^^^^^^^^^-- two arguments of type `u64` and `u64` are missing
    |
note: associated function defined here
   --> src/api/gateway/ratelimit.rs:238:8
    |
238 |     fn new(window_size: u64, max_requests: u64) -> Self {
    |        ^^^ ----------------  -----------------
help: provide the arguments
    |
240 |         let mut window = SlidingWindow::new(/* u64 */, /* u64 */);
    |                                             ++++++++++++++++++++

error[E0624]: associated function `new` is private
   --> src/api/gateway/audit.rs:253:40
    |
253 |         let detector = ThreatDetector::new();
    |                                        ^^^ private associated function
    |
   ::: src/api/gateway/security.rs:172:5
    |
172 |     fn new() -> Self {
    |     ---------------- private associated function defined here

error[E0624]: associated function `new` is private
   --> src/api/gateway/audit.rs:270:32
    |
270 |         let filter = IpFilter::new();
    |                                ^^^ private associated function
    |
   ::: src/api/gateway/security.rs:260:5
    |
260 |     fn new(mode: IpFilterMode) -> Self {
    |     ---------------------------------- private associated function defined here

error[E0061]: this function takes 1 argument but 0 arguments were supplied
   --> src/api/gateway/audit.rs:270:22
    |
270 |         let filter = IpFilter::new();
    |                      ^^^^^^^^^^^^^-- argument #1 of type `gateway::security::IpFilterMode` is missing
    |
note: associated function defined here
   --> src/api/gateway/security.rs:260:8
    |
260 |     fn new(mode: IpFilterMode) -> Self {
    |        ^^^ ------------------
help: provide the argument
    |
270 |         let filter = IpFilter::new(/* gateway::security::IpFilterMode */);
    |                                    +++++++++++++++++++++++++++++++++++++

error[E0624]: associated function `new` is private
   --> src/api/gateway/audit.rs:285:33
    |
285 |         let rbac = RbacManager::new();
    |                                 ^^^ private associated function
    |
   ::: src/api/gateway/authz.rs:177:5
    |
177 |     fn new() -> Self {
    |     ---------------- private associated function defined here

warning: unused variable: `frames`
   --> src/buffer/eviction.rs:901:13
    |
901 |         let frames = create_test_frames(10);
    |             ^^^^^^ help: if this is intentional, prefix it with an underscore: `_frames`
    |
    = note: `#[warn(unused_variables)]` (part of `#[warn(unused)]`) on by default

warning: unused variable: `guard`
   --> src/buffer/page_cache.rs:756:17
    |
756 |             let guard = FrameGuard::new(frame.clone());
    |                 ^^^^^ help: if this is intentional, prefix it with an underscore: `_guard`

warning: unused variable: `frames`
   --> src/buffer/arc.rs:496:13
    |
496 |         let frames = create_test_frames(10);
    |             ^^^^^^ help: if this is intentional, prefix it with an underscore: `_frames`

warning: unused variable: `frames`
   --> src/buffer/arc.rs:517:13
    |
517 |         let frames = create_test_frames(10);
    |             ^^^^^^ help: if this is intentional, prefix it with an underscore: `_frames`

warning: unused variable: `frames`
   --> src/buffer/arc.rs:582:13
    |
582 |         let frames = create_test_frames(20);
    |             ^^^^^^ help: if this is intentional, prefix it with an underscore: `_frames`

warning: unused variable: `frames`
   --> src/buffer/lirs.rs:533:13
    |
533 |         let frames = create_test_frames(10);
    |             ^^^^^^ help: if this is intentional, prefix it with an underscore: `_frames`

warning: unused variable: `frames`
   --> src/buffer/lirs.rs:548:13
    |
548 |         let frames = create_test_frames(10);
    |             ^^^^^^ help: if this is intentional, prefix it with an underscore: `_frames`

warning: unused variable: `frames`
   --> src/buffer/lirs.rs:567:13
    |
567 |         let frames = create_test_frames(10);
    |             ^^^^^^ help: if this is intentional, prefix it with an underscore: `_frames`

warning: unused variable: `frames`
   --> src/buffer/lirs.rs:586:13
    |
586 |         let frames = create_test_frames(20);
    |             ^^^^^^ help: if this is intentional, prefix it with an underscore: `_frames`

warning: unused variable: `guard`
   --> src/buffer/lockfree_latch.rs:536:17
    |
536 |             let guard = WriteGuard::new(&latch);
    |                 ^^^^^ help: if this is intentional, prefix it with an underscore: `_guard`

warning: unused variable: `guard`
   --> src/buffer/lockfree_latch.rs:590:25
    |
590 |                     let guard = WriteGuard::new(&latch_clone);
    |                         ^^^^^ help: if this is intentional, prefix it with an underscore: `_guard`

warning: unused variable: `guard`
   --> src/buffer/lockfree_latch.rs:609:13
    |
609 |         let guard = WriteGuard::new(&latch);
    |             ^^^^^ help: if this is intentional, prefix it with an underscore: `_guard`

warning: unused variable: `guard`
   --> src/buffer/mod.rs:507:17
    |
507 |             let guard = FrameGuard::new(frame.clone());
    |                 ^^^^^ help: if this is intentional, prefix it with an underscore: `_guard`

warning: unused variable: `data`
   --> src/buffer/mod.rs:553:17
    |
553 |             let data = guard.write_data();
    |                 ^^^^ help: if this is intentional, prefix it with an underscore: `_data`

error[E0502]: cannot borrow `block.row_directory` as immutable because it is also borrowed as mutable
   --> src/compression/oltp.rs:605:43
    |
605 |         compressor.update_row(&mut block, block.row_directory[0].row_id, new_row.clone()).unwrap();
    |                    ---------- ----------  ^^^^^^^^^^^^^^^^^^^ immutable borrow occurs here
    |                    |          |
    |                    |          mutable borrow occurs here
    |                    mutable borrow later used by call

warning: unused variable: `txn1`
   --> src/transaction/manager.rs:418:13
    |
418 |         let txn1 = tm.begin().unwrap();
    |             ^^^^
    |
help: if this is intentional, prefix it with an underscore
    |
418 |         let _txn1 = tm.begin().unwrap();
    |             +
help: you might have meant to pattern match on the similarly named constant `PRIME2`
    |
418 -         let txn1 = tm.begin().unwrap();
418 +         let simd::hash::wyhash::PRIME2 = tm.begin().unwrap();
    |

warning: unused variable: `txn2`
   --> src/transaction/manager.rs:419:13
    |
419 |         let txn2 = tm.begin().unwrap();
    |             ^^^^
    |
help: if this is intentional, prefix it with an underscore
    |
419 |         let _txn2 = tm.begin().unwrap();
    |             +
help: you might have meant to pattern match on the similarly named constant `PRIME2`
    |
419 -         let txn2 = tm.begin().unwrap();
419 +         let simd::hash::wyhash::PRIME2 = tm.begin().unwrap();
    |

warning: unused variable: `ts1`
   --> src/transaction/mvcc.rs:798:13
    |
798 |         let ts1 = si.begin_transaction(1, false);
    |             ^^^ help: if this is intentional, prefix it with an underscore: `_ts1`

warning: unused variable: `ts2`
   --> src/transaction/mvcc.rs:801:13
    |
801 |         let ts2 = si.begin_transaction(2, false);
    |             ^^^ help: if this is intentional, prefix it with an underscore: `_ts2`

warning: unused variable: `min_lsn`
   --> src/transaction/recovery.rs:778:14
    |
778 |         let (min_lsn, undo_list) = recovery.analysis_phase().await.unwrap();
    |              ^^^^^^^
    |
help: if this is intentional, prefix it with an underscore
    |
778 |         let (_min_lsn, undo_list) = recovery.analysis_phase().await.unwrap();
    |              +
help: you might have meant to pattern match on the similarly named constant `PRIME2`
    |
778 -         let (min_lsn, undo_list) = recovery.analysis_phase().await.unwrap();
778 +         let (simd::hash::wyhash::PRIME2, undo_list) = recovery.analysis_phase().await.unwrap();
    |

warning: variable does not need to be mutable
   --> src/execution/string_functions.rs:695:13
    |
695 |         let mut executor = StringFunctionExecutor::new();
    |             ----^^^^^^^^
    |             |
    |             help: remove this `mut`
    |
    = note: `#[warn(unused_mut)]` (part of `#[warn(unused)]`) on by default

warning: unused variable: `cap3`
   --> src/networking/protocol/handshake.rs:435:13
    |
435 |         let cap3 = NodeCapabilities {
    |             ^^^^ help: if this is intentional, prefix it with an underscore: `_cap3`

error: captured variable cannot escape `FnMut` closure body
   --> src/networking/loadbalancer/retry.rs:418:25
    |
416 |           let mut attempts = 0;
    |               ------------ variable defined here
417 |           let result = policy
418 |               .execute(|| async {
    |  _______________________-_^
    | |                       |
    | |                       inferred to be a `FnMut` closure
419 | |                 attempts += 1;
    | |                 -------- variable captured here
420 | |                 if attempts < 2 {
421 | |                     Err(DbError::Network("Transient error".to_string()))
...   |
425 | |             })
    | |_____________^ returns an `async` block that contains a reference to a captured variable, which then escapes the closure body
    |
    = note: `FnMut` closures only have access to their captured variables while they are executing...
    = note: ...therefore, they cannot allow references to captured variables to escape

error: captured variable cannot escape `FnMut` closure body
   --> src/networking/loadbalancer/retry.rs:438:25
    |
436 |           let mut attempts = 0;
    |               ------------ variable defined here
437 |           let result = policy
438 |               .execute(|| async {
    |  _______________________-_^
    | |                       |
    | |                       inferred to be a `FnMut` closure
439 | |                 attempts += 1;
    | |                 -------- variable captured here
440 | |                 Err::<(), _>(DbError::Network("Persistent error".to_string()))
441 | |             })
    | |_____________^ returns an `async` block that contains a reference to a captured variable, which then escapes the closure body
    |
    = note: `FnMut` closures only have access to their captured variables while they are executing...
    = note: ...therefore, they cannot allow references to captured variables to escape

error: captured variable cannot escape `FnMut` closure body
   --> src/networking/loadbalancer/retry.rs:487:25
    |
485 |           let mut attempts = 0;
    |               ------------ variable defined here
486 |           let result = policy
487 |               .execute(|| async {
    |  _______________________-_^
    | |                       |
    | |                       inferred to be a `FnMut` closure
488 | |                 attempts += 1;
    | |                 -------- variable captured here
489 | |                 Err::<(), _>(DbError::Network("Error".to_string()))
490 | |             })
    | |_____________^ returns an `async` block that contains a reference to a captured variable, which then escapes the closure body
    |
    = note: `FnMut` closures only have access to their captured variables while they are executing...
    = note: ...therefore, they cannot allow references to captured variables to escape

warning: unused variable: `result`
   --> src/networking/discovery/kubernetes.rs:313:13
    |
313 |         let result = discovery.initialize().await;
    |             ^^^^^^ help: if this is intentional, prefix it with an underscore: `_result`

warning: unused variable: `discovery`
   --> src/networking/discovery/kubernetes.rs:327:17
    |
327 |         let mut discovery = KubernetesDiscovery::new(config);
    |                 ^^^^^^^^^ help: if this is intentional, prefix it with an underscore: `_discovery`

warning: variable does not need to be mutable
   --> src/networking/discovery/kubernetes.rs:327:13
    |
327 |         let mut discovery = KubernetesDiscovery::new(config);
    |             ----^^^^^^^^^
    |             |
    |             help: remove this `mut`

warning: unused variable: `dequeued`
   --> src/networking/routing/queue.rs:507:13
    |
507 |         let dequeued = manager.dequeue(&node_id).unwrap();
    |             ^^^^^^^^ help: if this is intentional, prefix it with an underscore: `_dequeued`

error[E0382]: borrow of moved value: `builder`
    --> src/security/injection_prevention.rs:1180:28
     |
1178 |             let mut builder = ParameterizedQueryBuilder::new();
     |                 ----------- move occurs because `builder` has type `injection_prevention::ParameterizedQueryBuilder`, which does not implement the `Copy` trait
1179 |             builder.template("SELECT * FROM users WHERE id = ?");
     |                     -------------------------------------------- `builder` moved due to this method call
1180 |             let param_id = builder.add_parameter("id", ParameterValue::Integer(123)).unwrap();
     |                            ^^^^^^^ value borrowed here after move
     |
note: `injection_prevention::ParameterizedQueryBuilder::template` takes ownership of the receiver `self`, which moves `builder`
    --> src/security/injection_prevention.rs:716:25
     |
 716 |     pub fn template(mut self, template: &str) -> Self {
     |                         ^^^^

error: captured variable cannot escape `FnMut` closure body
    --> src/security/circuit_breaker.rs:1539:36
     |
1538 |           let mut attempt = 0;
     |               ----------- variable defined here
1539 |           let result = retry.call(|| async {
     |  __________________________________-_^
     | |                                  |
     | |                                  inferred to be a `FnMut` closure
1540 | |             attempt += 1;
     | |             ------- variable captured here
1541 | |             if attempt < 3 {
1542 | |                 Err::<(), DbError>(DbError::Network("temporary failure".to_string()))
...    |
1546 | |         }).await;
     | |_________^ returns an `async` block that contains a reference to a captured variable, which then escapes the closure body
     |
     = note: `FnMut` closures only have access to their captured variables while they are executing...
     = note: ...therefore, they cannot allow references to captured variables to escape

warning: unused variable: `grant_id`
   --> src/security/mod.rs:471:13
    |
471 |         let grant_id = security.privileges.grant_system_privilege(
    |             ^^^^^^^^ help: if this is intentional, prefix it with an underscore: `_grant_id`

warning: unused variable: `i`
   --> src/monitoring/ash.rs:601:13
    |
601 |         for i in 0..5 {
    |             ^
    |
help: if this is intentional, prefix it with an underscore
    |
601 |         for _i in 0..5 {
    |             +
help: you might have meant to pattern match on the similarly named constant `EPSG_3395`
    |
601 -         for i in 0..5 {
601 +         for spatial::srs::well_known_srid::EPSG_3395 in 0..5 {
    |

warning: unused variable: `i`
   --> src/monitoring/ash.rs:620:13
    |
620 |         for i in 0..3 {
    |             ^
    |
help: if this is intentional, prefix it with an underscore
    |
620 |         for _i in 0..3 {
    |             +
help: you might have meant to pattern match on the similarly named constant `EPSG_3395`
    |
620 -         for i in 0..3 {
620 +         for spatial::srs::well_known_srid::EPSG_3395 in 0..3 {
    |

warning: unused variable: `i`
   --> src/monitoring/ash.rs:627:13
    |
627 |         for i in 0..2 {
    |             ^
    |
help: if this is intentional, prefix it with an underscore
    |
627 |         for _i in 0..2 {
    |             +
help: you might have meant to pattern match on the similarly named constant `EPSG_3395`
    |
627 -         for i in 0..2 {
627 +         for spatial::srs::well_known_srid::EPSG_3395 in 0..2 {
    |

warning: variable does not need to be mutable
   --> src/monitoring/resource_manager.rs:667:13
    |
667 |         let mut usage = QueryResourceUsage::new(1, 100, "default")
    |             ----^^^^^
    |             |
    |             help: remove this `mut`

warning: unused variable: `miner`
   --> src/backup/pitr.rs:657:13
    |
657 |         let miner = LogMiner::new(PathBuf::from("/tmp/logs"));
    |             ^^^^^ help: if this is intentional, prefix it with an underscore: `_miner`

warning: variable does not need to be mutable
   --> src/backup/pitr.rs:658:13
    |
658 |         let mut query = FlashbackQuery::new("test_table".to_string(), SystemTime::now(), 1000);
    |             ----^^^^^
    |             |
    |             help: remove this `mut`

warning: unused variable: `free`
   --> src/multitenant/shared.rs:628:20
    |
628 |         let (used, free) = undo.get_usage().await;
    |                    ^^^^
    |
help: if this is intentional, prefix it with an underscore
    |
628 |         let (used, _free) = undo.get_usage().await;
    |                    +
help: you might have meant to pattern match on the similarly named constant `PRIME2`
    |
628 -         let (used, free) = undo.get_usage().await;
628 +         let (used, simd::hash::wyhash::PRIME2) = undo.get_usage().await;
    |

warning: unused variable: `free`
   --> src/multitenant/shared.rs:643:20
    |
643 |         let (used, free) = temp.get_usage().await;
    |                    ^^^^
    |
help: if this is intentional, prefix it with an underscore
    |
643 |         let (used, _free) = temp.get_usage().await;
    |                    +
help: you might have meant to pattern match on the similarly named constant `PRIME2`
    |
643 -         let (used, free) = temp.get_usage().await;
643 +         let (used, simd::hash::wyhash::PRIME2) = temp.get_usage().await;
    |

warning: unused variable: `v1`
   --> src/graph/analytics.rs:810:13
    |
810 |         let v1 = graph1.add_vertex(vec![], Properties::new()).unwrap();
    |             ^^
    |
help: if this is intentional, prefix it with an underscore
    |
810 |         let _v1 = graph1.add_vertex(vec![], Properties::new()).unwrap();
    |             +
help: you might have meant to pattern match on the similarly named constant `PRIME2`
    |
810 -         let v1 = graph1.add_vertex(vec![], Properties::new()).unwrap();
810 +         let simd::hash::wyhash::PRIME2 = graph1.add_vertex(vec![], Properties::new()).unwrap();
    |

warning: unused variable: `edge`
   --> src/graph/mod.rs:327:13
    |
327 |         let edge = graph.add_edge(
    |             ^^^^
    |
help: if this is intentional, prefix it with an underscore
    |
327 |         let _edge = graph.add_edge(
    |             +
help: you might have meant to pattern match on the similarly named constant `PRIME2`
    |
327 -         let edge = graph.add_edge(
327 +         let simd::hash::wyhash::PRIME2 = graph.add_edge(
    |

warning: unused variable: `instance`
   --> src/procedures/packages.rs:774:13
    |
774 |         let instance = manager.get_instance("vars_package")?;
    |             ^^^^^^^^ help: if this is intentional, prefix it with an underscore: `_instance`

warning: unused variable: `span1`
   --> src/enterprise/cross_cutting.rs:796:13
    |
796 |         let span1 = ctx.start_span("operation1").await;
    |             ^^^^^ help: if this is intentional, prefix it with an underscore: `_span1`

warning: unused variable: `span2`
   --> src/enterprise/cross_cutting.rs:799:13
    |
799 |         let span2 = ctx.start_span("operation2").await;
    |             ^^^^^ help: if this is intentional, prefix it with an underscore: `_span2`

warning: variable `accepted` is assigned to, but never used
   --> src/orchestration/degradation.rs:600:17
    |
600 |         let mut accepted = 0;
    |                 ^^^^^^^^
    |
    = note: consider using `_accepted` instead
help: you might have meant to pattern match on the similarly named constant `EPSG_3395`
    |
600 -         let mut accepted = 0;
600 +         let mut spatial::srs::well_known_srid::EPSG_3395 = 0;
    |

warning: variable does not need to be mutable
   --> src/streams/replication.rs:685:13
    |
685 |         let mut repl = LogicalReplication::new(config, cdc_engine);
    |             ----^^^^
    |             |
    |             help: remove this `mut`

warning: unused variable: `result`
   --> src/event_processing/analytics.rs:925:13
    |
925 |         let result = engine.process_event(&event).unwrap();
    |             ^^^^^^ help: if this is intentional, prefix it with an underscore: `_result`

warning: unused variable: `loaded`
   --> src/event_processing/sourcing.rs:759:13
    |
759 |         let loaded = repo.load(&aggregate_id).unwrap();
    |             ^^^^^^ help: if this is intentional, prefix it with an underscore: `_loaded`

warning: unused variable: `results`
    --> src/event_processing/windows.rs:1076:13
     |
1076 |         let results = aggregator.compute_aggregates();
     |             ^^^^^^^ help: if this is intentional, prefix it with an underscore: `_results`

warning: unused variable: `row_id2`
   --> src/blockchain/ledger.rs:842:13
    |
842 |         let row_id2 = table.insert(data2, "user1".to_string()).unwrap();
    |             ^^^^^^^
    |
help: if this is intentional, prefix it with an underscore
    |
842 |         let _row_id2 = table.insert(data2, "user1".to_string()).unwrap();
    |             +
help: you might have meant to pattern match on the similarly named constant `PRIME2`
    |
842 -         let row_id2 = table.insert(data2, "user1".to_string()).unwrap();
842 +         let simd::hash::wyhash::PRIME2 = table.insert(data2, "user1".to_string()).unwrap();
    |

warning: unused variable: `now`
   --> src/resource_manager/plans.rs:849:13
    |
849 |         let now = Utc::now();
    |             ^^^ help: if this is intentional, prefix it with an underscore: `_now`

warning: unused variable: `buf1`
   --> src/io/buffer_pool.rs:623:13
    |
623 |         let buf1 = pool.allocate(PAGE_SIZE).unwrap();
    |             ^^^^ help: if this is intentional, prefix it with an underscore: `_buf1`

warning: unused variable: `buf2`
   --> src/io/buffer_pool.rs:624:13
    |
624 |         let buf2 = pool.allocate(PAGE_SIZE).unwrap();
    |             ^^^^ help: if this is intentional, prefix it with an underscore: `_buf2`

warning: unused variable: `buf1`
   --> src/io/buffer_pool.rs:646:13
    |
646 |         let buf1 = pool
    |             ^^^^ help: if this is intentional, prefix it with an underscore: `_buf1`

warning: unused variable: `buf3`
   --> src/io/buffer_pool.rs:657:13
    |
657 |         let buf3 = pool.allocate(PAGE_SIZE).unwrap();
    |             ^^^^ help: if this is intentional, prefix it with an underscore: `_buf3`

warning: unused variable: `guard`
   --> src/concurrent/epoch.rs:618:17
    |
618 |             let guard = Epoch::pin();
    |                 ^^^^^ help: if this is intentional, prefix it with an underscore: `_guard`

warning: unused variable: `pool`
   --> src/concurrent/work_stealing.rs:634:14
    |
634 |         let (pool, mut workers) = WorkStealingPool::new(4);
    |              ^^^^ help: if this is intentional, prefix it with an underscore: `_pool`

warning: unused variable: `tl`
   --> src/concurrent/hazard.rs:542:17
    |
542 |             let tl = tl.borrow();
    |                 ^^ help: if this is intentional, prefix it with an underscore: `_tl`

warning: unused variable: `guard`
   --> src/concurrent/hazard.rs:557:25
    |
557 |                     let guard = HazardGuard::new(ptr);
    |                         ^^^^^ help: if this is intentional, prefix it with an underscore: `_guard`

Some errors have detailed explanations: E0027, E0061, E0063, E0252, E0277, E0308, E0382, E0412, E0425...
For more information about an error, try `rustc --explain E0027`.
warning: `rusty-db` (lib test) generated 124 warnings
error: could not compile `rusty-db` (lib test) due to 71 previous errors; 124 warnings emitted

VAULT-003: Running Key Store Tests...
   Compiling rusty-db v0.1.0 (/home/user/rusty-db)
error: the `#[test]` attribute may only be used on a non-associated function
   --> src/transaction/types.rs:531:5
    |
531 |     #[test]
    |     ^^^^^^^ the `#[test]` macro causes a function to be run as a test and has no effect on non-functions
532 | use crate::transaction::types::{IsolationLevel, TransactionState};
    | ------------------------------------------------------------------ expected a non-associated function, found a `use` import
    |
help: replace with conditional compilation to make the item only exist when tests are being run
    |
531 -     #[test]
531 +     #[cfg(test)]
    |

error[E0252]: the name `TransactionState` is defined multiple times
   --> src/transaction/types.rs:532:49
    |
502 |     use crate::network::distributed::TransactionState;
    |         --------------------------------------------- previous import of the type `TransactionState` here
...
532 | use crate::transaction::types::{IsolationLevel, TransactionState};
    |                                                 ^^^^^^^^^^^^^^^^ `TransactionState` reimported here
    |
    = note: `TransactionState` must be defined only once in the type namespace of this module
help: you can use `as` to change the binding name of the import
    |
532 | use crate::transaction::types::{IsolationLevel, TransactionState as OtherTransactionState};
    |                                                                  ++++++++++++++++++++++++

error[E0252]: the name `IsolationLevel` is defined multiple times
   --> src/transaction/types.rs:532:33
    |
501 |     use crate::IsolationLevel;
    |         --------------------- previous import of the type `IsolationLevel` here
...
532 | use crate::transaction::types::{IsolationLevel, TransactionState};
    |                                 ^^^^^^^^^^^^^^ `IsolationLevel` reimported here
    |
    = note: `IsolationLevel` must be defined only once in the type namespace of this module
help: you can use `as` to change the binding name of the import
    |
532 | use crate::transaction::types::{IsolationLevel as OtherIsolationLevel, TransactionState};
    |                                                ++++++++++++++++++++++

error[E0252]: the name `Transaction` is defined multiple times
   --> src/transaction/types.rs:533:13
    |
503 |     use crate::transaction::{Transaction, Version};
    |                              ----------- previous import of the type `Transaction` here
...
533 |         use crate::transaction::Transaction;
    |             ^^^^^^^^^^^^^^^^^^^^^^^^^^^^^^^ `Transaction` reimported here
    |
    = note: `Transaction` must be defined only once in the type namespace of this module

error[E0432]: unresolved import `crate::network::connection_management`
  --> src/network/advanced_protocol/errors.rs:89:29
   |
89 |         use crate::network::connection_management::ConnectionState;
   |                             ^^^^^^^^^^^^^^^^^^^^^ could not find `connection_management` in `network`

error[E0432]: unresolved import `crate::catalog::ColumnType`
   --> src/analytics/view_management.rs:192:42
    |
192 |     use crate::catalog::{Schema, Column, ColumnType};
    |                                          ^^^^^^^^^^ no `ColumnType` in `catalog`
    |
    = help: consider importing one of these items instead:
            crate::api::ColumnType
            crate::storage::ColumnType
note: enum `crate::procedures::builtins::ColumnType` exists but is inaccessible
   --> src/procedures/builtins.rs:194:1
    |
194 | enum ColumnType {
    | ^^^^^^^^^^^^^^^ not accessible

error[E0433]: failed to resolve: use of undeclared type `ConnectionState`
   --> src/networking/transport/pool.rs:361:24
    |
361 |         conn.set_state(ConnectionState::Active).await.unwrap();
    |                        ^^^^^^^^^^^^^^^ use of undeclared type `ConnectionState`
    |
note: enum `crate::rac::interconnect::ConnectionState` exists but is inaccessible
   --> src/rac/interconnect.rs:360:1
    |
360 | enum ConnectionState {
    | ^^^^^^^^^^^^^^^^^^^^ not accessible
help: a struct with a similar name exists
    |
361 -         conn.set_state(ConnectionState::Active).await.unwrap();
361 +         conn.set_state(Connection::Active).await.unwrap();
    |
help: consider importing one of these enums
    |
315 +     use crate::network::ConnectionState;
    |
315 +     use crate::networking::ConnectionState;
    |
315 +     use crate::networking::pool::ConnectionState;
    |
315 +     use crate::pool::connection_pool::core::ConnectionState;
    |

error[E0433]: failed to resolve: use of undeclared type `Duration`
   --> src/networking/discovery/static_list.rs:319:30
    |
319 |             reload_interval: Duration::from_secs(60),
    |                              ^^^^^^^^ use of undeclared type `Duration`
    |
help: consider importing one of these items
    |
311 +     use crate::networking::discovery::Duration;
    |
311 +     use std::time::Duration;
    |
311 +     use chrono::Duration;
    |
311 +     use tokio::time::Duration;
    |

error[E0433]: failed to resolve: use of undeclared type `Duration`
   --> src/networking/discovery/static_list.rs:352:30
    |
352 |             reload_interval: Duration::from_secs(60),
    |                              ^^^^^^^^ use of undeclared type `Duration`
    |
help: consider importing one of these items
    |
311 +     use crate::networking::discovery::Duration;
    |
311 +     use std::time::Duration;
    |
311 +     use chrono::Duration;
    |
311 +     use tokio::time::Duration;
    |

error[E0433]: failed to resolve: use of undeclared type `HashMap`
   --> src/networking/discovery/cloud/mod.rs:411:26
    |
411 |             tag_filters: HashMap::new(),
    |                          ^^^^^^^ use of undeclared type `HashMap`
    |
help: consider importing one of these structs
    |
404 +     use crate::networking::discovery::HashMap;
    |
404 +     use std::collections::HashMap;
    |

error[E0433]: failed to resolve: use of undeclared type `HashMap`
   --> src/networking/discovery/cloud/mod.rs:426:26
    |
426 |             tag_filters: HashMap::new(),
    |                          ^^^^^^^ use of undeclared type `HashMap`
    |
help: consider importing one of these structs
    |
404 +     use crate::networking::discovery::HashMap;
    |
404 +     use std::collections::HashMap;
    |

error[E0412]: cannot find type `MembershipEvent` in this scope
   --> src/networking/manager.rs:628:64
    |
628 |         async fn watch_changes(&self) -> Result<mpsc::Receiver<MembershipEvent>> {
    |                                                                ^^^^^^^^^^^^^^^ not found in this scope
    |
help: consider importing one of these enums
    |
570 +     use crate::network::MembershipEvent;
    |
570 +     use crate::networking::MembershipEvent;
    |

error[E0412]: cannot find type `MembershipEvent` in this scope
   --> src/networking/manager.rs:724:79
    |
724 |         async fn subscribe_membership_changes(&self) -> Result<mpsc::Receiver<MembershipEvent>> {
    |                                                                               ^^^^^^^^^^^^^^^ not found in this scope
    |
help: consider importing one of these enums
    |
570 +     use crate::network::MembershipEvent;
    |
570 +     use crate::networking::MembershipEvent;
    |

error[E0433]: failed to resolve: use of undeclared type `NodeInfo`
   --> src/networking/api.rs:515:26
    |
515 |         let local_node = NodeInfo::new(
    |                          ^^^^^^^^ use of undeclared type `NodeInfo`
    |
note: struct `crate::networking::discovery::etcd::NodeInfo` exists but is inaccessible
   --> src/networking/discovery/etcd.rs:516:1
    |
516 | struct NodeInfo {
    | ^^^^^^^^^^^^^^^ not accessible
help: consider importing one of these structs
    |
507 +     use crate::clustering::NodeInfo;
    |
507 +     use crate::network::NodeInfo;
    |
507 +     use crate::networking::NodeInfo;
    |
507 +     use crate::networking::autodiscovery::NodeInfo;
    |

error[E0433]: failed to resolve: use of undeclared type `NodeInfo`
   --> src/networking/graphql.rs:538:26
    |
538 |         let local_node = NodeInfo::new(
    |                          ^^^^^^^^ use of undeclared type `NodeInfo`
    |
note: struct `crate::networking::discovery::etcd::NodeInfo` exists but is inaccessible
   --> src/networking/discovery/etcd.rs:516:1
    |
516 | struct NodeInfo {
    | ^^^^^^^^^^^^^^^ not accessible
help: consider importing one of these structs
    |
530 +     use crate::clustering::NodeInfo;
    |
530 +     use crate::network::NodeInfo;
    |
530 +     use crate::networking::NodeInfo;
    |
530 +     use crate::networking::autodiscovery::NodeInfo;
    |

error[E0433]: failed to resolve: use of unresolved module or unlinked crate `mem`
   --> src/security/secure_gc.rs:953:9
    |
953 |         mem::forget(data);
    |         ^^^ use of unresolved module or unlinked crate `mem`
    |
    = help: if you wanted to use a crate named `mem`, use `cargo add mem` to add it to your `Cargo.toml`
    = note: module `crate::concurrent::work_stealing::tests::mem` exists but is inaccessible
help: consider importing this module
    |
877 +     use std::mem;
    |

error[E0433]: failed to resolve: use of undeclared type `HashSet`
   --> src/security/mod.rs:544:38
    |
544 |             authorized_compartments: HashSet::from(["SECRET".to_string()]),
    |                                      ^^^^^^^ use of undeclared type `HashSet`
    |
    = note: struct `crate::pool::session::state::tests::HashSet` exists but is inaccessible
help: consider importing this struct
    |
440 +     use std::collections::HashSet;
    |

error[E0433]: failed to resolve: use of undeclared type `HashSet`
   --> src/security/mod.rs:545:32
    |
545 |             authorized_groups: HashSet::new(),
    |                                ^^^^^^^ use of undeclared type `HashSet`
    |
    = note: struct `crate::pool::session::state::tests::HashSet` exists but is inaccessible
help: consider importing this struct
    |
440 +     use std::collections::HashSet;
    |

error[E0433]: failed to resolve: use of undeclared type `Duration`
   --> src/backup/backup_encryption.rs:630:46
    |
630 |         key.created_at = SystemTime::now() - Duration::from_secs(86400);
    |                                              ^^^^^^^^ use of undeclared type `Duration`
    |
help: consider importing one of these items
    |
598 +     use crate::memory::allocator::common::Duration;
    |
598 +     use std::time::Duration;
    |
598 +     use chrono::Duration;
    |
598 +     use tokio::time::Duration;
    |

error[E0425]: cannot find function `current_timestamp` in this scope
    --> src/flashback/transaction.rs:592:24
     |
 592 |             timestamp: current_timestamp(),
     |                        ^^^^^^^^^^^^^^^^^ not found in this scope
     |
note: these functions exist but are inaccessible
    --> src/networking/protocol/handshake.rs:367:1
     |
 367 | fn current_timestamp() -> u64 {
     | ^^^^^^^^^^^^^^^^^^^^^^^^^^^^^ `crate::networking::protocol::handshake::current_timestamp`: not accessible
     |
    ::: src/inmemory/population.rs:559:1
     |
 559 | fn current_timestamp() -> u64 {
     | ^^^^^^^^^^^^^^^^^^^^^^^^^^^^^ `crate::inmemory::population::current_timestamp`: not accessible
     |
    ::: src/inmemory/column_store.rs:724:1
     |
 724 | fn current_timestamp() -> u64 {
     | ^^^^^^^^^^^^^^^^^^^^^^^^^^^^^ `crate::inmemory::column_store::current_timestamp`: not accessible
     |
    ::: src/security/audit.rs:756:1
     |
 756 | fn current_timestamp() -> i64 {
     | ^^^^^^^^^^^^^^^^^^^^^^^^^^^^^ `crate::security::audit::current_timestamp`: not accessible
     |
    ::: src/security/authentication.rs:877:1
     |
 877 | fn current_timestamp() -> i64 {
     | ^^^^^^^^^^^^^^^^^^^^^^^^^^^^^ `crate::security::authentication::current_timestamp`: not accessible
     |
    ::: src/security/encryption.rs:712:1
     |
 712 | fn current_timestamp() -> i64 {
     | ^^^^^^^^^^^^^^^^^^^^^^^^^^^^^ `crate::security::encryption::current_timestamp`: not accessible
     |
    ::: src/security/encryption_engine.rs:1093:1
     |
1093 | fn current_timestamp() -> u64 {
     | ^^^^^^^^^^^^^^^^^^^^^^^^^^^^^ `crate::security::encryption_engine::current_timestamp`: not accessible
     |
    ::: src/security/insider_threat.rs:1356:1
     |
1356 | fn current_timestamp() -> i64 {
     | ^^^^^^^^^^^^^^^^^^^^^^^^^^^^^ `crate::security::insider_threat::current_timestamp`: not accessible
     |
    ::: src/security/labels.rs:618:1
     |
 618 | fn current_timestamp() -> i64 {
     | ^^^^^^^^^^^^^^^^^^^^^^^^^^^^^ `crate::security::labels::current_timestamp`: not accessible
     |
    ::: src/security/privileges.rs:797:1
     |
 797 | fn current_timestamp() -> i64 {
     | ^^^^^^^^^^^^^^^^^^^^^^^^^^^^^ `crate::security::privileges::current_timestamp`: not accessible
     |
    ::: src/security/rbac.rs:764:1
     |
 764 | fn current_timestamp() -> i64 {
     | ^^^^^^^^^^^^^^^^^^^^^^^^^^^^^ `crate::security::rbac::current_timestamp`: not accessible
help: consider importing one of these functions
     |
 579 +     use crate::flashback::current_timestamp;
     |
 579 +     use crate::security::security_core::common::current_timestamp;
     |

error[E0425]: cannot find function `current_timestamp` in this scope
    --> src/flashback/transaction.rs:613:24
     |
 613 |             timestamp: current_timestamp(),
     |                        ^^^^^^^^^^^^^^^^^ not found in this scope
     |
note: these functions exist but are inaccessible
    --> src/networking/protocol/handshake.rs:367:1
     |
 367 | fn current_timestamp() -> u64 {
     | ^^^^^^^^^^^^^^^^^^^^^^^^^^^^^ `crate::networking::protocol::handshake::current_timestamp`: not accessible
     |
    ::: src/inmemory/population.rs:559:1
     |
 559 | fn current_timestamp() -> u64 {
     | ^^^^^^^^^^^^^^^^^^^^^^^^^^^^^ `crate::inmemory::population::current_timestamp`: not accessible
     |
    ::: src/inmemory/column_store.rs:724:1
     |
 724 | fn current_timestamp() -> u64 {
     | ^^^^^^^^^^^^^^^^^^^^^^^^^^^^^ `crate::inmemory::column_store::current_timestamp`: not accessible
     |
    ::: src/security/audit.rs:756:1
     |
 756 | fn current_timestamp() -> i64 {
     | ^^^^^^^^^^^^^^^^^^^^^^^^^^^^^ `crate::security::audit::current_timestamp`: not accessible
     |
    ::: src/security/authentication.rs:877:1
     |
 877 | fn current_timestamp() -> i64 {
     | ^^^^^^^^^^^^^^^^^^^^^^^^^^^^^ `crate::security::authentication::current_timestamp`: not accessible
     |
    ::: src/security/encryption.rs:712:1
     |
 712 | fn current_timestamp() -> i64 {
     | ^^^^^^^^^^^^^^^^^^^^^^^^^^^^^ `crate::security::encryption::current_timestamp`: not accessible
     |
    ::: src/security/encryption_engine.rs:1093:1
     |
1093 | fn current_timestamp() -> u64 {
     | ^^^^^^^^^^^^^^^^^^^^^^^^^^^^^ `crate::security::encryption_engine::current_timestamp`: not accessible
     |
    ::: src/security/insider_threat.rs:1356:1
     |
1356 | fn current_timestamp() -> i64 {
     | ^^^^^^^^^^^^^^^^^^^^^^^^^^^^^ `crate::security::insider_threat::current_timestamp`: not accessible
     |
    ::: src/security/labels.rs:618:1
     |
 618 | fn current_timestamp() -> i64 {
     | ^^^^^^^^^^^^^^^^^^^^^^^^^^^^^ `crate::security::labels::current_timestamp`: not accessible
     |
    ::: src/security/privileges.rs:797:1
     |
 797 | fn current_timestamp() -> i64 {
     | ^^^^^^^^^^^^^^^^^^^^^^^^^^^^^ `crate::security::privileges::current_timestamp`: not accessible
     |
    ::: src/security/rbac.rs:764:1
     |
 764 | fn current_timestamp() -> i64 {
     | ^^^^^^^^^^^^^^^^^^^^^^^^^^^^^ `crate::security::rbac::current_timestamp`: not accessible
help: consider importing one of these functions
     |
 579 +     use crate::flashback::current_timestamp;
     |
 579 +     use crate::security::security_core::common::current_timestamp;
     |

error[E0425]: cannot find function `current_timestamp` in this scope
    --> src/flashback/transaction.rs:623:24
     |
 623 |             timestamp: current_timestamp(),
     |                        ^^^^^^^^^^^^^^^^^ not found in this scope
     |
note: these functions exist but are inaccessible
    --> src/networking/protocol/handshake.rs:367:1
     |
 367 | fn current_timestamp() -> u64 {
     | ^^^^^^^^^^^^^^^^^^^^^^^^^^^^^ `crate::networking::protocol::handshake::current_timestamp`: not accessible
     |
    ::: src/inmemory/population.rs:559:1
     |
 559 | fn current_timestamp() -> u64 {
     | ^^^^^^^^^^^^^^^^^^^^^^^^^^^^^ `crate::inmemory::population::current_timestamp`: not accessible
     |
    ::: src/inmemory/column_store.rs:724:1
     |
 724 | fn current_timestamp() -> u64 {
     | ^^^^^^^^^^^^^^^^^^^^^^^^^^^^^ `crate::inmemory::column_store::current_timestamp`: not accessible
     |
    ::: src/security/audit.rs:756:1
     |
 756 | fn current_timestamp() -> i64 {
     | ^^^^^^^^^^^^^^^^^^^^^^^^^^^^^ `crate::security::audit::current_timestamp`: not accessible
     |
    ::: src/security/authentication.rs:877:1
     |
 877 | fn current_timestamp() -> i64 {
     | ^^^^^^^^^^^^^^^^^^^^^^^^^^^^^ `crate::security::authentication::current_timestamp`: not accessible
     |
    ::: src/security/encryption.rs:712:1
     |
 712 | fn current_timestamp() -> i64 {
     | ^^^^^^^^^^^^^^^^^^^^^^^^^^^^^ `crate::security::encryption::current_timestamp`: not accessible
     |
    ::: src/security/encryption_engine.rs:1093:1
     |
1093 | fn current_timestamp() -> u64 {
     | ^^^^^^^^^^^^^^^^^^^^^^^^^^^^^ `crate::security::encryption_engine::current_timestamp`: not accessible
     |
    ::: src/security/insider_threat.rs:1356:1
     |
1356 | fn current_timestamp() -> i64 {
     | ^^^^^^^^^^^^^^^^^^^^^^^^^^^^^ `crate::security::insider_threat::current_timestamp`: not accessible
     |
    ::: src/security/labels.rs:618:1
     |
 618 | fn current_timestamp() -> i64 {
     | ^^^^^^^^^^^^^^^^^^^^^^^^^^^^^ `crate::security::labels::current_timestamp`: not accessible
     |
    ::: src/security/privileges.rs:797:1
     |
 797 | fn current_timestamp() -> i64 {
     | ^^^^^^^^^^^^^^^^^^^^^^^^^^^^^ `crate::security::privileges::current_timestamp`: not accessible
     |
    ::: src/security/rbac.rs:764:1
     |
 764 | fn current_timestamp() -> i64 {
     | ^^^^^^^^^^^^^^^^^^^^^^^^^^^^^ `crate::security::rbac::current_timestamp`: not accessible
help: consider importing one of these functions
     |
 579 +     use crate::flashback::current_timestamp;
     |
 579 +     use crate::security::security_core::common::current_timestamp;
     |

error[E0425]: cannot find function `current_timestamp` in this scope
    --> src/flashback/transaction.rs:645:24
     |
 645 |             timestamp: current_timestamp(),
     |                        ^^^^^^^^^^^^^^^^^ not found in this scope
     |
note: these functions exist but are inaccessible
    --> src/networking/protocol/handshake.rs:367:1
     |
 367 | fn current_timestamp() -> u64 {
     | ^^^^^^^^^^^^^^^^^^^^^^^^^^^^^ `crate::networking::protocol::handshake::current_timestamp`: not accessible
     |
    ::: src/inmemory/population.rs:559:1
     |
 559 | fn current_timestamp() -> u64 {
     | ^^^^^^^^^^^^^^^^^^^^^^^^^^^^^ `crate::inmemory::population::current_timestamp`: not accessible
     |
    ::: src/inmemory/column_store.rs:724:1
     |
 724 | fn current_timestamp() -> u64 {
     | ^^^^^^^^^^^^^^^^^^^^^^^^^^^^^ `crate::inmemory::column_store::current_timestamp`: not accessible
     |
    ::: src/security/audit.rs:756:1
     |
 756 | fn current_timestamp() -> i64 {
     | ^^^^^^^^^^^^^^^^^^^^^^^^^^^^^ `crate::security::audit::current_timestamp`: not accessible
     |
    ::: src/security/authentication.rs:877:1
     |
 877 | fn current_timestamp() -> i64 {
     | ^^^^^^^^^^^^^^^^^^^^^^^^^^^^^ `crate::security::authentication::current_timestamp`: not accessible
     |
    ::: src/security/encryption.rs:712:1
     |
 712 | fn current_timestamp() -> i64 {
     | ^^^^^^^^^^^^^^^^^^^^^^^^^^^^^ `crate::security::encryption::current_timestamp`: not accessible
     |
    ::: src/security/encryption_engine.rs:1093:1
     |
1093 | fn current_timestamp() -> u64 {
     | ^^^^^^^^^^^^^^^^^^^^^^^^^^^^^ `crate::security::encryption_engine::current_timestamp`: not accessible
     |
    ::: src/security/insider_threat.rs:1356:1
     |
1356 | fn current_timestamp() -> i64 {
     | ^^^^^^^^^^^^^^^^^^^^^^^^^^^^^ `crate::security::insider_threat::current_timestamp`: not accessible
     |
    ::: src/security/labels.rs:618:1
     |
 618 | fn current_timestamp() -> i64 {
     | ^^^^^^^^^^^^^^^^^^^^^^^^^^^^^ `crate::security::labels::current_timestamp`: not accessible
     |
    ::: src/security/privileges.rs:797:1
     |
 797 | fn current_timestamp() -> i64 {
     | ^^^^^^^^^^^^^^^^^^^^^^^^^^^^^ `crate::security::privileges::current_timestamp`: not accessible
     |
    ::: src/security/rbac.rs:764:1
     |
 764 | fn current_timestamp() -> i64 {
     | ^^^^^^^^^^^^^^^^^^^^^^^^^^^^^ `crate::security::rbac::current_timestamp`: not accessible
help: consider importing one of these functions
     |
 579 +     use crate::flashback::current_timestamp;
     |
 579 +     use crate::security::security_core::common::current_timestamp;
     |

error[E0433]: failed to resolve: use of undeclared type `ViewManager`
   --> src/analytics/mod_new.rs:215:23
    |
215 |         let manager = ViewManager::new();
    |                       ^^^^^^^^^^^ use of undeclared type `ViewManager`
    |
help: consider importing this struct
    |
211 +     use crate::analytics::view_management::ViewManager;
    |

error[E0433]: failed to resolve: use of undeclared type `QueryCache`
   --> src/analytics/mod_new.rs:222:21
    |
222 |         let cache = QueryCache::new(100);
    |                     ^^^^^^^^^^ use of undeclared type `QueryCache`
    |
help: consider importing one of these structs
    |
211 +     use crate::analytics::QueryCache;
    |
211 +     use crate::analytics::query_cache_impl::QueryCache;
    |
211 +     use crate::api::QueryCache;
    |

error[E0425]: cannot find function `sleep` in this scope
   --> src/multitenancy/container.rs:958:9
    |
958 |         sleep(Duration::from_millis(200)).await;
    |         ^^^^^ not found in this scope
    |
    = note: function `crate::autonomous::self_healing::tests::sleep` exists but is inaccessible
help: consider importing one of these functions
    |
922 +     use std::thread::sleep;
    |
922 +     use libc::sleep;
    |
922 +     use tokio::time::sleep;
    |

error[E0425]: cannot find function `sleep` in this scope
   --> src/multitenancy/provisioning.rs:829:9
    |
829 |         sleep(Duration::from_secs(2)).await;
    |         ^^^^^ not found in this scope
    |
    = note: function `crate::autonomous::self_healing::tests::sleep` exists but is inaccessible
help: consider importing one of these functions
    |
786 +     use std::thread::sleep;
    |
786 +     use libc::sleep;
    |
786 +     use tokio::time::sleep;
    |

error[E0425]: cannot find function `sleep` in this scope
   --> src/multitenant/relocation.rs:625:9
    |
625 |         sleep(Duration::from_secs(1)).await;
    |         ^^^^^ not found in this scope
    |
    = note: function `crate::autonomous::self_healing::tests::sleep` exists but is inaccessible
help: consider importing one of these functions
    |
612 +     use std::thread::sleep;
    |
612 +     use libc::sleep;
    |
612 +     use tokio::time::sleep;
    |

error[E0425]: cannot find function `sleep` in this scope
   --> src/orchestration/circuit_breaker.rs:582:9
    |
582 |         sleep(Duration::from_millis(150)).await;
    |         ^^^^^ not found in this scope
    |
    = note: function `crate::autonomous::self_healing::tests::sleep` exists but is inaccessible
help: consider importing one of these functions
    |
510 +     use std::thread::sleep;
    |
510 +     use libc::sleep;
    |
510 +     use tokio::time::sleep;
    |

error[E0425]: cannot find function `fromsecs` in crate `check`
   --> src/orchestration/health.rs:659:49
    |
659 |         let checker = HealthChecker::new(check::fromsecs(1), Default::default());
    |                                                 ^^^^^^^^ not found in `check`

error[E0433]: failed to resolve: use of undeclared type `LedgerRow`
   --> src/blockchain/verification.rs:783:19
    |
783 |         let row = LedgerRow::new(
    |                   ^^^^^^^^^ use of undeclared type `LedgerRow`
    |
help: consider importing this struct through its public re-export
    |
775 +     use crate::blockchain::LedgerRow;
    |

error[E0412]: cannot find type `HashSet` in this scope
   --> src/simd/hash.rs:410:52
    |
410 |         let unique_count = hashes.iter().collect::<HashSet<_>>().len();
    |                                                    ^^^^^^^ not found in this scope
    |
    = note: struct `crate::pool::session::state::tests::HashSet` exists but is inaccessible
help: consider importing this struct
    |
348 +     use std::collections::HashSet;
    |

error[E0412]: cannot find type `HashSet` in this scope
   --> src/simd/hash.rs:451:46
    |
451 |         let unique = hashes.iter().collect::<HashSet<_>>();
    |                                              ^^^^^^^ not found in this scope
    |
    = note: struct `crate::pool::session::state::tests::HashSet` exists but is inaccessible
help: consider importing this struct
    |
348 +     use std::collections::HashSet;
    |

error[E0433]: failed to resolve: use of undeclared type `AlertSeverity`
   --> src/api/monitoring/dashboard_api.rs:358:13
    |
358 |             AlertSeverity::Warning,
    |             ^^^^^^^^^^^^^ use of undeclared type `AlertSeverity`
    |
help: consider importing one of these enums
    |
276 +     use crate::advanced_replication::AlertSeverity;
    |
276 +     use crate::api::AlertSeverity;
    |
276 +     use crate::autonomous::AlertSeverity;
    |
276 +     use crate::event_processing::analytics::AlertSeverity;
    |
    = and 3 other candidates

warning: unused import: `std::collections::HashMap`
   --> src/index/partial.rs:589:5
    |
589 | use std::collections::HashMap;
    |     ^^^^^^^^^^^^^^^^^^^^^^^^^
    |
    = note: `#[warn(unused_imports)]` (part of `#[warn(unused)]`) on by default

warning: unused import: `std::collections::HashMap`
   --> src/index/mod.rs:363:5
    |
363 | use std::collections::HashMap;
    |     ^^^^^^^^^^^^^^^^^^^^^^^^^

warning: unused imports: `CompressionLevel` and `Compressor`
  --> src/compression/algorithms/mod.rs:28:30
   |
28 |     use crate::compression::{Compressor, CompressionLevel};
   |                              ^^^^^^^^^^  ^^^^^^^^^^^^^^^^

warning: unused import: `crate::IsolationLevel`
   --> src/transaction/types.rs:501:9
    |
501 |     use crate::IsolationLevel;
    |         ^^^^^^^^^^^^^^^^^^^^^

warning: unused import: `TransactionState`
   --> src/transaction/types.rs:532:49
    |
532 | use crate::transaction::types::{IsolationLevel, TransactionState};
    |                                                 ^^^^^^^^^^^^^^^^

warning: unused import: `crate::transaction::Transaction`
   --> src/transaction/types.rs:533:13
    |
533 |         use crate::transaction::Transaction;
    |             ^^^^^^^^^^^^^^^^^^^^^^^^^^^^^^^

warning: unused import: `std::time::Duration`
   --> src/transaction/error.rs:357:5
    |
357 | use std::time::Duration;
    |     ^^^^^^^^^^^^^^^^^^^

warning: unused import: `std::time::UNIX_EPOCH`
   --> src/transaction/version_store.rs:334:5
    |
334 | use std::time::UNIX_EPOCH;
    |     ^^^^^^^^^^^^^^^^^^^^^

warning: unused import: `std::time::UNIX_EPOCH`
   --> src/transaction/deadlock.rs:399:5
    |
399 | use std::time::UNIX_EPOCH;
    |     ^^^^^^^^^^^^^^^^^^^^^

warning: unused import: `std::time::UNIX_EPOCH`
   --> src/transaction/mvcc.rs:735:5
    |
735 | use std::time::UNIX_EPOCH;
    |     ^^^^^^^^^^^^^^^^^^^^^

warning: unused import: `std::time::Instant`
   --> src/transaction/recovery.rs:746:5
    |
746 | use std::time::Instant;
    |     ^^^^^^^^^^^^^^^^^^

warning: unused import: `std::collections::HashMap`
   --> src/execution/subquery.rs:503:5
    |
503 | use std::collections::HashMap;
    |     ^^^^^^^^^^^^^^^^^^^^^^^^^

warning: unused import: `crate::networking::protocol::handshake::HandshakeRequest`
   --> src/networking/protocol/codec.rs:259:9
    |
259 |     use crate::networking::protocol::handshake::HandshakeRequest;
    |         ^^^^^^^^^^^^^^^^^^^^^^^^^^^^^^^^^^^^^^^^^^^^^^^^^^^^^^^^

warning: unused import: `crate::networking::types::NodeAddress`
   --> src/networking/routing/router.rs:360:9
    |
360 |     use crate::networking::types::NodeAddress;
    |         ^^^^^^^^^^^^^^^^^^^^^^^^^^^^^^^^^^^^^

warning: unused import: `std::time::UNIX_EPOCH`
    --> src/security/memory_hardening.rs:1093:5
     |
1093 | use std::time::UNIX_EPOCH;
     |     ^^^^^^^^^^^^^^^^^^^^^

warning: unused import: `std::thread::sleep`
    --> src/security/circuit_breaker.rs:1459:9
     |
1459 |     use std::thread::sleep;
     |         ^^^^^^^^^^^^^^^^^^

warning: unused import: `std::time::UNIX_EPOCH`
   --> src/backup/manager.rs:698:5
    |
698 | use std::time::UNIX_EPOCH;
    |     ^^^^^^^^^^^^^^^^^^^^^

warning: unused import: `std::time::UNIX_EPOCH`
   --> src/backup/snapshots.rs:602:9
    |
602 |     use std::time::UNIX_EPOCH;
    |         ^^^^^^^^^^^^^^^^^^^^^

warning: unused import: `std::collections::HashMap`
   --> src/backup/mod.rs:290:5
    |
290 | use std::collections::HashMap;
    |     ^^^^^^^^^^^^^^^^^^^^^^^^^

warning: unused import: `crate::flashback::system_time_to_timestamp`
   --> src/analytics/manager.rs:478:9
    |
478 |     use crate::flashback::system_time_to_timestamp;
    |         ^^^^^^^^^^^^^^^^^^^^^^^^^^^^^^^^^^^^^^^^^^

warning: unused import: `std::time::UNIX_EPOCH`
   --> src/analytics/query_rewriter.rs:560:5
    |
560 | use std::time::UNIX_EPOCH;
    |     ^^^^^^^^^^^^^^^^^^^^^

warning: unused import: `std::time::Instant`
   --> src/analytics/query_rewriter.rs:561:5
    |
561 | use std::time::Instant;
    |     ^^^^^^^^^^^^^^^^^^

warning: unused import: `std::time::SystemTime`
   --> src/analytics/query_rewriter.rs:562:5
    |
562 | use std::time::SystemTime;
    |     ^^^^^^^^^^^^^^^^^^^^^

warning: unused import: `std::time::Instant`
   --> src/analytics/quality.rs:694:5
    |
694 | use std::time::Instant;
    |     ^^^^^^^^^^^^^^^^^^

warning: unused import: `std::time::Instant`
   --> src/analytics/sampling.rs:521:5
    |
521 | use std::time::Instant;
    |     ^^^^^^^^^^^^^^^^^^

warning: unused import: `std::time::Instant`
   --> src/analytics/query_statistics.rs:602:5
    |
602 | use std::time::Instant;
    |     ^^^^^^^^^^^^^^^^^^

warning: unused import: `std::time::Instant`
   --> src/analytics/compression.rs:666:5
    |
666 | use std::time::Instant;
    |     ^^^^^^^^^^^^^^^^^^

warning: unused import: `std::time::SystemTime`
   --> src/analytics/cube.rs:617:5
    |
617 | use std::time::SystemTime;
    |     ^^^^^^^^^^^^^^^^^^^^^

warning: unused import: `std::time::Duration`
   --> src/analytics/warehouse.rs:656:5
    |
656 | use std::time::Duration;
    |     ^^^^^^^^^^^^^^^^^^^

warning: unused import: `std::time::UNIX_EPOCH`
   --> src/inmemory/column_store.rs:734:5
    |
734 | use std::time::UNIX_EPOCH;
    |     ^^^^^^^^^^^^^^^^^^^^^

warning: unused import: `std::time::Instant`
   --> src/inmemory/compression.rs:781:5
    |
781 | use std::time::Instant;
    |     ^^^^^^^^^^^^^^^^^^

warning: unused import: `std::time::Instant`
   --> src/inmemory/join_engine.rs:532:5
    |
532 | use std::time::Instant;
    |     ^^^^^^^^^^^^^^^^^^

warning: unused import: `std::time::UNIX_EPOCH`
   --> src/multitenancy/container.rs:923:5
    |
923 | use std::time::UNIX_EPOCH;
    |     ^^^^^^^^^^^^^^^^^^^^^

warning: unused import: `std::time::UNIX_EPOCH`
   --> src/multitenancy/tenant.rs:900:5
    |
900 | use std::time::UNIX_EPOCH;
    |     ^^^^^^^^^^^^^^^^^^^^^

warning: unused import: `std::time::UNIX_EPOCH`
   --> src/multitenant/pdb.rs:821:5
    |
821 | use std::time::UNIX_EPOCH;
    |     ^^^^^^^^^^^^^^^^^^^^^

warning: unused import: `std::time::UNIX_EPOCH`
   --> src/multitenant/tenant.rs:729:5
    |
729 | use std::time::UNIX_EPOCH;
    |     ^^^^^^^^^^^^^^^^^^^^^

warning: unused import: `std::time::UNIX_EPOCH`
   --> src/multitenant/shared.rs:597:5
    |
597 | use std::time::UNIX_EPOCH;
    |     ^^^^^^^^^^^^^^^^^^^^^

warning: unused import: `std::time::UNIX_EPOCH`
    --> src/graph/property_graph.rs:1162:5
     |
1162 | use std::time::UNIX_EPOCH;
     |     ^^^^^^^^^^^^^^^^^^^^^

warning: unused import: `std::time::SystemTime`
    --> src/graph/property_graph.rs:1163:5
     |
1163 | use std::time::SystemTime;
     |     ^^^^^^^^^^^^^^^^^^^^^

warning: unused import: `std::time::Instant`
    --> src/graph/query_engine.rs:1137:5
     |
1137 | use std::time::Instant;
     |     ^^^^^^^^^^^^^^^^^^

warning: unused import: `std::time::UNIX_EPOCH`
   --> src/advanced_replication/gds.rs:676:5
    |
676 | use std::time::UNIX_EPOCH;
    |     ^^^^^^^^^^^^^^^^^^^^^

warning: unused import: `std::time::UNIX_EPOCH`
   --> src/advanced_replication/conflicts.rs:834:5
    |
834 | use std::time::UNIX_EPOCH;
    |     ^^^^^^^^^^^^^^^^^^^^^

warning: unused import: `std::time::UNIX_EPOCH`
   --> src/advanced_replication/monitoring.rs:650:5
    |
650 | use std::time::UNIX_EPOCH;
    |     ^^^^^^^^^^^^^^^^^^^^^

warning: unused import: `std::time::Instant`
   --> src/clustering/failover.rs:252:5
    |
252 | use std::time::Instant;
    |     ^^^^^^^^^^^^^^^^^^

warning: unused import: `std::time::UNIX_EPOCH`
   --> src/rac/mod.rs:739:5
    |
739 | use std::time::UNIX_EPOCH;
    |     ^^^^^^^^^^^^^^^^^^^^^

warning: unused import: `std::collections::HashMap`
   --> src/orchestration/circuit_breaker.rs:511:5
    |
511 | use std::collections::HashMap;
    |     ^^^^^^^^^^^^^^^^^^^^^^^^^

warning: unused import: `std::time::Instant`
   --> src/orchestration/plugin.rs:639:5
    |
639 | use std::time::Instant;
    |     ^^^^^^^^^^^^^^^^^^

warning: unused import: `std::time::UNIX_EPOCH`
   --> src/event_processing/sourcing.rs:711:5
    |
711 | use std::time::UNIX_EPOCH;
    |     ^^^^^^^^^^^^^^^^^^^^^

warning: unused import: `std::time::UNIX_EPOCH`
    --> src/event_processing/windows.rs:1004:5
     |
1004 | use std::time::UNIX_EPOCH;
     |     ^^^^^^^^^^^^^^^^^^^^^

warning: unused import: `std::time::UNIX_EPOCH`
   --> src/ml_engine/model_store.rs:646:5
    |
646 | use std::time::UNIX_EPOCH;
    |     ^^^^^^^^^^^^^^^^^^^^^

warning: unused import: `std::time::Instant`
   --> src/ml_engine/scoring.rs:603:5
    |
603 | use std::time::Instant;
    |     ^^^^^^^^^^^^^^^^^^

warning: unused import: `std::time::Instant`
   --> src/ml_engine/automl.rs:673:5
    |
673 | use std::time::Instant;
    |     ^^^^^^^^^^^^^^^^^^

warning: unused import: `std::collections::HashMap`
   --> src/ml_engine/timeseries.rs:716:5
    |
716 | use std::collections::HashMap;
    |     ^^^^^^^^^^^^^^^^^^^^^^^^^

warning: unused import: `std::time::UNIX_EPOCH`
   --> src/autonomous/self_tuning.rs:882:5
    |
882 | use std::time::UNIX_EPOCH;
    |     ^^^^^^^^^^^^^^^^^^^^^

warning: unused import: `std::time::Duration`
   --> src/autonomous/mod.rs:254:5
    |
254 | use std::time::Duration;
    |     ^^^^^^^^^^^^^^^^^^^

warning: unused import: `std::time::SystemTime`
   --> src/autonomous/mod.rs:255:5
    |
255 | use std::time::SystemTime;
    |     ^^^^^^^^^^^^^^^^^^^^^

warning: unused import: `std::time::UNIX_EPOCH`
   --> src/document_store/document.rs:621:5
    |
621 | use std::time::UNIX_EPOCH;
    |     ^^^^^^^^^^^^^^^^^^^^^

warning: unused import: `std::time::UNIX_EPOCH`
   --> src/document_store/indexing.rs:776:5
    |
776 | use std::time::UNIX_EPOCH;
    |     ^^^^^^^^^^^^^^^^^^^^^

warning: unused import: `std::time::UNIX_EPOCH`
   --> src/document_store/changes.rs:695:5
    |
695 | use std::time::UNIX_EPOCH;
    |     ^^^^^^^^^^^^^^^^^^^^^

warning: unused import: `std::time::SystemTime`
   --> src/optimizer_pro/transformations.rs:759:5
    |
759 | use std::time::SystemTime;
    |     ^^^^^^^^^^^^^^^^^^^^^

warning: unused import: `std::time::SystemTime`
   --> src/optimizer_pro/hints.rs:737:5
    |
737 | use std::time::SystemTime;
    |     ^^^^^^^^^^^^^^^^^^^^^

warning: unused import: `std::collections::VecDeque`
   --> src/resource_manager/io_scheduler.rs:793:5
    |
793 | use std::collections::VecDeque;
    |     ^^^^^^^^^^^^^^^^^^^^^^^^^^

warning: unused import: `std::time::Duration`
   --> src/pool/session/state.rs:430:5
    |
430 | use std::time::Duration;
    |     ^^^^^^^^^^^^^^^^^^^

warning: unused import: `std::time::SystemTime`
   --> src/io/file_manager.rs:740:5
    |
740 | use std::time::SystemTime;
    |     ^^^^^^^^^^^^^^^^^^^^^

warning: unused import: `axum::body::Body`
   --> src/api/rest/middleware.rs:428:9
    |
428 |     use axum::body::Body;
    |         ^^^^^^^^^^^^^^^^

warning: unused import: `std::time::Duration`
   --> src/api/rest/middleware.rs:429:5
    |
429 | use std::time::Duration;
    |     ^^^^^^^^^^^^^^^^^^^

warning: unused import: `std::time::UNIX_EPOCH`
   --> src/api/rest/middleware.rs:430:5
    |
430 | use std::time::UNIX_EPOCH;
    |     ^^^^^^^^^^^^^^^^^^^^^

warning: unused import: `std::collections::HashMap`
   --> src/api/rest/middleware.rs:431:5
    |
431 | use std::collections::HashMap;
    |     ^^^^^^^^^^^^^^^^^^^^^^^^^

warning: unused import: `std::time::UNIX_EPOCH`
   --> src/api/gateway/audit.rs:222:5
    |
222 | use std::time::UNIX_EPOCH;
    |     ^^^^^^^^^^^^^^^^^^^^^

warning: unused import: `IpFilterMode`
   --> src/api/gateway/audit.rs:223:41
    |
223 |     use crate::api::gateway::{IpFilter, IpFilterMode, RbacManager, Role, SlidingWindow, ThreatDetector, TokenBucket};
    |                                         ^^^^^^^^^^^^

error[E0599]: no method named `is_terminal` found for enum `network::distributed::TransactionState` in the current scope
   --> src/transaction/types.rs:512:45
    |
512 |         assert!(TransactionState::Committed.is_terminal());
    |                                             ^^^^^^^^^^^ method not found in `network::distributed::TransactionState`
    |
   ::: src/network/distributed.rs:559:1
    |
559 | pub enum TransactionState {
    | ------------------------- method `is_terminal` not found for this enum
    |
    = help: items from traits can only be used if the trait is implemented and in scope
    = note: the following traits define an item `is_terminal`, perhaps you need to implement one of them:
            candidate #1: `IsTerminal`
            candidate #2: `anstream::stream::IsTerminal`
            candidate #3: `is_terminal::IsTerminal`
            candidate #4: `is_terminal_polyfill::IsTerminal`

error[E0599]: no method named `is_terminal` found for enum `network::distributed::TransactionState` in the current scope
   --> src/transaction/types.rs:513:43
    |
513 |         assert!(TransactionState::Aborted.is_terminal());
    |                                           ^^^^^^^^^^^ method not found in `network::distributed::TransactionState`
    |
   ::: src/network/distributed.rs:559:1
    |
559 | pub enum TransactionState {
    | ------------------------- method `is_terminal` not found for this enum
    |
    = help: items from traits can only be used if the trait is implemented and in scope
    = note: the following traits define an item `is_terminal`, perhaps you need to implement one of them:
            candidate #1: `IsTerminal`
            candidate #2: `anstream::stream::IsTerminal`
            candidate #3: `is_terminal::IsTerminal`
            candidate #4: `is_terminal_polyfill::IsTerminal`

error[E0599]: no method named `is_terminal` found for enum `network::distributed::TransactionState` in the current scope
   --> src/transaction/types.rs:514:43
    |
514 |         assert!(!TransactionState::Active.is_terminal());
    |                                           ^^^^^^^^^^^ method not found in `network::distributed::TransactionState`
    |
   ::: src/network/distributed.rs:559:1
    |
559 | pub enum TransactionState {
    | ------------------------- method `is_terminal` not found for this enum
    |
    = help: items from traits can only be used if the trait is implemented and in scope
    = note: the following traits define an item `is_terminal`, perhaps you need to implement one of them:
            candidate #1: `IsTerminal`
            candidate #2: `anstream::stream::IsTerminal`
            candidate #3: `is_terminal::IsTerminal`
            candidate #4: `is_terminal_polyfill::IsTerminal`

error[E0308]: mismatched types
   --> src/transaction/types.rs:538:35
    |
538 |             assert_eq!(txn.state, TransactionState::Active);
    |                                   ^^^^^^^^^^^^^^^^^^^^^^^^ expected `transaction::types::TransactionState`, found `network::distributed::TransactionState`
    |
    = note: `network::distributed::TransactionState` and `transaction::types::TransactionState` have similar names, but are actually distinct types
note: `network::distributed::TransactionState` is defined in module `crate::network::distributed` of the current crate
   --> src/network/distributed.rs:559:1
    |
559 | pub enum TransactionState {
    | ^^^^^^^^^^^^^^^^^^^^^^^^^
note: `transaction::types::TransactionState` is defined in module `crate::transaction::types` of the current crate
   --> src/transaction/types.rs:82:1
    |
 82 | pub enum TransactionState {
    | ^^^^^^^^^^^^^^^^^^^^^^^^^

error[E0027]: pattern does not mention field `or_replace`
   --> src/parser/mod.rs:557:13
    |
557 |             SqlStatement::CreateView { name, query } => {
    |             ^^^^^^^^^^^^^^^^^^^^^^^^^^^^^^^^^^^^^^^^ missing field `or_replace`
    |
help: include the missing field in the pattern
    |
557 |             SqlStatement::CreateView { name, query, or_replace } => {
    |                                                   ++++++++++++
help: if you don't care about this missing field, you can explicitly ignore it
    |
557 |             SqlStatement::CreateView { name, query, or_replace: _ } => {
    |                                                   +++++++++++++++
help: or always ignore missing fields here
    |
557 |             SqlStatement::CreateView { name, query, .. } => {
    |                                                   ++++

error[E0063]: missing fields `distinct` and `offset` in initializer of `parser::SqlStatement`
   --> src/execution/planner.rs:222:20
    |
222 |         let stmt = SqlStatement::Select {
    |                    ^^^^^^^^^^^^^^^^^^^^ missing `distinct` and `offset`

error[E0599]: no associated item named `V1_0_0` found for struct `advanced_protocol::ProtocolVersion` in the current scope
  --> src/network/advanced_protocol/errors.rs:93:41
   |
93 |             let v1_0 = ProtocolVersion::V1_0_0;
   |                                         ^^^^^^ associated item not found in `advanced_protocol::ProtocolVersion`
   |
  ::: src/network/advanced_protocol/mod.rs:29:1
   |
29 | pub struct ProtocolVersion {
   | -------------------------- associated item `V1_0_0` not found for this struct

error[E0599]: no associated item named `V1_1_0` found for struct `advanced_protocol::ProtocolVersion` in the current scope
  --> src/network/advanced_protocol/errors.rs:94:41
   |
94 |             let v1_1 = ProtocolVersion::V1_1_0;
   |                                         ^^^^^^ associated item not found in `advanced_protocol::ProtocolVersion`
   |
  ::: src/network/advanced_protocol/mod.rs:29:1
   |
29 | pub struct ProtocolVersion {
   | -------------------------- associated item `V1_1_0` not found for this struct

error[E0599]: no associated item named `V2_0_0` found for struct `advanced_protocol::ProtocolVersion` in the current scope
  --> src/network/advanced_protocol/errors.rs:95:41
   |
95 |             let v2_0 = ProtocolVersion::V2_0_0;
   |                                         ^^^^^^ associated item not found in `advanced_protocol::ProtocolVersion`
   |
  ::: src/network/advanced_protocol/mod.rs:29:1
   |
29 | pub struct ProtocolVersion {
   | -------------------------- associated item `V2_0_0` not found for this struct

error[E0308]: mismatched types
   --> src/network/advanced_protocol/errors.rs:106:60
    |
106 |             let packet = Packet::new(&&MessageType::Query, payload);
    |                          -----------                       ^^^^^^^ expected `Vec<u8>`, found `Bytes`
    |                          |
    |                          arguments to this function are incorrect
    |
    = note: expected struct `Vec<u8>`
               found struct `bytes::Bytes`
note: associated function defined here
   --> src/network/advanced_protocol/mod.rs:67:23
    |
 67 |         pub(crate) fn new(_p0: &&MessageType, _p1: Vec<u8>) -> &'a &'a Packet {
    |                       ^^^                     ------------
help: try using a conversion method
    |
106 |             let packet = Packet::new(&&MessageType::Query, payload.to_vec());
    |                                                                   +++++++++

error[E0599]: no method named `verify_checksum` found for reference `&&Packet` in the current scope
   --> src/network/advanced_protocol/errors.rs:107:28
    |
107 |             assert!(packet.verify_checksum());
    |                            ^^^^^^^^^^^^^^^ method not found in `&&Packet`

error[E0277]: `()` is not a future
    --> src/security/circuit_breaker.rs:1503:70
     |
1503 |                 tokio::time::sleep(Duration::from_millis(100)).await.await;
     |                                                                      ^^^^^ `()` is not a future
     |
     = help: the trait `futures::Future` is not implemented for `()`
     = note: () must be a future or must implement `IntoFuture` to be awaited
     = note: required for `()` to implement `std::future::IntoFuture`
help: remove the `.await`
     |
1503 -                 tokio::time::sleep(Duration::from_millis(100)).await.await;
1503 +                 tokio::time::sleep(Duration::from_millis(100)).await;
     |

error[E0277]: `()` is not a future
    --> src/security/circuit_breaker.rs:1510:70
     |
1510 |                 tokio::time::sleep(Duration::from_millis(100)).await.await;
     |                                                                      ^^^^^ `()` is not a future
     |
     = help: the trait `futures::Future` is not implemented for `()`
     = note: () must be a future or must implement `IntoFuture` to be awaited
     = note: required for `()` to implement `std::future::IntoFuture`
help: remove the `.await`
     |
1510 -                 tokio::time::sleep(Duration::from_millis(100)).await.await;
1510 +                 tokio::time::sleep(Duration::from_millis(100)).await;
     |

error[E0277]: `()` is not a future
    --> src/security/circuit_breaker.rs:1516:61
     |
1516 |         tokio::time::sleep(Duration::from_millis(10)).await.await;
     |                                                             ^^^^^ `()` is not a future
     |
     = help: the trait `futures::Future` is not implemented for `()`
     = note: () must be a future or must implement `IntoFuture` to be awaited
     = note: required for `()` to implement `std::future::IntoFuture`
help: remove the `.await`
     |
1516 -         tokio::time::sleep(Duration::from_millis(10)).await.await;
1516 +         tokio::time::sleep(Duration::from_millis(10)).await;
     |

error[E0063]: missing field `num_values` in initializer of `analytics::statistics::ColumnStatistics`
   --> src/analytics/statistics.rs:485:21
    |
485 |         let stats = ColumnStatistics {
    |                     ^^^^^^^^^^^^^^^^ missing `num_values`

error[E0560]: struct `catalog::Column` has no field named `default_value`
   --> src/analytics/view_management.rs:205:27
    |
205 |                           default_value: None,
    |                           ^^^^^^^^^^^^^ `catalog::Column` does not have this field
    |
    = note: all struct fields are already assigned

error[E0609]: no field `max_workers` on type `parallel_query::WorkerPool`
    --> src/rac/parallel_query.rs:1021:25
     |
1021 |         assert_eq!(pool.max_workers, 4);
     |                         ^^^^^^^^^^^ unknown field
     |
help: a field with a similar name exists
     |
1021 |         assert_eq!(pool._max_workers, 4);
     |                         +

error[E0308]: mismatched types
    --> src/performance/mod.rs:1813:25
     |
1813 |             created_at: (),
     |                         ^^ expected `SystemTime`, found `()`

error[E0308]: mismatched types
    --> src/performance/mod.rs:1802:54
     |
1802 |           governor.create_group("default".to_string(), ResourceGroup {
     |  __________________------------________________________^
     | |                  |
     | |                  arguments to this method are incorrect
1803 | |             name: "".to_string(),
1804 | |             priority: 0,
1805 | |             limits: Default::default(),
...    |
1813 | |             created_at: (),
1814 | |         }).unwrap();
     | |_________^ expected `performance::ResourceGroup`, found `ResourceGroup`
     |
     = note: `ResourceGroup` and `performance::ResourceGroup` have similar names, but are actually distinct types
note: `ResourceGroup` is defined in module `crate::monitoring::resource_manager` of the current crate
    --> src/monitoring/resource_manager.rs:102:1
     |
 102 | pub struct ResourceGroup {
     | ^^^^^^^^^^^^^^^^^^^^^^^^
note: `performance::ResourceGroup` is defined in module `crate::performance` of the current crate
    --> src/performance/mod.rs:1633:1
     |
1633 | pub struct ResourceGroup {
     | ^^^^^^^^^^^^^^^^^^^^^^^^
note: method defined here
    --> src/performance/mod.rs:1596:12
     |
1596 |     pub fn create_group(&self, name: String, limits: ResourceGroup) -> Result<()> {
     |            ^^^^^^^^^^^^                      ---------------------

error[E0277]: `()` is not a future
   --> src/orchestration/actor.rs:690:42
    |
690 |         sleep(Duration::from_millis(50)).await;
    |         -------------------------------- ^^^^^ `()` is not a future
    |         |
    |         this call returns `()`
    |
    = help: the trait `futures::Future` is not implemented for `()`
    = note: () must be a future or must implement `IntoFuture` to be awaited
    = note: required for `()` to implement `std::future::IntoFuture`
help: remove the `.await`
    |
690 -         sleep(Duration::from_millis(50)).await;
690 +         sleep(Duration::from_millis(50));
    |

error[E0277]: `()` is not a future
   --> src/orchestration/actor.rs:732:42
    |
732 |         sleep(Duration::from_millis(50)).await;
    |         -------------------------------- ^^^^^ `()` is not a future
    |         |
    |         this call returns `()`
    |
    = help: the trait `futures::Future` is not implemented for `()`
    = note: () must be a future or must implement `IntoFuture` to be awaited
    = note: required for `()` to implement `std::future::IntoFuture`
help: remove the `.await`
    |
732 -         sleep(Duration::from_millis(50)).await;
732 +         sleep(Duration::from_millis(50));
    |

error[E0433]: failed to resolve: use of unresolved module or unlinked crate `check1`
   --> src/orchestration/health.rs:678:52
    |
678 |         let checker1 = Arc::new(HealthChecker::new(check1::from_secs(1), Default::default()));
    |                                                    ^^^^^^ use of unresolved module or unlinked crate `check1`
    |
help: there is a crate or module with a similar name
    |
678 -         let checker1 = Arc::new(HealthChecker::new(check1::from_secs(1), Default::default()));
678 +         let checker1 = Arc::new(HealthChecker::new(check::from_secs(1), Default::default()));
    |

error[E0433]: failed to resolve: use of unresolved module or unlinked crate `check2`
   --> src/orchestration/health.rs:679:52
    |
679 |         let checker2 = Arc::new(HealthChecker::new(check2::from_secs(1), Default::default()));
    |                                                    ^^^^^^ use of unresolved module or unlinked crate `check2`
    |
help: there is a crate or module with a similar name
    |
679 -         let checker2 = Arc::new(HealthChecker::new(check2::from_secs(1), Default::default()));
679 +         let checker2 = Arc::new(HealthChecker::new(check::from_secs(1), Default::default()));
    |

error[E0624]: associated function `new` is private
   --> src/api/gateway/audit.rs:227:39
    |
227 |         let mut bucket = TokenBucket::new();
    |                                       ^^^ private associated function
    |
   ::: src/api/gateway/ratelimit.rs:204:5
    |
204 |     fn new(capacity: u64, refill_rate: f64) -> Self {
    |     ----------------------------------------------- private associated function defined here

error[E0061]: this function takes 2 arguments but 0 arguments were supplied
   --> src/api/gateway/audit.rs:227:26
    |
227 |         let mut bucket = TokenBucket::new();
    |                          ^^^^^^^^^^^^^^^^-- two arguments of type `u64` and `f64` are missing
    |
note: associated function defined here
   --> src/api/gateway/ratelimit.rs:204:8
    |
204 |     fn new(capacity: u64, refill_rate: f64) -> Self {
    |        ^^^ -------------  ----------------
help: provide the arguments
    |
227 |         let mut bucket = TokenBucket::new(/* u64 */, /* f64 */);
    |                                           ++++++++++++++++++++

error[E0624]: associated function `new` is private
   --> src/api/gateway/audit.rs:240:41
    |
240 |         let mut window = SlidingWindow::new();
    |                                         ^^^ private associated function
    |
   ::: src/api/gateway/ratelimit.rs:238:5
    |
238 |     fn new(window_size: u64, max_requests: u64) -> Self {
    |     --------------------------------------------------- private associated function defined here

error[E0061]: this function takes 2 arguments but 0 arguments were supplied
   --> src/api/gateway/audit.rs:240:26
    |
240 |         let mut window = SlidingWindow::new();
    |                          ^^^^^^^^^^^^^^^^^^-- two arguments of type `u64` and `u64` are missing
    |
note: associated function defined here
   --> src/api/gateway/ratelimit.rs:238:8
    |
238 |     fn new(window_size: u64, max_requests: u64) -> Self {
    |        ^^^ ----------------  -----------------
help: provide the arguments
    |
240 |         let mut window = SlidingWindow::new(/* u64 */, /* u64 */);
    |                                             ++++++++++++++++++++

error[E0624]: associated function `new` is private
   --> src/api/gateway/audit.rs:253:40
    |
253 |         let detector = ThreatDetector::new();
    |                                        ^^^ private associated function
    |
   ::: src/api/gateway/security.rs:172:5
    |
172 |     fn new() -> Self {
    |     ---------------- private associated function defined here

error[E0624]: associated function `new` is private
   --> src/api/gateway/audit.rs:270:32
    |
270 |         let filter = IpFilter::new();
    |                                ^^^ private associated function
    |
   ::: src/api/gateway/security.rs:260:5
    |
260 |     fn new(mode: IpFilterMode) -> Self {
    |     ---------------------------------- private associated function defined here

error[E0061]: this function takes 1 argument but 0 arguments were supplied
   --> src/api/gateway/audit.rs:270:22
    |
270 |         let filter = IpFilter::new();
    |                      ^^^^^^^^^^^^^-- argument #1 of type `gateway::security::IpFilterMode` is missing
    |
note: associated function defined here
   --> src/api/gateway/security.rs:260:8
    |
260 |     fn new(mode: IpFilterMode) -> Self {
    |        ^^^ ------------------
help: provide the argument
    |
270 |         let filter = IpFilter::new(/* gateway::security::IpFilterMode */);
    |                                    +++++++++++++++++++++++++++++++++++++

error[E0624]: associated function `new` is private
   --> src/api/gateway/audit.rs:285:33
    |
285 |         let rbac = RbacManager::new();
    |                                 ^^^ private associated function
    |
   ::: src/api/gateway/authz.rs:177:5
    |
177 |     fn new() -> Self {
    |     ---------------- private associated function defined here

warning: unused variable: `frames`
   --> src/buffer/eviction.rs:901:13
    |
901 |         let frames = create_test_frames(10);
    |             ^^^^^^ help: if this is intentional, prefix it with an underscore: `_frames`
    |
    = note: `#[warn(unused_variables)]` (part of `#[warn(unused)]`) on by default

warning: unused variable: `guard`
   --> src/buffer/page_cache.rs:756:17
    |
756 |             let guard = FrameGuard::new(frame.clone());
    |                 ^^^^^ help: if this is intentional, prefix it with an underscore: `_guard`

warning: unused variable: `frames`
   --> src/buffer/arc.rs:496:13
    |
496 |         let frames = create_test_frames(10);
    |             ^^^^^^ help: if this is intentional, prefix it with an underscore: `_frames`

warning: unused variable: `frames`
   --> src/buffer/arc.rs:517:13
    |
517 |         let frames = create_test_frames(10);
    |             ^^^^^^ help: if this is intentional, prefix it with an underscore: `_frames`

warning: unused variable: `frames`
   --> src/buffer/arc.rs:582:13
    |
582 |         let frames = create_test_frames(20);
    |             ^^^^^^ help: if this is intentional, prefix it with an underscore: `_frames`

warning: unused variable: `frames`
   --> src/buffer/lirs.rs:533:13
    |
533 |         let frames = create_test_frames(10);
    |             ^^^^^^ help: if this is intentional, prefix it with an underscore: `_frames`

warning: unused variable: `frames`
   --> src/buffer/lirs.rs:548:13
    |
548 |         let frames = create_test_frames(10);
    |             ^^^^^^ help: if this is intentional, prefix it with an underscore: `_frames`

warning: unused variable: `frames`
   --> src/buffer/lirs.rs:567:13
    |
567 |         let frames = create_test_frames(10);
    |             ^^^^^^ help: if this is intentional, prefix it with an underscore: `_frames`

warning: unused variable: `frames`
   --> src/buffer/lirs.rs:586:13
    |
586 |         let frames = create_test_frames(20);
    |             ^^^^^^ help: if this is intentional, prefix it with an underscore: `_frames`

warning: unused variable: `guard`
   --> src/buffer/lockfree_latch.rs:536:17
    |
536 |             let guard = WriteGuard::new(&latch);
    |                 ^^^^^ help: if this is intentional, prefix it with an underscore: `_guard`

warning: unused variable: `guard`
   --> src/buffer/lockfree_latch.rs:590:25
    |
590 |                     let guard = WriteGuard::new(&latch_clone);
    |                         ^^^^^ help: if this is intentional, prefix it with an underscore: `_guard`

warning: unused variable: `guard`
   --> src/buffer/lockfree_latch.rs:609:13
    |
609 |         let guard = WriteGuard::new(&latch);
    |             ^^^^^ help: if this is intentional, prefix it with an underscore: `_guard`

warning: unused variable: `guard`
   --> src/buffer/mod.rs:507:17
    |
507 |             let guard = FrameGuard::new(frame.clone());
    |                 ^^^^^ help: if this is intentional, prefix it with an underscore: `_guard`

warning: unused variable: `data`
   --> src/buffer/mod.rs:553:17
    |
553 |             let data = guard.write_data();
    |                 ^^^^ help: if this is intentional, prefix it with an underscore: `_data`

error[E0502]: cannot borrow `block.row_directory` as immutable because it is also borrowed as mutable
   --> src/compression/oltp.rs:605:43
    |
605 |         compressor.update_row(&mut block, block.row_directory[0].row_id, new_row.clone()).unwrap();
    |                    ---------- ----------  ^^^^^^^^^^^^^^^^^^^ immutable borrow occurs here
    |                    |          |
    |                    |          mutable borrow occurs here
    |                    mutable borrow later used by call

warning: unused variable: `txn1`
   --> src/transaction/manager.rs:418:13
    |
418 |         let txn1 = tm.begin().unwrap();
    |             ^^^^
    |
help: if this is intentional, prefix it with an underscore
    |
418 |         let _txn1 = tm.begin().unwrap();
    |             +
help: you might have meant to pattern match on the similarly named constant `PRIME2`
    |
418 -         let txn1 = tm.begin().unwrap();
418 +         let simd::hash::wyhash::PRIME2 = tm.begin().unwrap();
    |

warning: unused variable: `txn2`
   --> src/transaction/manager.rs:419:13
    |
419 |         let txn2 = tm.begin().unwrap();
    |             ^^^^
    |
help: if this is intentional, prefix it with an underscore
    |
419 |         let _txn2 = tm.begin().unwrap();
    |             +
help: you might have meant to pattern match on the similarly named constant `PRIME2`
    |
419 -         let txn2 = tm.begin().unwrap();
419 +         let simd::hash::wyhash::PRIME2 = tm.begin().unwrap();
    |

warning: unused variable: `ts1`
   --> src/transaction/mvcc.rs:798:13
    |
798 |         let ts1 = si.begin_transaction(1, false);
    |             ^^^ help: if this is intentional, prefix it with an underscore: `_ts1`

warning: unused variable: `ts2`
   --> src/transaction/mvcc.rs:801:13
    |
801 |         let ts2 = si.begin_transaction(2, false);
    |             ^^^ help: if this is intentional, prefix it with an underscore: `_ts2`

warning: unused variable: `min_lsn`
   --> src/transaction/recovery.rs:778:14
    |
778 |         let (min_lsn, undo_list) = recovery.analysis_phase().await.unwrap();
    |              ^^^^^^^
    |
help: if this is intentional, prefix it with an underscore
    |
778 |         let (_min_lsn, undo_list) = recovery.analysis_phase().await.unwrap();
    |              +
help: you might have meant to pattern match on the similarly named constant `PRIME2`
    |
778 -         let (min_lsn, undo_list) = recovery.analysis_phase().await.unwrap();
778 +         let (simd::hash::wyhash::PRIME2, undo_list) = recovery.analysis_phase().await.unwrap();
    |

warning: variable does not need to be mutable
   --> src/execution/string_functions.rs:695:13
    |
695 |         let mut executor = StringFunctionExecutor::new();
    |             ----^^^^^^^^
    |             |
    |             help: remove this `mut`
    |
    = note: `#[warn(unused_mut)]` (part of `#[warn(unused)]`) on by default

warning: unused variable: `cap3`
   --> src/networking/protocol/handshake.rs:435:13
    |
435 |         let cap3 = NodeCapabilities {
    |             ^^^^ help: if this is intentional, prefix it with an underscore: `_cap3`

error: captured variable cannot escape `FnMut` closure body
   --> src/networking/loadbalancer/retry.rs:418:25
    |
416 |           let mut attempts = 0;
    |               ------------ variable defined here
417 |           let result = policy
418 |               .execute(|| async {
    |  _______________________-_^
    | |                       |
    | |                       inferred to be a `FnMut` closure
419 | |                 attempts += 1;
    | |                 -------- variable captured here
420 | |                 if attempts < 2 {
421 | |                     Err(DbError::Network("Transient error".to_string()))
...   |
425 | |             })
    | |_____________^ returns an `async` block that contains a reference to a captured variable, which then escapes the closure body
    |
    = note: `FnMut` closures only have access to their captured variables while they are executing...
    = note: ...therefore, they cannot allow references to captured variables to escape

error: captured variable cannot escape `FnMut` closure body
   --> src/networking/loadbalancer/retry.rs:438:25
    |
436 |           let mut attempts = 0;
    |               ------------ variable defined here
437 |           let result = policy
438 |               .execute(|| async {
    |  _______________________-_^
    | |                       |
    | |                       inferred to be a `FnMut` closure
439 | |                 attempts += 1;
    | |                 -------- variable captured here
440 | |                 Err::<(), _>(DbError::Network("Persistent error".to_string()))
441 | |             })
    | |_____________^ returns an `async` block that contains a reference to a captured variable, which then escapes the closure body
    |
    = note: `FnMut` closures only have access to their captured variables while they are executing...
    = note: ...therefore, they cannot allow references to captured variables to escape

error: captured variable cannot escape `FnMut` closure body
   --> src/networking/loadbalancer/retry.rs:487:25
    |
485 |           let mut attempts = 0;
    |               ------------ variable defined here
486 |           let result = policy
487 |               .execute(|| async {
    |  _______________________-_^
    | |                       |
    | |                       inferred to be a `FnMut` closure
488 | |                 attempts += 1;
    | |                 -------- variable captured here
489 | |                 Err::<(), _>(DbError::Network("Error".to_string()))
490 | |             })
    | |_____________^ returns an `async` block that contains a reference to a captured variable, which then escapes the closure body
    |
    = note: `FnMut` closures only have access to their captured variables while they are executing...
    = note: ...therefore, they cannot allow references to captured variables to escape

